#
# A fatal error has been detected by the Java Runtime Environment:
#
#  EXCEPTION_ACCESS_VIOLATION (0xc0000005) at pc=0x00007ffa11804880, pid=2724, tid=2380
#
# JRE version: OpenJDK Runtime Environment (11.0.12+7) (build 11.0.12+7-b1504.28-7817840)
# Java VM: OpenJDK 64-Bit Server VM (11.0.12+7-b1504.28-7817840, mixed mode, tiered, compressed oops, g1 gc, windows-amd64)
# Problematic frame:
# V  [jvm.dll+0x2e4880]
#
# No core dump will be written. Minidumps are not enabled by default on client versions of Windows
#
# If you would like to submit a bug report, please visit:
#   https://bugreport.java.com/bugreport/crash.jsp
#

---------------  S U M M A R Y ------------

Command Line: --add-opens=java.base/java.util=ALL-UNNAMED --add-opens=java.base/java.lang=ALL-UNNAMED --add-opens=java.base/java.lang.invoke=ALL-UNNAMED --add-opens=java.base/java.util=ALL-UNNAMED --add-opens=java.prefs/java.util.prefs=ALL-UNNAMED --add-opens=java.prefs/java.util.prefs=ALL-UNNAMED --add-opens=java.base/java.nio.charset=ALL-UNNAMED --add-opens=java.base/java.net=ALL-UNNAMED --add-opens=java.base/java.util.concurrent.atomic=ALL-UNNAMED -Xmx2048m -Dfile.encoding=UTF-8 -Duser.country=RU -Duser.language=ru -Duser.variant org.gradle.launcher.daemon.bootstrap.GradleDaemon 7.3.3

Host: Intel(R) Core(TM) i5-2410M CPU @ 2.30GHz, 4 cores, 3G,  Windows 10 , 64 bit Build 17763 (10.0.17763.3887)
Time: Fri Mar 24 12:32:01 2023 Oaio?aeuiay Acey (ceia) elapsed time: 34.944542 seconds (0d 0h 0m 34s)

---------------  T H R E A D  ---------------

Current thread (0x0000016774911000):  ConcurrentGCThread "G1 Conc#0" [stack: 0x0000003ea2f00000,0x0000003ea3000000] [id=2380]

Stack: [0x0000003ea2f00000,0x0000003ea3000000],  sp=0x0000003ea2fff100,  free space=1020k
Native frames: (J=compiled Java code, j=interpreted, Vv=VM code, C=native code)
V  [jvm.dll+0x2e4880]
V  [jvm.dll+0x2e7d27]
V  [jvm.dll+0x2e9b0b]
V  [jvm.dll+0x2eb6db]
V  [jvm.dll+0x2ea2f9]
V  [jvm.dll+0x2ee636]
V  [jvm.dll+0x757cd0]
V  [jvm.dll+0x6f26a5]
V  [jvm.dll+0x5fabf6]
C  [ucrtbase.dll+0x2268a]
C  [KERNEL32.DLL+0x17ad4]
C  [ntdll.dll+0x5a371]


siginfo: EXCEPTION_ACCESS_VIOLATION (0xc0000005), reading address 0x0000000446748088


Register to memory mapping:

RIP=0x00007ffa11804880 jvm.dll
RAX=0x0000000088ce9000 is pointing into object: java.util.concurrent.ConcurrentHashMap$Node 
{0x0000000088ce8ff0} - klass: 'java/util/concurrent/ConcurrentHashMap$Node'
RBX=0x00000167749132e0 points into unknown readable memory: 0x00007ffa11d50300 | 00 03 d5 11 fa 7f 00 00
RCX=0x0000000000000003 is an unknown value
RDX=0x0000000446748080 is an unknown value
RSP=0x0000003ea2fff100 points into unknown readable memory: 0x0000000000000003 | 03 00 00 00 00 00 00 00
RBP=0x00000000011a0000 is an unknown value
RSI=0x0000003ea2fff230 points into unknown readable memory: 0x0000016774906c40 | 40 6c 90 74 67 01 00 00
RDI=0x0000000088ce9000 is pointing into object: java.util.concurrent.ConcurrentHashMap$Node 
{0x0000000088ce8ff0} - klass: 'java/util/concurrent/ConcurrentHashMap$Node'
R8 =0x0000000000000001 is an unknown value
R9 =0x0 is NULL
R10=0x0000000000046800 is an unknown value
R11=0x000001677cd70000 points into unknown readable memory: 0x20a0001221020901 | 01 09 02 21 12 00 a0 20
R12=0x000000000000000c is an unknown value
R13=0xaaaaaaaaaaaaaaab is an unknown value
R14=0x0000016774911801 points into unknown readable memory: 00 00 00 00 00 00 00
R15=0x0000003ea2fff230 points into unknown readable memory: 0x0000016774906c40 | 40 6c 90 74 67 01 00 00


Registers:
RAX=0x0000000088ce9000, RBX=0x00000167749132e0, RCX=0x0000000000000003, RDX=0x0000000446748080
RSP=0x0000003ea2fff100, RBP=0x00000000011a0000, RSI=0x0000003ea2fff230, RDI=0x0000000088ce9000
R8 =0x0000000000000001, R9 =0x0000000000000000, R10=0x0000000000046800, R11=0x000001677cd70000
R12=0x000000000000000c, R13=0xaaaaaaaaaaaaaaab, R14=0x0000016774911801, R15=0x0000003ea2fff230
RIP=0x00007ffa11804880, EFLAGS=0x0000000000010202

Top of Stack: (sp=0x0000003ea2fff100)
0x0000003ea2fff100:   0000000000000003 0000000088ce39c8
0x0000003ea2fff110:   0000000088ce39b8 0000000000000000
0x0000003ea2fff120:   0000000088ce39c8 00007ffa11807d27
0x0000003ea2fff130:   00000167749132e0 00000000011a0000
0x0000003ea2fff140:   0000003ea2fff230 00007ffa11b15bfc
0x0000003ea2fff150:   0000000088ce9000 00007ffa11809b0b
0x0000003ea2fff160:   000000000119d200 0000003ea2fff230
0x0000003ea2fff170:   0000000088c04410 000000000119c739
0x0000003ea2fff180:   0000016774906c90 00007ffa1180b6db
0x0000003ea2fff190:   0000000088ce9000 000000000119c739
0x0000003ea2fff1a0:   0000000088ce9000 000000000004c4b4
0x0000003ea2fff1b0:   0000000000000000 0000016774911801
0x0000003ea2fff1c0:   0000000000000001 00007ffa1180a2f9
0x0000003ea2fff1d0:   0000000000000555 0000003ea2fff2a9
0x0000003ea2fff1e0:   0000000000000000 00000167749132e0
0x0000003ea2fff1f0:   0000000088c00000 0000000000020000 

Instructions: (pc=0x00007ffa11804880)
0x00007ffa11804780:   48 89 5c 24 08 48 89 6c 24 10 48 89 74 24 18 57
0x00007ffa11804790:   41 56 41 57 48 83 ec 20 4c 8b 74 24 68 45 0f b6
0x00007ffa118047a0:   f9 41 0f b6 e8 48 8b f2 48 8b d9 41 c6 06 01 48
0x00007ffa118047b0:   3b 15 aa 69 72 00 77 15 48 8b 89 60 03 00 00 48
0x00007ffa118047c0:   83 c1 10 e8 78 8d ff ff 48 8b f8 eb 2e e8 3e c5
0x00007ffa118047d0:   ff ff 48 8b f8 48 85 c0 74 21 48 8b 8b e0 04 00
0x00007ffa118047e0:   00 48 8d 15 00 a3 54 00 45 33 c0 e8 40 3e 02 00
0x00007ffa118047f0:   84 c0 74 07 c6 83 b5 04 00 00 01 48 85 ff 74 05
0x00007ffa11804800:   48 8b c7 eb 28 48 8b d6 48 8b cb e8 e0 be ff ff
0x00007ffa11804810:   48 85 c0 75 18 40 84 ed 74 11 45 0f b6 c7 33 d2
0x00007ffa11804820:   48 8b cb e8 58 a8 ff ff 41 88 06 33 c0 48 8b 5c
0x00007ffa11804830:   24 40 48 8b 6c 24 48 48 8b 74 24 50 48 83 c4 20
0x00007ffa11804840:   41 5f 41 5e 5f c3 cc cc cc cc cc cc cc cc cc cc
0x00007ffa11804850:   48 83 ec 28 44 0f b6 05 7c 78 72 00 48 8b c1 8b
0x00007ffa11804860:   0d 73 e5 6d 00 4c 8b 0d 64 e5 6d 00 45 84 c0 74
0x00007ffa11804870:   0b 8b 50 08 48 d3 e2 49 03 d1 eb 04 48 8b 50 08
0x00007ffa11804880:   81 7a 08 00 00 00 c0 7d 2f 45 84 c0 74 0b 8b 50
0x00007ffa11804890:   08 48 d3 e2 49 03 d1 eb 04 48 8b 50 08 48 8b c8
0x00007ffa118048a0:   e8 db d1 ea ff 48 63 c8 48 81 f9 00 10 00 00 72
0x00007ffa118048b0:   07 b0 01 48 83 c4 28 c3 32 c0 48 83 c4 28 c3 cc
0x00007ffa118048c0:   83 fa 05 74 29 83 fa 1a 74 21 85 d2 74 15 83 fa
0x00007ffa118048d0:   09 74 18 0f b6 05 73 77 72 00 33 c9 83 fa 1b 0f
0x00007ffa118048e0:   45 c1 c3 0f b6 05 63 77 72 00 c3 b0 01 c3 0f b6
0x00007ffa118048f0:   05 59 77 72 00 c3 cc cc cc cc cc cc cc cc cc cc
0x00007ffa11804900:   48 89 5c 24 08 57 48 83 ec 50 48 8b f9 48 8b da
0x00007ffa11804910:   48 8b 89 60 03 00 00 e8 34 cd fe ff 48 8d 8f f8
0x00007ffa11804920:   02 00 00 e8 b8 16 07 00 48 8b d3 48 8b cf e8 4d
0x00007ffa11804930:   00 00 00 48 8d 05 4e b3 54 00 c6 44 24 28 01 48
0x00007ffa11804940:   89 44 24 20 48 8d 8f 98 02 00 00 48 8d 87 20 02
0x00007ffa11804950:   00 00 c6 44 24 30 01 48 8d 54 24 20 48 89 44 24
0x00007ffa11804960:   38 48 89 4c 24 40 48 c7 44 24 48 00 00 00 00 e8
0x00007ffa11804970:   6c f4 06 00 48 8b 5c 24 60 48 83 c4 50 5f c3 cc 


Stack slot to memory mapping:
stack at sp + 0 slots: 0x0000000000000003 is an unknown value
stack at sp + 1 slots: 0x0000000088ce39c8 is an oop: [Lcom.android.tools.r8.graph.e1; 
{0x0000000088ce39c8} - klass: 'com/android/tools/r8/graph/e1'[]
 - length: 1
stack at sp + 2 slots: 0x0000000088ce39b8 is an oop: com.android.tools.r8.graph.f1 
{0x0000000088ce39b8} - klass: 'com/android/tools/r8/graph/f1'
stack at sp + 3 slots: 0x0 is NULL
stack at sp + 4 slots: 0x0000000088ce39c8 is an oop: [Lcom.android.tools.r8.graph.e1; 
{0x0000000088ce39c8} - klass: 'com/android/tools/r8/graph/e1'[]
 - length: 1
stack at sp + 5 slots: 0x00007ffa11807d27 jvm.dll
stack at sp + 6 slots: 0x00000167749132e0 points into unknown readable memory: 0x00007ffa11d50300 | 00 03 d5 11 fa 7f 00 00
stack at sp + 7 slots: 0x00000000011a0000 is an unknown value


---------------  P R O C E S S  ---------------

Threads class SMR info:
_java_thread_list=0x00000167141a7670, length=92, elements={
0x00000167748ca000, 0x000001677fc03800, 0x000001677fc04800, 0x000001677fc1f800,
0x000001677fc21000, 0x000001677fc22800, 0x000001677fc24000, 0x000001677fc73800,
0x000001677fca9000, 0x000001677fdf8800, 0x0000016713070800, 0x00000167122be800,
0x00000167126e6800, 0x00000167139d4000, 0x000001671351b800, 0x0000016713399800,
0x000001671351c800, 0x0000016712d33800, 0x00000167132a3000, 0x0000016713c67800,
0x0000016713c63800, 0x0000016713c68800, 0x0000016713c62800, 0x0000016713c67000,
0x0000016713c65000, 0x0000016713c66000, 0x0000016713c69800, 0x0000016713c64800,
0x0000016714085800, 0x0000016714081000, 0x0000016714081800, 0x0000016714088000,
0x0000016714089000, 0x0000016714083800, 0x000001671408a000, 0x0000016714084000,
0x000001671408c800, 0x000001671408e800, 0x000001671408d000, 0x000001671408f800,
0x000001671408a800, 0x000001671408e000, 0x000001671408b800, 0x0000016716d03800,
0x0000016716d04000, 0x0000016716d07800, 0x0000016716d08000, 0x0000016716d02800,
0x0000016716d09000, 0x0000016716d05000, 0x0000016716d0a000, 0x0000016716d06000,
0x0000016716d0a800, 0x0000016716d0b800, 0x0000016716d0c800, 0x0000016716d06800,
0x0000016716d0f800, 0x0000016716d10800, 0x0000016716d0e800, 0x0000016716d11000,
0x0000016716d0d000, 0x0000016716d0e000, 0x0000016716d2a000, 0x0000016716d28800,
0x0000016716d2f000, 0x0000016716d29800, 0x0000016716d2d800, 0x0000016716d2b000,
0x0000016716d2b800, 0x0000016716d32800, 0x0000016716d2e000, 0x0000016716d2c800,
0x0000016716d30800, 0x0000016716d35800, 0x0000016716d31800, 0x0000016716d33000,
0x0000016716d30000, 0x0000016716d34000, 0x0000016716d37000, 0x0000016713f1f800,
0x0000016713f1c000, 0x0000016713f1e800, 0x0000016713f20000, 0x0000016713f22800,
0x0000016713f1e000, 0x0000016713f21000, 0x0000016713f24800, 0x0000016713f22000,
0x0000016713f1d000, 0x0000016713f28800, 0x0000016713f29000, 0x0000016713f27800
}

Java Threads: ( => current thread )
  0x00000167748ca000 JavaThread "main" [_thread_blocked, id=7008, stack(0x0000003ea2c00000,0x0000003ea2d00000)]
  0x000001677fc03800 JavaThread "Reference Handler" daemon [_thread_blocked, id=7600, stack(0x0000003ea3300000,0x0000003ea3400000)]
  0x000001677fc04800 JavaThread "Finalizer" daemon [_thread_blocked, id=1756, stack(0x0000003ea3400000,0x0000003ea3500000)]
  0x000001677fc1f800 JavaThread "Signal Dispatcher" daemon [_thread_blocked, id=7624, stack(0x0000003ea3500000,0x0000003ea3600000)]
  0x000001677fc21000 JavaThread "Attach Listener" daemon [_thread_blocked, id=1936, stack(0x0000003ea3600000,0x0000003ea3700000)]
  0x000001677fc22800 JavaThread "Service Thread" daemon [_thread_blocked, id=1464, stack(0x0000003ea3700000,0x0000003ea3800000)]
  0x000001677fc24000 JavaThread "C2 CompilerThread0" daemon [_thread_in_native, id=4560, stack(0x0000003ea3800000,0x0000003ea3900000)]
  0x000001677fc73800 JavaThread "C1 CompilerThread0" daemon [_thread_blocked, id=5160, stack(0x0000003ea3900000,0x0000003ea3a00000)]
  0x000001677fca9000 JavaThread "Sweeper thread" daemon [_thread_blocked, id=7304, stack(0x0000003ea3a00000,0x0000003ea3b00000)]
  0x000001677fdf8800 JavaThread "Common-Cleaner" daemon [_thread_blocked, id=6560, stack(0x0000003ea3b00000,0x0000003ea3c00000)]
  0x0000016713070800 JavaThread "Daemon health stats" [_thread_blocked, id=8604, stack(0x0000003ea3f00000,0x0000003ea4000000)]
  0x00000167122be800 JavaThread "Incoming local TCP Connector on port 57872" [_thread_in_native, id=6516, stack(0x0000003ea3d00000,0x0000003ea3e00000)]
  0x00000167126e6800 JavaThread "Daemon periodic checks" [_thread_blocked, id=2856, stack(0x0000003ea4000000,0x0000003ea4100000)]
  0x00000167139d4000 JavaThread "Daemon" [_thread_blocked, id=9268, stack(0x0000003ea4100000,0x0000003ea4200000)]
  0x000001671351b800 JavaThread "Handler for socket connection from /127.0.0.1:57872 to /127.0.0.1:57873" [_thread_in_native, id=5092, stack(0x0000003ea4200000,0x0000003ea4300000)]
  0x0000016713399800 JavaThread "Cancel handler" [_thread_blocked, id=7500, stack(0x0000003ea4300000,0x0000003ea4400000)]
  0x000001671351c800 JavaThread "Daemon worker" [_thread_blocked, id=8416, stack(0x0000003ea4400000,0x0000003ea4500000)]
  0x0000016712d33800 JavaThread "Asynchronous log dispatcher for DefaultDaemonConnection: socket connection from /127.0.0.1:57872 to /127.0.0.1:57873" [_thread_blocked, id=988, stack(0x0000003ea4500000,0x0000003ea4600000)]
  0x00000167132a3000 JavaThread "Stdin handler" [_thread_blocked, id=4744, stack(0x0000003ea4600000,0x0000003ea4700000)]
  0x0000016713c67800 JavaThread "Daemon client event forwarder" [_thread_blocked, id=952, stack(0x0000003ea4700000,0x0000003ea4800000)]
  0x0000016713c63800 JavaThread "Cache worker for journal cache (C:\Users\User\.gradle\caches\journal-1)" [_thread_blocked, id=6152, stack(0x0000003ea4a00000,0x0000003ea4b00000)]
  0x0000016713c68800 JavaThread "File lock request listener" [_thread_in_native, id=10208, stack(0x0000003ea4b00000,0x0000003ea4c00000)]
  0x0000016713c62800 JavaThread "Cache worker for file hash cache (C:\Users\User\.gradle\caches\7.3.3\fileHashes)" [_thread_blocked, id=2788, stack(0x0000003ea4c00000,0x0000003ea4d00000)]
  0x0000016713c67000 JavaThread "Cache worker for file hash cache (C:\Users\User\AndroidStudioProjects\7hw1\.gradle\7.3.3\fileHashes)" [_thread_blocked, id=1380, stack(0x0000003ea4e00000,0x0000003ea4f00000)]
  0x0000016713c65000 JavaThread "File watcher server" daemon [_thread_in_native, id=9124, stack(0x0000003ea4f00000,0x0000003ea5000000)]
  0x0000016713c66000 JavaThread "File watcher consumer" daemon [_thread_blocked, id=8848, stack(0x0000003ea5000000,0x0000003ea5100000)]
  0x0000016713c69800 JavaThread "Cache worker for checksums cache (C:\Users\User\AndroidStudioProjects\7hw1\.gradle\7.3.3\checksums)" [_thread_blocked, id=3300, stack(0x0000003ea5100000,0x0000003ea5200000)]
  0x0000016713c64800 JavaThread "Cache worker for cache directory md-supplier (C:\Users\User\.gradle\caches\7.3.3\md-supplier)" [_thread_blocked, id=7504, stack(0x0000003ea5200000,0x0000003ea5300000)]
  0x0000016714085800 JavaThread "Cache worker for cache directory md-rule (C:\Users\User\.gradle\caches\7.3.3\md-rule)" [_thread_blocked, id=8644, stack(0x0000003ea5300000,0x0000003ea5400000)]
  0x0000016714081000 JavaThread "Cache worker for execution history cache (C:\Users\User\.gradle\caches\7.3.3\executionHistory)" [_thread_blocked, id=8500, stack(0x0000003ea5400000,0x0000003ea5500000)]
  0x0000016714081800 JavaThread "jar transforms" [_thread_blocked, id=9932, stack(0x0000003ea5500000,0x0000003ea5600000)]
  0x0000016714088000 JavaThread "Cache worker for file content cache (C:\Users\User\.gradle\caches\7.3.3\fileContent)" [_thread_blocked, id=8276, stack(0x0000003ea5600000,0x0000003ea5700000)]
  0x0000016714089000 JavaThread "jar transforms Thread 2" [_thread_blocked, id=7360, stack(0x0000003ea5700000,0x0000003ea5800000)]
  0x0000016714083800 JavaThread "Cache worker for dependencies-accessors (C:\Users\User\AndroidStudioProjects\7hw1\.gradle\7.3.3\dependencies-accessors)" [_thread_blocked, id=9560, stack(0x0000003ea5800000,0x0000003ea5900000)]
  0x000001671408a000 JavaThread "jar transforms Thread 3" [_thread_blocked, id=9812, stack(0x0000003ea5900000,0x0000003ea5a00000)]
  0x0000016714084000 JavaThread "Cache worker for Build Output Cleanup Cache (C:\Users\User\AndroidStudioProjects\7hw1\.gradle\buildOutputCleanup)" [_thread_blocked, id=9004, stack(0x0000003ea5a00000,0x0000003ea5b00000)]
  0x000001671408c800 JavaThread "Unconstrained build operations" [_thread_blocked, id=4784, stack(0x0000003ea5b00000,0x0000003ea5c00000)]
  0x000001671408e800 JavaThread "Unconstrained build operations Thread 2" [_thread_blocked, id=7900, stack(0x0000003ea5c00000,0x0000003ea5d00000)]
  0x000001671408d000 JavaThread "Unconstrained build operations Thread 3" [_thread_blocked, id=9240, stack(0x0000003ea5d00000,0x0000003ea5e00000)]
  0x000001671408f800 JavaThread "Unconstrained build operations Thread 4" [_thread_blocked, id=6520, stack(0x0000003ea5e00000,0x0000003ea5f00000)]
  0x000001671408a800 JavaThread "Unconstrained build operations Thread 5" [_thread_blocked, id=6184, stack(0x0000003ea5f00000,0x0000003ea6000000)]
  0x000001671408e000 JavaThread "Unconstrained build operations Thread 6" [_thread_blocked, id=4880, stack(0x0000003ea6000000,0x0000003ea6100000)]
  0x000001671408b800 JavaThread "Unconstrained build operations Thread 7" [_thread_blocked, id=8568, stack(0x0000003ea6100000,0x0000003ea6200000)]
  0x0000016716d03800 JavaThread "Unconstrained build operations Thread 8" [_thread_blocked, id=7324, stack(0x0000003ea6200000,0x0000003ea6300000)]
  0x0000016716d04000 JavaThread "Unconstrained build operations Thread 9" [_thread_blocked, id=7708, stack(0x0000003ea6300000,0x0000003ea6400000)]
  0x0000016716d07800 JavaThread "Unconstrained build operations Thread 10" [_thread_blocked, id=2628, stack(0x0000003ea6400000,0x0000003ea6500000)]
  0x0000016716d08000 JavaThread "Unconstrained build operations Thread 11" [_thread_blocked, id=7364, stack(0x0000003ea6500000,0x0000003ea6600000)]
  0x0000016716d02800 JavaThread "Unconstrained build operations Thread 12" [_thread_blocked, id=2984, stack(0x0000003ea6600000,0x0000003ea6700000)]
  0x0000016716d09000 JavaThread "Unconstrained build operations Thread 13" [_thread_blocked, id=6036, stack(0x0000003ea6700000,0x0000003ea6800000)]
  0x0000016716d05000 JavaThread "Unconstrained build operations Thread 14" [_thread_blocked, id=9832, stack(0x0000003ea6800000,0x0000003ea6900000)]
  0x0000016716d0a000 JavaThread "Unconstrained build operations Thread 15" [_thread_blocked, id=6760, stack(0x0000003ea6900000,0x0000003ea6a00000)]
  0x0000016716d06000 JavaThread "Unconstrained build operations Thread 16" [_thread_blocked, id=10200, stack(0x0000003ea6a00000,0x0000003ea6b00000)]
  0x0000016716d0a800 JavaThread "Unconstrained build operations Thread 17" [_thread_blocked, id=3988, stack(0x0000003ea6b00000,0x0000003ea6c00000)]
  0x0000016716d0b800 JavaThread "Unconstrained build operations Thread 18" [_thread_blocked, id=6968, stack(0x0000003ea6c00000,0x0000003ea6d00000)]
  0x0000016716d0c800 JavaThread "Unconstrained build operations Thread 19" [_thread_blocked, id=3396, stack(0x0000003ea6d00000,0x0000003ea6e00000)]
  0x0000016716d06800 JavaThread "Unconstrained build operations Thread 20" [_thread_blocked, id=7372, stack(0x0000003ea6e00000,0x0000003ea6f00000)]
  0x0000016716d0f800 JavaThread "Unconstrained build operations Thread 21" [_thread_blocked, id=4908, stack(0x0000003ea6f00000,0x0000003ea7000000)]
  0x0000016716d10800 JavaThread "Unconstrained build operations Thread 22" [_thread_blocked, id=6396, stack(0x0000003ea7000000,0x0000003ea7100000)]
  0x0000016716d0e800 JavaThread "Unconstrained build operations Thread 23" [_thread_blocked, id=3368, stack(0x0000003ea7100000,0x0000003ea7200000)]
  0x0000016716d11000 JavaThread "Unconstrained build operations Thread 24" [_thread_blocked, id=6148, stack(0x0000003ea7200000,0x0000003ea7300000)]
  0x0000016716d0d000 JavaThread "Unconstrained build operations Thread 25" [_thread_blocked, id=7576, stack(0x0000003ea7300000,0x0000003ea7400000)]
  0x0000016716d0e000 JavaThread "Unconstrained build operations Thread 26" [_thread_blocked, id=4808, stack(0x0000003ea7400000,0x0000003ea7500000)]
  0x0000016716d2a000 JavaThread "Unconstrained build operations Thread 27" [_thread_blocked, id=9756, stack(0x0000003ea7500000,0x0000003ea7600000)]
  0x0000016716d28800 JavaThread "Unconstrained build operations Thread 28" [_thread_blocked, id=9064, stack(0x0000003ea7600000,0x0000003ea7700000)]
  0x0000016716d2f000 JavaThread "Unconstrained build operations Thread 29" [_thread_blocked, id=4684, stack(0x0000003ea7700000,0x0000003ea7800000)]
  0x0000016716d29800 JavaThread "Unconstrained build operations Thread 30" [_thread_blocked, id=8736, stack(0x0000003ea7800000,0x0000003ea7900000)]
  0x0000016716d2d800 JavaThread "Unconstrained build operations Thread 31" [_thread_blocked, id=5272, stack(0x0000003ea7900000,0x0000003ea7a00000)]
  0x0000016716d2b000 JavaThread "Unconstrained build operations Thread 32" [_thread_blocked, id=3900, stack(0x0000003ea7a00000,0x0000003ea7b00000)]
  0x0000016716d2b800 JavaThread "Unconstrained build operations Thread 33" [_thread_blocked, id=1196, stack(0x0000003ea7b00000,0x0000003ea7c00000)]
  0x0000016716d32800 JavaThread "Unconstrained build operations Thread 34" [_thread_blocked, id=3032, stack(0x0000003ea7c00000,0x0000003ea7d00000)]
  0x0000016716d2e000 JavaThread "Unconstrained build operations Thread 35" [_thread_blocked, id=4352, stack(0x0000003ea7d00000,0x0000003ea7e00000)]
  0x0000016716d2c800 JavaThread "Unconstrained build operations Thread 36" [_thread_blocked, id=8908, stack(0x0000003ea7e00000,0x0000003ea7f00000)]
  0x0000016716d30800 JavaThread "Unconstrained build operations Thread 37" [_thread_blocked, id=800, stack(0x0000003ea7f00000,0x0000003ea8000000)]
  0x0000016716d35800 JavaThread "Unconstrained build operations Thread 38" [_thread_blocked, id=6940, stack(0x0000003ea8000000,0x0000003ea8100000)]
  0x0000016716d31800 JavaThread "Unconstrained build operations Thread 39" [_thread_blocked, id=2588, stack(0x0000003ea8100000,0x0000003ea8200000)]
  0x0000016716d33000 JavaThread "Unconstrained build operations Thread 40" [_thread_blocked, id=5832, stack(0x0000003ea8200000,0x0000003ea8300000)]
  0x0000016716d30000 JavaThread "jar transforms Thread 4" [_thread_blocked, id=788, stack(0x0000003ea8300000,0x0000003ea8400000)]
  0x0000016716d34000 JavaThread "Memory manager" [_thread_blocked, id=9448, stack(0x0000003ea8400000,0x0000003ea8500000)]
  0x0000016716d37000 JavaThread "build event listener" [_thread_blocked, id=10176, stack(0x0000003ea8500000,0x0000003ea8600000)]
  0x0000016713f1f800 JavaThread "build event listener" [_thread_blocked, id=9012, stack(0x0000003ea8600000,0x0000003ea8700000)]
  0x0000016713f1c000 JavaThread "Execution worker for ':'" [_thread_blocked, id=8072, stack(0x0000003ea8700000,0x0000003ea8800000)]
  0x0000016713f1e800 JavaThread "Execution worker for ':' Thread 2" [_thread_blocked, id=2744, stack(0x0000003ea8800000,0x0000003ea8900000)]
  0x0000016713f20000 JavaThread "Execution worker for ':' Thread 3" [_thread_blocked, id=6292, stack(0x0000003ea8900000,0x0000003ea8a00000)]
  0x0000016713f22800 JavaThread "Cache worker for execution history cache (C:\Users\User\AndroidStudioProjects\7hw1\.gradle\7.3.3\executionHistory)" [_thread_blocked, id=8760, stack(0x0000003ea8a00000,0x0000003ea8b00000)]
  0x0000016713f1e000 JavaThread "WorkerExecutor Queue" [_thread_blocked, id=7100, stack(0x0000003ea8b00000,0x0000003ea8c00000)]
  0x0000016713f21000 JavaThread "WorkerExecutor Queue Thread 2" [_thread_blocked, id=1076, stack(0x0000003ea8c00000,0x0000003ea8d00000)]
  0x0000016713f24800 JavaThread "WorkerExecutor Queue Thread 4" [_thread_blocked, id=2980, stack(0x0000003ea8d00000,0x0000003ea8e00000)]
  0x0000016713f22000 JavaThread "C2 CompilerThread1" daemon [_thread_in_native, id=2264, stack(0x0000003ea2a00000,0x0000003ea2b00000)]
  0x0000016713f1d000 JavaThread "ForkJoinPool-1-worker-3" daemon [_thread_in_Java, id=9588, stack(0x0000003ea4d00000,0x0000003ea4e00000)]
  0x0000016713f28800 JavaThread "ForkJoinPool-1-worker-5" daemon [_thread_blocked, id=4220, stack(0x0000003ea8e00000,0x0000003ea8f00000)]
  0x0000016713f29000 JavaThread "ForkJoinPool-1-worker-7" daemon [_thread_blocked, id=7124, stack(0x0000003ea8f00000,0x0000003ea9000000)]
  0x0000016713f27800 JavaThread "ForkJoinPool-1-worker-1" daemon [_thread_in_Java, id=8764, stack(0x0000003ea9000000,0x0000003ea9100000)]

Other Threads:
  0x000001677f3f6000 VMThread "VM Thread" [stack: 0x0000003ea3200000,0x0000003ea3300000] [id=5368]
  0x000001677fdf2000 WatcherThread [stack: 0x0000003ea3c00000,0x0000003ea3d00000] [id=9692]
  0x00000167748e0000 GCTaskThread "GC Thread#0" [stack: 0x0000003ea2d00000,0x0000003ea2e00000] [id=4872]
  0x0000016711691000 GCTaskThread "GC Thread#1" [stack: 0x0000003ea3e00000,0x0000003ea3f00000] [id=5364]
  0x0000016714348800 GCTaskThread "GC Thread#2" [stack: 0x0000003ea4800000,0x0000003ea4900000] [id=1384]
  0x0000016712dfb000 GCTaskThread "GC Thread#3" [stack: 0x0000003ea4900000,0x0000003ea4a00000] [id=4648]
  0x000001677490f800 ConcurrentGCThread "G1 Main Marker" [stack: 0x0000003ea2e00000,0x0000003ea2f00000] [id=3624]
=>0x0000016774911000 ConcurrentGCThread "G1 Conc#0" [stack: 0x0000003ea2f00000,0x0000003ea3000000] [id=2380]
  0x000001677f241800 ConcurrentGCThread "G1 Refine#0" [stack: 0x0000003ea3000000,0x0000003ea3100000] [id=9168]
  0x000001677f242800 ConcurrentGCThread "G1 Young RemSet Sampling" [stack: 0x0000003ea3100000,0x0000003ea3200000] [id=4720]

Threads with active compile tasks:
C2 CompilerThread0  35015 11812       4       com.android.tools.r8.dex.j::e (664 bytes)
C2 CompilerThread1  35015 11915 %     4       com.android.tools.r8.code.y1::a @ 20 (4129 bytes)

VM state:not at safepoint (normal execution)

VM Mutex/Monitor currently owned by a thread: None

Heap address: 0x0000000080000000, size: 2048 MB, Compressed Oops mode: 32-bit
Narrow klass base: 0x0000000000000000, Narrow klass shift: 3
Compressed class space size: 1073741824 Address: 0x0000000100000000

Heap:
 garbage-first heap   total 246784K, used 196608K [0x0000000080000000, 0x0000000100000000)
  region size 1024K, 13 young (13312K), 3 survivors (3072K)
 Metaspace       used 93782K, capacity 95986K, committed 96200K, reserved 1132544K
  class space    used 12257K, capacity 13095K, committed 13132K, reserved 1048576K
Heap Regions: E=young(eden), S=young(survivor), O=old, HS=humongous(starts), HC=humongous(continues), CS=collection set, F=free, A=archive, TAMS=top-at-mark-start (previous, next)
|   0|0x0000000080000000, 0x0000000080100000, 0x0000000080100000|100%| O|  |TAMS 0x0000000080100000, 0x0000000080100000| Untracked 
|   1|0x0000000080100000, 0x0000000080200000, 0x0000000080200000|100%| O|  |TAMS 0x0000000080200000, 0x0000000080200000| Untracked 
|   2|0x0000000080200000, 0x0000000080300000, 0x0000000080300000|100%| O|  |TAMS 0x0000000080300000, 0x0000000080300000| Untracked 
|   3|0x0000000080300000, 0x0000000080400000, 0x0000000080400000|100%|HS|  |TAMS 0x0000000080400000, 0x0000000080400000| Complete 
|   4|0x0000000080400000, 0x0000000080500000, 0x0000000080500000|100%|HC|  |TAMS 0x0000000080500000, 0x0000000080500000| Complete 
|   5|0x0000000080500000, 0x0000000080600000, 0x0000000080600000|100%|HC|  |TAMS 0x0000000080600000, 0x0000000080600000| Complete 
|   6|0x0000000080600000, 0x0000000080700000, 0x0000000080700000|100%| O|  |TAMS 0x0000000080700000, 0x0000000080700000| Untracked 
|   7|0x0000000080700000, 0x0000000080800000, 0x0000000080800000|100%| O|  |TAMS 0x0000000080800000, 0x0000000080800000| Untracked 
|   8|0x0000000080800000, 0x0000000080900000, 0x0000000080900000|100%| O|  |TAMS 0x0000000080900000, 0x0000000080900000| Untracked 
|   9|0x0000000080900000, 0x0000000080a00000, 0x0000000080a00000|100%| O|  |TAMS 0x0000000080a00000, 0x0000000080a00000| Untracked 
|  10|0x0000000080a00000, 0x0000000080b00000, 0x0000000080b00000|100%| O|  |TAMS 0x0000000080b00000, 0x0000000080b00000| Untracked 
|  11|0x0000000080b00000, 0x0000000080c00000, 0x0000000080c00000|100%| O|  |TAMS 0x0000000080c00000, 0x0000000080c00000| Untracked 
|  12|0x0000000080c00000, 0x0000000080d00000, 0x0000000080d00000|100%| O|  |TAMS 0x0000000080d00000, 0x0000000080d00000| Untracked 
|  13|0x0000000080d00000, 0x0000000080e00000, 0x0000000080e00000|100%| O|  |TAMS 0x0000000080e00000, 0x0000000080e00000| Untracked 
|  14|0x0000000080e00000, 0x0000000080f00000, 0x0000000080f00000|100%| O|  |TAMS 0x0000000080f00000, 0x0000000080f00000| Untracked 
|  15|0x0000000080f00000, 0x0000000081000000, 0x0000000081000000|100%| O|  |TAMS 0x0000000081000000, 0x0000000081000000| Untracked 
|  16|0x0000000081000000, 0x0000000081100000, 0x0000000081100000|100%| O|  |TAMS 0x0000000081100000, 0x0000000081100000| Untracked 
|  17|0x0000000081100000, 0x0000000081200000, 0x0000000081200000|100%| O|  |TAMS 0x0000000081200000, 0x0000000081200000| Untracked 
|  18|0x0000000081200000, 0x0000000081300000, 0x0000000081300000|100%| O|  |TAMS 0x0000000081300000, 0x0000000081300000| Untracked 
|  19|0x0000000081300000, 0x0000000081400000, 0x0000000081400000|100%| O|  |TAMS 0x0000000081400000, 0x0000000081400000| Untracked 
|  20|0x0000000081400000, 0x0000000081500000, 0x0000000081500000|100%| O|  |TAMS 0x0000000081500000, 0x0000000081500000| Untracked 
|  21|0x0000000081500000, 0x0000000081600000, 0x0000000081600000|100%| O|  |TAMS 0x0000000081600000, 0x0000000081600000| Untracked 
|  22|0x0000000081600000, 0x0000000081700000, 0x0000000081700000|100%| O|  |TAMS 0x0000000081700000, 0x0000000081700000| Untracked 
|  23|0x0000000081700000, 0x0000000081800000, 0x0000000081800000|100%| O|  |TAMS 0x0000000081800000, 0x0000000081800000| Untracked 
|  24|0x0000000081800000, 0x0000000081900000, 0x0000000081900000|100%| O|  |TAMS 0x0000000081900000, 0x0000000081900000| Untracked 
|  25|0x0000000081900000, 0x0000000081a00000, 0x0000000081a00000|100%| O|  |TAMS 0x0000000081a00000, 0x0000000081a00000| Untracked 
|  26|0x0000000081a00000, 0x0000000081b00000, 0x0000000081b00000|100%| O|  |TAMS 0x0000000081b00000, 0x0000000081b00000| Untracked 
|  27|0x0000000081b00000, 0x0000000081c00000, 0x0000000081c00000|100%| O|  |TAMS 0x0000000081c00000, 0x0000000081c00000| Untracked 
|  28|0x0000000081c00000, 0x0000000081d00000, 0x0000000081d00000|100%| O|  |TAMS 0x0000000081d00000, 0x0000000081d00000| Untracked 
|  29|0x0000000081d00000, 0x0000000081e00000, 0x0000000081e00000|100%| O|  |TAMS 0x0000000081e00000, 0x0000000081e00000| Untracked 
|  30|0x0000000081e00000, 0x0000000081f00000, 0x0000000081f00000|100%|HS|  |TAMS 0x0000000081f00000, 0x0000000081f00000| Complete 
|  31|0x0000000081f00000, 0x0000000082000000, 0x0000000082000000|100%|HS|  |TAMS 0x0000000082000000, 0x0000000082000000| Complete 
|  32|0x0000000082000000, 0x0000000082100000, 0x0000000082100000|100%|HS|  |TAMS 0x0000000082100000, 0x0000000082100000| Complete 
|  33|0x0000000082100000, 0x0000000082200000, 0x0000000082200000|100%| O|  |TAMS 0x0000000082200000, 0x0000000082200000| Untracked 
|  34|0x0000000082200000, 0x0000000082300000, 0x0000000082300000|100%| O|  |TAMS 0x0000000082300000, 0x0000000082300000| Untracked 
|  35|0x0000000082300000, 0x0000000082400000, 0x0000000082400000|100%| O|  |TAMS 0x0000000082400000, 0x0000000082400000| Untracked 
|  36|0x0000000082400000, 0x0000000082500000, 0x0000000082500000|100%| O|  |TAMS 0x0000000082500000, 0x0000000082500000| Untracked 
|  37|0x0000000082500000, 0x0000000082600000, 0x0000000082600000|100%|HS|  |TAMS 0x0000000082600000, 0x0000000082600000| Complete 
|  38|0x0000000082600000, 0x0000000082700000, 0x0000000082700000|100%|HC|  |TAMS 0x0000000082700000, 0x0000000082700000| Complete 
|  39|0x0000000082700000, 0x0000000082800000, 0x0000000082800000|100%|HC|  |TAMS 0x0000000082800000, 0x0000000082800000| Complete 
|  40|0x0000000082800000, 0x0000000082900000, 0x0000000082900000|100%|HS|  |TAMS 0x0000000082900000, 0x0000000082900000| Complete 
|  41|0x0000000082900000, 0x0000000082a00000, 0x0000000082a00000|100%|HC|  |TAMS 0x0000000082a00000, 0x0000000082a00000| Complete 
|  42|0x0000000082a00000, 0x0000000082b00000, 0x0000000082b00000|100%| O|  |TAMS 0x0000000082b00000, 0x0000000082b00000| Untracked 
|  43|0x0000000082b00000, 0x0000000082c00000, 0x0000000082c00000|100%| O|  |TAMS 0x0000000082c00000, 0x0000000082c00000| Untracked 
|  44|0x0000000082c00000, 0x0000000082d00000, 0x0000000082d00000|100%| O|  |TAMS 0x0000000082d00000, 0x0000000082d00000| Untracked 
|  45|0x0000000082d00000, 0x0000000082e00000, 0x0000000082e00000|100%| O|  |TAMS 0x0000000082e00000, 0x0000000082e00000| Untracked 
|  46|0x0000000082e00000, 0x0000000082f00000, 0x0000000082f00000|100%| O|  |TAMS 0x0000000082f00000, 0x0000000082f00000| Untracked 
|  47|0x0000000082f00000, 0x0000000083000000, 0x0000000083000000|100%| O|  |TAMS 0x0000000083000000, 0x0000000083000000| Untracked 
|  48|0x0000000083000000, 0x0000000083100000, 0x0000000083100000|100%| O|  |TAMS 0x0000000083100000, 0x0000000083100000| Untracked 
|  49|0x0000000083100000, 0x0000000083200000, 0x0000000083200000|100%| O|  |TAMS 0x0000000083200000, 0x0000000083200000| Untracked 
|  50|0x0000000083200000, 0x0000000083300000, 0x0000000083300000|100%| O|  |TAMS 0x0000000083300000, 0x0000000083300000| Untracked 
|  51|0x0000000083300000, 0x0000000083400000, 0x0000000083400000|100%| O|  |TAMS 0x0000000083400000, 0x0000000083400000| Untracked 
|  52|0x0000000083400000, 0x0000000083500000, 0x0000000083500000|100%| O|  |TAMS 0x0000000083500000, 0x0000000083500000| Untracked 
|  53|0x0000000083500000, 0x0000000083600000, 0x0000000083600000|100%| O|  |TAMS 0x0000000083600000, 0x0000000083600000| Untracked 
|  54|0x0000000083600000, 0x0000000083700000, 0x0000000083700000|100%| O|  |TAMS 0x0000000083700000, 0x0000000083700000| Untracked 
|  55|0x0000000083700000, 0x0000000083800000, 0x0000000083800000|100%| O|  |TAMS 0x0000000083800000, 0x0000000083800000| Untracked 
|  56|0x0000000083800000, 0x0000000083900000, 0x0000000083900000|100%| O|  |TAMS 0x0000000083900000, 0x0000000083900000| Untracked 
|  57|0x0000000083900000, 0x0000000083a00000, 0x0000000083a00000|100%| O|  |TAMS 0x0000000083a00000, 0x0000000083a00000| Untracked 
|  58|0x0000000083a00000, 0x0000000083b00000, 0x0000000083b00000|100%| O|  |TAMS 0x0000000083b00000, 0x0000000083b00000| Untracked 
|  59|0x0000000083b00000, 0x0000000083c00000, 0x0000000083c00000|100%| O|  |TAMS 0x0000000083c00000, 0x0000000083c00000| Untracked 
|  60|0x0000000083c00000, 0x0000000083d00000, 0x0000000083d00000|100%| O|  |TAMS 0x0000000083d00000, 0x0000000083d00000| Untracked 
|  61|0x0000000083d00000, 0x0000000083e00000, 0x0000000083e00000|100%| O|  |TAMS 0x0000000083e00000, 0x0000000083e00000| Untracked 
|  62|0x0000000083e00000, 0x0000000083f00000, 0x0000000083f00000|100%| O|  |TAMS 0x0000000083f00000, 0x0000000083f00000| Untracked 
|  63|0x0000000083f00000, 0x0000000084000000, 0x0000000084000000|100%| O|  |TAMS 0x0000000084000000, 0x0000000084000000| Untracked 
|  64|0x0000000084000000, 0x0000000084100000, 0x0000000084100000|100%| O|  |TAMS 0x0000000084100000, 0x0000000084100000| Untracked 
|  65|0x0000000084100000, 0x0000000084200000, 0x0000000084200000|100%| O|  |TAMS 0x0000000084200000, 0x0000000084200000| Untracked 
|  66|0x0000000084200000, 0x0000000084300000, 0x0000000084300000|100%| O|  |TAMS 0x0000000084300000, 0x0000000084300000| Untracked 
|  67|0x0000000084300000, 0x0000000084400000, 0x0000000084400000|100%| O|  |TAMS 0x0000000084400000, 0x0000000084400000| Untracked 
|  68|0x0000000084400000, 0x0000000084500000, 0x0000000084500000|100%| O|  |TAMS 0x0000000084500000, 0x0000000084500000| Untracked 
|  69|0x0000000084500000, 0x0000000084600000, 0x0000000084600000|100%| O|  |TAMS 0x0000000084600000, 0x0000000084600000| Untracked 
|  70|0x0000000084600000, 0x0000000084700000, 0x0000000084700000|100%| O|  |TAMS 0x0000000084700000, 0x0000000084700000| Untracked 
|  71|0x0000000084700000, 0x0000000084800000, 0x0000000084800000|100%| O|  |TAMS 0x0000000084800000, 0x0000000084800000| Untracked 
|  72|0x0000000084800000, 0x0000000084900000, 0x0000000084900000|100%| O|  |TAMS 0x0000000084900000, 0x0000000084900000| Untracked 
|  73|0x0000000084900000, 0x0000000084a00000, 0x0000000084a00000|100%| O|  |TAMS 0x0000000084a00000, 0x0000000084a00000| Untracked 
|  74|0x0000000084a00000, 0x0000000084b00000, 0x0000000084b00000|100%| O|  |TAMS 0x0000000084b00000, 0x0000000084b00000| Untracked 
|  75|0x0000000084b00000, 0x0000000084c00000, 0x0000000084c00000|100%| O|  |TAMS 0x0000000084c00000, 0x0000000084c00000| Untracked 
|  76|0x0000000084c00000, 0x0000000084d00000, 0x0000000084d00000|100%| O|  |TAMS 0x0000000084d00000, 0x0000000084d00000| Untracked 
|  77|0x0000000084d00000, 0x0000000084e00000, 0x0000000084e00000|100%| O|  |TAMS 0x0000000084e00000, 0x0000000084e00000| Untracked 
|  78|0x0000000084e00000, 0x0000000084f00000, 0x0000000084f00000|100%|HS|  |TAMS 0x0000000084f00000, 0x0000000084f00000| Complete 
|  79|0x0000000084f00000, 0x0000000085000000, 0x0000000085000000|100%|HC|  |TAMS 0x0000000085000000, 0x0000000085000000| Complete 
|  80|0x0000000085000000, 0x0000000085100000, 0x0000000085100000|100%|HS|  |TAMS 0x0000000085100000, 0x0000000085100000| Complete 
|  81|0x0000000085100000, 0x0000000085200000, 0x0000000085200000|100%|HS|  |TAMS 0x0000000085200000, 0x0000000085200000| Complete 
|  82|0x0000000085200000, 0x0000000085300000, 0x0000000085300000|100%|HS|  |TAMS 0x0000000085300000, 0x0000000085300000| Complete 
|  83|0x0000000085300000, 0x0000000085400000, 0x0000000085400000|100%|HC|  |TAMS 0x0000000085400000, 0x0000000085400000| Complete 
|  84|0x0000000085400000, 0x0000000085500000, 0x0000000085500000|100%|HS|  |TAMS 0x0000000085500000, 0x0000000085500000| Complete 
|  85|0x0000000085500000, 0x0000000085600000, 0x0000000085600000|100%|HC|  |TAMS 0x0000000085600000, 0x0000000085600000| Complete 
|  86|0x0000000085600000, 0x0000000085700000, 0x0000000085700000|100%| O|  |TAMS 0x0000000085700000, 0x0000000085700000| Untracked 
|  87|0x0000000085700000, 0x0000000085800000, 0x0000000085800000|100%| O|  |TAMS 0x0000000085800000, 0x0000000085800000| Untracked 
|  88|0x0000000085800000, 0x0000000085900000, 0x0000000085900000|100%| O|  |TAMS 0x0000000085900000, 0x0000000085900000| Untracked 
|  89|0x0000000085900000, 0x0000000085a00000, 0x0000000085a00000|100%| O|  |TAMS 0x0000000085a00000, 0x0000000085a00000| Untracked 
|  90|0x0000000085a00000, 0x0000000085b00000, 0x0000000085b00000|100%| O|  |TAMS 0x0000000085b00000, 0x0000000085b00000| Untracked 
|  91|0x0000000085b00000, 0x0000000085c00000, 0x0000000085c00000|100%|HS|  |TAMS 0x0000000085c00000, 0x0000000085c00000| Complete 
|  92|0x0000000085c00000, 0x0000000085d00000, 0x0000000085d00000|100%|HC|  |TAMS 0x0000000085d00000, 0x0000000085d00000| Complete 
|  93|0x0000000085d00000, 0x0000000085e00000, 0x0000000085e00000|100%|HC|  |TAMS 0x0000000085e00000, 0x0000000085e00000| Complete 
|  94|0x0000000085e00000, 0x0000000085f00000, 0x0000000085f00000|100%| O|  |TAMS 0x0000000085f00000, 0x0000000085f00000| Untracked 
|  95|0x0000000085f00000, 0x0000000086000000, 0x0000000086000000|100%| O|  |TAMS 0x0000000086000000, 0x0000000086000000| Untracked 
|  96|0x0000000086000000, 0x0000000086100000, 0x0000000086100000|100%| O|  |TAMS 0x0000000086100000, 0x0000000086100000| Untracked 
|  97|0x0000000086100000, 0x0000000086200000, 0x0000000086200000|100%| O|  |TAMS 0x0000000086200000, 0x0000000086200000| Untracked 
|  98|0x0000000086200000, 0x0000000086300000, 0x0000000086300000|100%| O|  |TAMS 0x0000000086300000, 0x0000000086300000| Untracked 
|  99|0x0000000086300000, 0x0000000086400000, 0x0000000086400000|100%| O|  |TAMS 0x0000000086400000, 0x0000000086400000| Untracked 
| 100|0x0000000086400000, 0x0000000086500000, 0x0000000086500000|100%| O|  |TAMS 0x0000000086500000, 0x0000000086500000| Untracked 
| 101|0x0000000086500000, 0x0000000086600000, 0x0000000086600000|100%| O|  |TAMS 0x0000000086600000, 0x0000000086600000| Untracked 
| 102|0x0000000086600000, 0x0000000086700000, 0x0000000086700000|100%| O|  |TAMS 0x0000000086700000, 0x0000000086700000| Untracked 
| 103|0x0000000086700000, 0x0000000086800000, 0x0000000086800000|100%| O|  |TAMS 0x0000000086800000, 0x0000000086800000| Untracked 
| 104|0x0000000086800000, 0x0000000086900000, 0x0000000086900000|100%| O|  |TAMS 0x0000000086900000, 0x0000000086900000| Untracked 
| 105|0x0000000086900000, 0x0000000086a00000, 0x0000000086a00000|100%| O|  |TAMS 0x0000000086a00000, 0x0000000086a00000| Untracked 
| 106|0x0000000086a00000, 0x0000000086b00000, 0x0000000086b00000|100%|HS|  |TAMS 0x0000000086b00000, 0x0000000086b00000| Complete 
| 107|0x0000000086b00000, 0x0000000086c00000, 0x0000000086c00000|100%|HC|  |TAMS 0x0000000086c00000, 0x0000000086c00000| Complete 
| 108|0x0000000086c00000, 0x0000000086d00000, 0x0000000086d00000|100%| O|  |TAMS 0x0000000086d00000, 0x0000000086d00000| Untracked 
| 109|0x0000000086d00000, 0x0000000086e00000, 0x0000000086e00000|100%|HS|  |TAMS 0x0000000086e00000, 0x0000000086e00000| Complete 
| 110|0x0000000086e00000, 0x0000000086f00000, 0x0000000086f00000|100%| O|  |TAMS 0x0000000086f00000, 0x0000000086f00000| Untracked 
| 111|0x0000000086f00000, 0x0000000087000000, 0x0000000087000000|100%|HS|  |TAMS 0x0000000087000000, 0x0000000087000000| Complete 
| 112|0x0000000087000000, 0x0000000087100000, 0x0000000087100000|100%| O|  |TAMS 0x0000000087100000, 0x0000000087100000| Untracked 
| 113|0x0000000087100000, 0x0000000087200000, 0x0000000087200000|100%| O|  |TAMS 0x0000000087159600, 0x0000000087200000| Untracked 
| 114|0x0000000087200000, 0x0000000087300000, 0x0000000087300000|100%|HS|  |TAMS 0x0000000087200000, 0x0000000087300000| Complete 
| 115|0x0000000087300000, 0x0000000087400000, 0x0000000087400000|100%|HS|  |TAMS 0x0000000087400000, 0x0000000087400000| Complete 
| 116|0x0000000087400000, 0x0000000087500000, 0x0000000087500000|100%|HC|  |TAMS 0x0000000087500000, 0x0000000087500000| Complete 
| 117|0x0000000087500000, 0x0000000087600000, 0x0000000087600000|100%|HS|  |TAMS 0x0000000087500000, 0x0000000087600000| Complete 
| 118|0x0000000087600000, 0x0000000087700000, 0x0000000087700000|100%| O|  |TAMS 0x0000000087600000, 0x0000000087700000| Untracked 
| 119|0x0000000087700000, 0x0000000087800000, 0x0000000087800000|100%| O|  |TAMS 0x0000000087700000, 0x0000000087800000| Untracked 
| 120|0x0000000087800000, 0x0000000087900000, 0x0000000087900000|100%|HS|  |TAMS 0x0000000087900000, 0x0000000087900000| Complete 
| 121|0x0000000087900000, 0x0000000087a00000, 0x0000000087a00000|100%|HC|  |TAMS 0x0000000087a00000, 0x0000000087a00000| Complete 
| 122|0x0000000087a00000, 0x0000000087b00000, 0x0000000087b00000|100%| O|  |TAMS 0x0000000087a00000, 0x0000000087b00000| Untracked 
| 123|0x0000000087b00000, 0x0000000087c00000, 0x0000000087c00000|100%| O|  |TAMS 0x0000000087b00000, 0x0000000087c00000| Untracked 
| 124|0x0000000087c00000, 0x0000000087d00000, 0x0000000087d00000|100%| O|  |TAMS 0x0000000087c00000, 0x0000000087d00000| Untracked 
| 125|0x0000000087d00000, 0x0000000087e00000, 0x0000000087e00000|100%| O|  |TAMS 0x0000000087d00000, 0x0000000087e00000| Untracked 
| 126|0x0000000087e00000, 0x0000000087f00000, 0x0000000087f00000|100%| O|  |TAMS 0x0000000087e00000, 0x0000000087f00000| Untracked 
| 127|0x0000000087f00000, 0x0000000088000000, 0x0000000088000000|100%| O|  |TAMS 0x0000000087f00000, 0x0000000088000000| Untracked 
| 128|0x0000000088000000, 0x0000000088100000, 0x0000000088100000|100%|HS|  |TAMS 0x0000000088100000, 0x0000000088100000| Complete 
| 129|0x0000000088100000, 0x0000000088200000, 0x0000000088200000|100%|HC|  |TAMS 0x0000000088200000, 0x0000000088200000| Complete 
| 130|0x0000000088200000, 0x0000000088300000, 0x0000000088300000|100%|HC|  |TAMS 0x0000000088300000, 0x0000000088300000| Complete 
| 131|0x0000000088300000, 0x0000000088400000, 0x0000000088400000|100%| O|  |TAMS 0x0000000088400000, 0x0000000088400000| Untracked 
| 132|0x0000000088400000, 0x0000000088500000, 0x0000000088500000|100%| O|  |TAMS 0x0000000088500000, 0x0000000088500000| Untracked 
| 133|0x0000000088500000, 0x0000000088600000, 0x0000000088600000|100%| O|  |TAMS 0x0000000088600000, 0x0000000088600000| Untracked 
| 134|0x0000000088600000, 0x0000000088700000, 0x0000000088700000|100%| O|  |TAMS 0x0000000088700000, 0x0000000088700000| Untracked 
| 135|0x0000000088700000, 0x0000000088800000, 0x0000000088800000|100%| O|  |TAMS 0x0000000088800000, 0x0000000088800000| Untracked 
| 136|0x0000000088800000, 0x0000000088900000, 0x0000000088900000|100%| O|  |TAMS 0x0000000088900000, 0x0000000088900000| Untracked 
| 137|0x0000000088900000, 0x0000000088a00000, 0x0000000088a00000|100%| O|  |TAMS 0x0000000088a00000, 0x0000000088a00000| Untracked 
| 138|0x0000000088a00000, 0x0000000088b00000, 0x0000000088b00000|100%| O|  |TAMS 0x0000000088b00000, 0x0000000088b00000| Untracked 
| 139|0x0000000088b00000, 0x0000000088c00000, 0x0000000088c00000|100%| O|  |TAMS 0x0000000088c00000, 0x0000000088c00000| Untracked 
| 140|0x0000000088c00000, 0x0000000088d00000, 0x0000000088d00000|100%| O|  |TAMS 0x0000000088d00000, 0x0000000088d00000| Untracked 
| 141|0x0000000088d00000, 0x0000000088e00000, 0x0000000088e00000|100%| O|  |TAMS 0x0000000088e00000, 0x0000000088e00000| Untracked 
| 142|0x0000000088e00000, 0x0000000088f00000, 0x0000000088f00000|100%| O|  |TAMS 0x0000000088e00000, 0x0000000088f00000| Untracked 
| 143|0x0000000088f00000, 0x0000000089000000, 0x0000000089000000|100%| O|  |TAMS 0x0000000088f00000, 0x0000000089000000| Untracked 
| 144|0x0000000089000000, 0x0000000089100000, 0x0000000089100000|100%| O|  |TAMS 0x0000000089000000, 0x0000000089100000| Untracked 
| 145|0x0000000089100000, 0x0000000089200000, 0x0000000089200000|100%| O|  |TAMS 0x0000000089100000, 0x0000000089200000| Untracked 
| 146|0x0000000089200000, 0x0000000089300000, 0x0000000089300000|100%| O|  |TAMS 0x0000000089200000, 0x0000000089300000| Untracked 
| 147|0x0000000089300000, 0x0000000089400000, 0x0000000089400000|100%| O|  |TAMS 0x0000000089300000, 0x0000000089400000| Untracked 
| 148|0x0000000089400000, 0x0000000089500000, 0x0000000089500000|100%| O|  |TAMS 0x0000000089400000, 0x0000000089500000| Untracked 
| 149|0x0000000089500000, 0x0000000089600000, 0x0000000089600000|100%| O|  |TAMS 0x0000000089500000, 0x0000000089600000| Untracked 
| 150|0x0000000089600000, 0x0000000089700000, 0x0000000089700000|100%| O|  |TAMS 0x0000000089600000, 0x0000000089700000| Untracked 
| 151|0x0000000089700000, 0x0000000089800000, 0x0000000089800000|100%| O|  |TAMS 0x0000000089700000, 0x0000000089800000| Untracked 
| 152|0x0000000089800000, 0x0000000089900000, 0x0000000089900000|100%| O|  |TAMS 0x0000000089800000, 0x0000000089900000| Untracked 
| 153|0x0000000089900000, 0x0000000089a00000, 0x0000000089a00000|100%| O|  |TAMS 0x0000000089900000, 0x0000000089a00000| Untracked 
| 154|0x0000000089a00000, 0x0000000089b00000, 0x0000000089b00000|100%| O|  |TAMS 0x0000000089a00000, 0x0000000089b00000| Untracked 
| 155|0x0000000089b00000, 0x0000000089c00000, 0x0000000089c00000|100%| O|  |TAMS 0x0000000089b00000, 0x0000000089c00000| Untracked 
| 156|0x0000000089c00000, 0x0000000089d00000, 0x0000000089d00000|100%| O|  |TAMS 0x0000000089c00000, 0x0000000089d00000| Untracked 
| 157|0x0000000089d00000, 0x0000000089e00000, 0x0000000089e00000|100%| O|  |TAMS 0x0000000089d00000, 0x0000000089e00000| Untracked 
| 158|0x0000000089e00000, 0x0000000089f00000, 0x0000000089f00000|100%| O|  |TAMS 0x0000000089e00000, 0x0000000089f00000| Untracked 
| 159|0x0000000089f00000, 0x000000008a000000, 0x000000008a000000|100%| O|  |TAMS 0x0000000089f00000, 0x000000008a000000| Untracked 
| 160|0x000000008a000000, 0x000000008a100000, 0x000000008a100000|100%| O|  |TAMS 0x000000008a000000, 0x000000008a100000| Untracked 
| 161|0x000000008a100000, 0x000000008a200000, 0x000000008a200000|100%| O|  |TAMS 0x000000008a100000, 0x000000008a200000| Untracked 
| 162|0x000000008a200000, 0x000000008a300000, 0x000000008a300000|100%| O|  |TAMS 0x000000008a200000, 0x000000008a300000| Untracked 
| 163|0x000000008a300000, 0x000000008a400000, 0x000000008a400000|100%| O|  |TAMS 0x000000008a300000, 0x000000008a400000| Untracked 
| 164|0x000000008a400000, 0x000000008a500000, 0x000000008a500000|100%| O|  |TAMS 0x000000008a400000, 0x000000008a500000| Untracked 
| 165|0x000000008a500000, 0x000000008a600000, 0x000000008a600000|100%| O|  |TAMS 0x000000008a500000, 0x000000008a600000| Untracked 
| 166|0x000000008a600000, 0x000000008a700000, 0x000000008a700000|100%| O|  |TAMS 0x000000008a600000, 0x000000008a700000| Untracked 
| 167|0x000000008a700000, 0x000000008a800000, 0x000000008a800000|100%| O|  |TAMS 0x000000008a700000, 0x000000008a800000| Untracked 
| 168|0x000000008a800000, 0x000000008a900000, 0x000000008a900000|100%| O|  |TAMS 0x000000008a800000, 0x000000008a880000| Untracked 
| 169|0x000000008a900000, 0x000000008aa00000, 0x000000008aa00000|100%| O|  |TAMS 0x000000008a900000, 0x000000008a900000| Untracked 
| 170|0x000000008aa00000, 0x000000008ab00000, 0x000000008ab00000|100%| O|  |TAMS 0x000000008aa00000, 0x000000008aa00000| Untracked 
| 171|0x000000008ab00000, 0x000000008ac00000, 0x000000008ac00000|100%| O|  |TAMS 0x000000008ab00000, 0x000000008ab00000| Untracked 
| 172|0x000000008ac00000, 0x000000008ad00000, 0x000000008ad00000|100%| O|  |TAMS 0x000000008ac00000, 0x000000008ac00000| Untracked 
| 173|0x000000008ad00000, 0x000000008ae00000, 0x000000008ae00000|100%| O|  |TAMS 0x000000008ad00000, 0x000000008ad00000| Untracked 
| 174|0x000000008ae00000, 0x000000008af00000, 0x000000008af00000|100%| O|  |TAMS 0x000000008ae00000, 0x000000008ae00000| Untracked 
| 175|0x000000008af00000, 0x000000008b000000, 0x000000008b000000|100%| O|  |TAMS 0x000000008af00000, 0x000000008af00000| Untracked 
| 176|0x000000008b000000, 0x000000008b100000, 0x000000008b100000|100%| O|  |TAMS 0x000000008b000000, 0x000000008b000000| Untracked 
| 177|0x000000008b100000, 0x000000008b200000, 0x000000008b200000|100%| O|  |TAMS 0x000000008b100000, 0x000000008b100000| Untracked 
| 178|0x000000008b200000, 0x000000008b300000, 0x000000008b300000|100%| O|  |TAMS 0x000000008b200000, 0x000000008b200000| Untracked 
| 179|0x000000008b300000, 0x000000008b400000, 0x000000008b400000|100%| O|  |TAMS 0x000000008b300000, 0x000000008b300000| Untracked 
| 180|0x000000008b400000, 0x000000008b400000, 0x000000008b500000|  0%| F|  |TAMS 0x000000008b400000, 0x000000008b400000| Untracked 
| 181|0x000000008b500000, 0x000000008b500000, 0x000000008b600000|  0%| F|  |TAMS 0x000000008b500000, 0x000000008b500000| Untracked 
| 182|0x000000008b600000, 0x000000008b600000, 0x000000008b700000|  0%| F|  |TAMS 0x000000008b600000, 0x000000008b600000| Untracked 
| 183|0x000000008b700000, 0x000000008b700000, 0x000000008b800000|  0%| F|  |TAMS 0x000000008b700000, 0x000000008b700000| Untracked 
| 184|0x000000008b800000, 0x000000008b800000, 0x000000008b900000|  0%| F|  |TAMS 0x000000008b800000, 0x000000008b800000| Untracked 
| 185|0x000000008b900000, 0x000000008b900000, 0x000000008ba00000|  0%| F|  |TAMS 0x000000008b900000, 0x000000008b900000| Untracked 
| 186|0x000000008ba00000, 0x000000008ba00000, 0x000000008bb00000|  0%| F|  |TAMS 0x000000008ba00000, 0x000000008ba00000| Untracked 
| 187|0x000000008bb00000, 0x000000008bb00000, 0x000000008bc00000|  0%| F|  |TAMS 0x000000008bb00000, 0x000000008bb00000| Untracked 
| 188|0x000000008bc00000, 0x000000008bc00000, 0x000000008bd00000|  0%| F|  |TAMS 0x000000008bc00000, 0x000000008bc00000| Untracked 
| 189|0x000000008bd00000, 0x000000008bd00000, 0x000000008be00000|  0%| F|  |TAMS 0x000000008bd00000, 0x000000008bd00000| Untracked 
| 190|0x000000008be00000, 0x000000008be00000, 0x000000008bf00000|  0%| F|  |TAMS 0x000000008be00000, 0x000000008be00000| Untracked 
| 191|0x000000008bf00000, 0x000000008bf00000, 0x000000008c000000|  0%| F|  |TAMS 0x000000008bf00000, 0x000000008bf00000| Untracked 
| 192|0x000000008c000000, 0x000000008c000000, 0x000000008c100000|  0%| F|  |TAMS 0x000000008c000000, 0x000000008c000000| Untracked 
| 193|0x000000008c100000, 0x000000008c100000, 0x000000008c200000|  0%| F|  |TAMS 0x000000008c100000, 0x000000008c100000| Untracked 
| 194|0x000000008c200000, 0x000000008c200000, 0x000000008c300000|  0%| F|  |TAMS 0x000000008c200000, 0x000000008c200000| Untracked 
| 195|0x000000008c300000, 0x000000008c300000, 0x000000008c400000|  0%| F|  |TAMS 0x000000008c300000, 0x000000008c300000| Untracked 
| 196|0x000000008c400000, 0x000000008c400000, 0x000000008c500000|  0%| F|  |TAMS 0x000000008c400000, 0x000000008c400000| Untracked 
| 197|0x000000008c500000, 0x000000008c500000, 0x000000008c600000|  0%| F|  |TAMS 0x000000008c500000, 0x000000008c500000| Untracked 
| 198|0x000000008c600000, 0x000000008c600000, 0x000000008c700000|  0%| F|  |TAMS 0x000000008c600000, 0x000000008c600000| Untracked 
| 199|0x000000008c700000, 0x000000008c700000, 0x000000008c800000|  0%| F|  |TAMS 0x000000008c700000, 0x000000008c700000| Untracked 
| 200|0x000000008c800000, 0x000000008c800000, 0x000000008c900000|  0%| F|  |TAMS 0x000000008c800000, 0x000000008c800000| Untracked 
| 201|0x000000008c900000, 0x000000008c900000, 0x000000008ca00000|  0%| F|  |TAMS 0x000000008c900000, 0x000000008c900000| Untracked 
| 202|0x000000008ca00000, 0x000000008ca00000, 0x000000008cb00000|  0%| F|  |TAMS 0x000000008ca00000, 0x000000008ca00000| Untracked 
| 203|0x000000008cb00000, 0x000000008cb00000, 0x000000008cc00000|  0%| F|  |TAMS 0x000000008cb00000, 0x000000008cb00000| Untracked 
| 204|0x000000008cc00000, 0x000000008cc00000, 0x000000008cd00000|  0%| F|  |TAMS 0x000000008cc00000, 0x000000008cc00000| Untracked 
| 205|0x000000008cd00000, 0x000000008cd00000, 0x000000008ce00000|  0%| F|  |TAMS 0x000000008cd00000, 0x000000008cd00000| Untracked 
| 206|0x000000008ce00000, 0x000000008ce00000, 0x000000008cf00000|  0%| F|  |TAMS 0x000000008ce00000, 0x000000008ce00000| Untracked 
| 207|0x000000008cf00000, 0x000000008cf00000, 0x000000008d000000|  0%| F|  |TAMS 0x000000008cf00000, 0x000000008cf00000| Untracked 
| 208|0x000000008d000000, 0x000000008d000000, 0x000000008d100000|  0%| F|  |TAMS 0x000000008d000000, 0x000000008d000000| Untracked 
| 209|0x000000008d100000, 0x000000008d100000, 0x000000008d200000|  0%| F|  |TAMS 0x000000008d100000, 0x000000008d100000| Untracked 
| 210|0x000000008d200000, 0x000000008d200000, 0x000000008d300000|  0%| F|  |TAMS 0x000000008d200000, 0x000000008d200000| Untracked 
| 211|0x000000008d300000, 0x000000008d300000, 0x000000008d400000|  0%| F|  |TAMS 0x000000008d300000, 0x000000008d300000| Untracked 
| 212|0x000000008d400000, 0x000000008d400000, 0x000000008d500000|  0%| F|  |TAMS 0x000000008d400000, 0x000000008d400000| Untracked 
| 213|0x000000008d500000, 0x000000008d500000, 0x000000008d600000|  0%| F|  |TAMS 0x000000008d500000, 0x000000008d500000| Untracked 
| 214|0x000000008d600000, 0x000000008d600000, 0x000000008d700000|  0%| F|  |TAMS 0x000000008d600000, 0x000000008d600000| Untracked 
| 215|0x000000008d700000, 0x000000008d700000, 0x000000008d800000|  0%| F|  |TAMS 0x000000008d700000, 0x000000008d700000| Untracked 
| 216|0x000000008d800000, 0x000000008d800000, 0x000000008d900000|  0%| F|  |TAMS 0x000000008d800000, 0x000000008d800000| Untracked 
| 217|0x000000008d900000, 0x000000008d900000, 0x000000008da00000|  0%| F|  |TAMS 0x000000008d900000, 0x000000008d900000| Untracked 
| 218|0x000000008da00000, 0x000000008db00000, 0x000000008db00000|100%| S|CS|TAMS 0x000000008da00000, 0x000000008da00000| Complete 
| 219|0x000000008db00000, 0x000000008dc00000, 0x000000008dc00000|100%| S|CS|TAMS 0x000000008db00000, 0x000000008db00000| Complete 
| 220|0x000000008dc00000, 0x000000008dd00000, 0x000000008dd00000|100%| S|CS|TAMS 0x000000008dc00000, 0x000000008dc00000| Complete 
| 221|0x000000008dd00000, 0x000000008dd00000, 0x000000008de00000|  0%| F|  |TAMS 0x000000008dd00000, 0x000000008dd00000| Untracked 
| 222|0x000000008de00000, 0x000000008de00000, 0x000000008df00000|  0%| F|  |TAMS 0x000000008de00000, 0x000000008de00000| Untracked 
| 223|0x000000008df00000, 0x000000008df00000, 0x000000008e000000|  0%| F|  |TAMS 0x000000008df00000, 0x000000008df00000| Untracked 
| 224|0x000000008e000000, 0x000000008e000000, 0x000000008e100000|  0%| F|  |TAMS 0x000000008e000000, 0x000000008e000000| Untracked 
| 225|0x000000008e100000, 0x000000008e100000, 0x000000008e200000|  0%| F|  |TAMS 0x000000008e100000, 0x000000008e100000| Untracked 
| 226|0x000000008e200000, 0x000000008e200000, 0x000000008e300000|  0%| F|  |TAMS 0x000000008e200000, 0x000000008e200000| Untracked 
| 227|0x000000008e300000, 0x000000008e300000, 0x000000008e400000|  0%| F|  |TAMS 0x000000008e300000, 0x000000008e300000| Untracked 
| 228|0x000000008e400000, 0x000000008e400000, 0x000000008e500000|  0%| F|  |TAMS 0x000000008e400000, 0x000000008e400000| Untracked 
| 229|0x000000008e500000, 0x000000008e500000, 0x000000008e600000|  0%| F|  |TAMS 0x000000008e500000, 0x000000008e500000| Untracked 
| 230|0x000000008e600000, 0x000000008e600000, 0x000000008e700000|  0%| F|  |TAMS 0x000000008e600000, 0x000000008e600000| Untracked 
| 231|0x000000008e700000, 0x000000008e7ebbb8, 0x000000008e800000| 92%| E|  |TAMS 0x000000008e700000, 0x000000008e700000| Complete 
| 232|0x000000008e800000, 0x000000008e900000, 0x000000008e900000|100%| E|CS|TAMS 0x000000008e800000, 0x000000008e800000| Complete 
| 233|0x000000008e900000, 0x000000008ea00000, 0x000000008ea00000|100%| E|CS|TAMS 0x000000008e900000, 0x000000008e900000| Complete 
| 234|0x000000008ea00000, 0x000000008eb00000, 0x000000008eb00000|100%| E|CS|TAMS 0x000000008ea00000, 0x000000008ea00000| Complete 
| 235|0x000000008eb00000, 0x000000008ec00000, 0x000000008ec00000|100%| E|CS|TAMS 0x000000008eb00000, 0x000000008eb00000| Complete 
| 236|0x000000008ec00000, 0x000000008ed00000, 0x000000008ed00000|100%| E|CS|TAMS 0x000000008ec00000, 0x000000008ec00000| Complete 
| 237|0x000000008ed00000, 0x000000008ee00000, 0x000000008ee00000|100%| E|CS|TAMS 0x000000008ed00000, 0x000000008ed00000| Complete 
| 238|0x000000008ee00000, 0x000000008ef00000, 0x000000008ef00000|100%| E|CS|TAMS 0x000000008ee00000, 0x000000008ee00000| Complete 
| 239|0x000000008ef00000, 0x000000008f000000, 0x000000008f000000|100%| E|CS|TAMS 0x000000008ef00000, 0x000000008ef00000| Complete 
| 240|0x000000008f000000, 0x000000008f100000, 0x000000008f100000|100%| E|CS|TAMS 0x000000008f000000, 0x000000008f000000| Complete 

Card table byte_map: [0x000001677a570000,0x000001677a970000] _byte_map_base: 0x000001677a170000

Marking Bits (Prev, Next): (CMBitMap*) 0x0000016774906c58, (CMBitMap*) 0x0000016774906c90
 Prev Bits: [0x000001677ad70000, 0x000001677cd70000)
 Next Bits: [0x000001677cd70000, 0x000001677ed70000)

Polling page: 0x0000016779b10000

Metaspace:

Usage:
  Non-class:     80.95 MB capacity,    79.61 MB ( 98%) used,     1.07 MB (  1%) free+waste,   268.00 KB ( <1%) overhead. 
      Class:     12.79 MB capacity,    11.97 MB ( 94%) used,   718.44 KB (  5%) free+waste,   119.13 KB ( <1%) overhead. 
       Both:     93.74 MB capacity,    91.58 MB ( 98%) used,     1.77 MB (  2%) free+waste,   387.13 KB ( <1%) overhead. 

Virtual space:
  Non-class space:       82.00 MB reserved,      81.12 MB ( 99%) committed 
      Class space:        1.00 GB reserved,      12.82 MB (  1%) committed 
             Both:        1.08 GB reserved,      93.95 MB (  8%) committed 

Chunk freelists:
   Non-Class:  49.00 KB
       Class:  25.00 KB
        Both:  74.00 KB

MaxMetaspaceSize: 17179869184.00 GB
CompressedClassSpaceSize: 1.00 GB
Initial GC threshold: 20.80 MB
Current GC threshold: 153.04 MB
CDS: off

CodeHeap 'non-profiled nmethods': size=120064Kb used=7587Kb max_used=7587Kb free=112476Kb
 bounds [0x0000016707ac0000, 0x0000016708230000, 0x000001670f000000]
CodeHeap 'profiled nmethods': size=120000Kb used=26246Kb max_used=26246Kb free=93753Kb
 bounds [0x0000016700590000, 0x0000016701f40000, 0x0000016707ac0000]
CodeHeap 'non-nmethods': size=5696Kb used=2389Kb max_used=2431Kb free=3307Kb
 bounds [0x0000016700000000, 0x0000016700270000, 0x0000016700590000]
 total_blobs=12776 nmethods=11873 adapters=815
 compilation: enabled
              stopped_count=0, restarted_count=0
 full_count=0

Compilation events (20 events):
Event: 34.782 Thread 0x000001677fc73800 11981       2       java.util.Arrays::hashCode (44 bytes)
Event: 34.782 Thread 0x000001677fc73800 nmethod 11981 0x0000016701f2d290 code [0x0000016701f2d440, 0x0000016701f2d5b8]
Event: 34.796 Thread 0x000001677fc73800 11983       2       com.android.tools.r8.code.q0::<init> (7 bytes)
Event: 34.797 Thread 0x000001677fc73800 nmethod 11983 0x0000016701f2d690 code [0x0000016701f2d860, 0x0000016701f2da98]
Event: 34.803 Thread 0x000001677fc73800 11985       2       com.android.tools.r8.internal.N0::entrySet (5 bytes)
Event: 34.803 Thread 0x000001677fc73800 nmethod 11985 0x0000016701f2dc90 code [0x0000016701f2de40, 0x0000016701f2df68]
Event: 34.803 Thread 0x000001677fc73800 11986       2       com.android.tools.r8.internal.bH::k (27 bytes)
Event: 34.804 Thread 0x000001677fc73800 nmethod 11986 0x0000016701f2e010 code [0x0000016701f2e1c0, 0x0000016701f2e3d8]
Event: 34.804 Thread 0x000001677fc73800 11987       2       com.android.tools.r8.internal.V0::iterator (5 bytes)
Event: 34.805 Thread 0x000001677fc73800 nmethod 11987 0x0000016701f2e490 code [0x0000016701f2e640, 0x0000016701f2e828]
Event: 34.809 Thread 0x000001677fc73800 11988       2       com.android.tools.r8.code.m0::<init> (7 bytes)
Event: 34.809 Thread 0x000001677fc73800 nmethod 11988 0x0000016701f2e910 code [0x0000016701f2eae0, 0x0000016701f2ed18]
Event: 34.809 Thread 0x000001677fc73800 11989       2       com.android.tools.r8.code.d::<init> (7 bytes)
Event: 34.810 Thread 0x000001677fc73800 nmethod 11989 0x0000016701f2ef10 code [0x0000016701f2f0e0, 0x0000016701f2f318]
Event: 34.814 Thread 0x000001677fc73800 11990       2       com.android.tools.r8.code.c0::hashCode (22 bytes)
Event: 34.814 Thread 0x000001677fc73800 nmethod 11990 0x0000016701f2f510 code [0x0000016701f2f6c0, 0x0000016701f2f808]
Event: 34.815 Thread 0x000001677fc73800 11991       2       com.android.tools.r8.code.F3::<init> (85 bytes)
Event: 34.816 Thread 0x000001677fc73800 nmethod 11991 0x0000016701f2f890 code [0x0000016701f2fac0, 0x0000016701f301e8]
Event: 34.838 Thread 0x000001677fc73800 11992       2       com.android.tools.r8.code.B2::<init> (7 bytes)
Event: 34.839 Thread 0x000001677fc73800 nmethod 11992 0x0000016701f30710 code [0x0000016701f308e0, 0x0000016701f30b18]

GC Heap History (20 events):
Event: 26.723 GC heap before
{Heap before GC invocations=46 (full 0):
 garbage-first heap   total 165888K, used 131027K [0x0000000080000000, 0x0000000100000000)
  region size 1024K, 58 young (59392K), 7 survivors (7168K)
 Metaspace       used 86924K, capacity 89065K, committed 89416K, reserved 1126400K
  class space    used 11300K, capacity 12111K, committed 12236K, reserved 1048576K
}
Event: 26.752 GC heap after
{Heap after GC invocations=47 (full 0):
 garbage-first heap   total 165888K, used 84073K [0x0000000080000000, 0x0000000100000000)
  region size 1024K, 8 young (8192K), 8 survivors (8192K)
 Metaspace       used 86924K, capacity 89065K, committed 89416K, reserved 1126400K
  class space    used 11300K, capacity 12111K, committed 12236K, reserved 1048576K
}
Event: 28.652 GC heap before
{Heap before GC invocations=47 (full 0):
 garbage-first heap   total 165888K, used 133225K [0x0000000080000000, 0x0000000100000000)
  region size 1024K, 57 young (58368K), 8 survivors (8192K)
 Metaspace       used 88213K, capacity 90351K, committed 90440K, reserved 1128448K
  class space    used 11401K, capacity 12181K, committed 12236K, reserved 1048576K
}
Event: 28.684 GC heap after
{Heap after GC invocations=48 (full 0):
 garbage-first heap   total 199680K, used 87040K [0x0000000080000000, 0x0000000100000000)
  region size 1024K, 7 young (7168K), 7 survivors (7168K)
 Metaspace       used 88213K, capacity 90351K, committed 90440K, reserved 1128448K
  class space    used 11401K, capacity 12181K, committed 12236K, reserved 1048576K
}
Event: 30.501 GC heap before
{Heap before GC invocations=49 (full 0):
 garbage-first heap   total 199680K, used 153600K [0x0000000080000000, 0x0000000100000000)
  region size 1024K, 66 young (67584K), 7 survivors (7168K)
 Metaspace       used 88607K, capacity 90790K, committed 91080K, reserved 1128448K
  class space    used 11445K, capacity 12261K, committed 12364K, reserved 1048576K
}
Event: 30.532 GC heap after
{Heap after GC invocations=50 (full 0):
 garbage-first heap   total 199680K, used 102057K [0x0000000080000000, 0x0000000100000000)
  region size 1024K, 9 young (9216K), 9 survivors (9216K)
 Metaspace       used 88607K, capacity 90790K, committed 91080K, reserved 1128448K
  class space    used 11445K, capacity 12261K, committed 12364K, reserved 1048576K
}
Event: 31.618 GC heap before
{Heap before GC invocations=51 (full 0):
 garbage-first heap   total 199680K, used 122537K [0x0000000080000000, 0x0000000100000000)
  region size 1024K, 28 young (28672K), 9 survivors (9216K)
 Metaspace       used 91200K, capacity 93336K, committed 93768K, reserved 1130496K
  class space    used 11782K, capacity 12577K, committed 12748K, reserved 1048576K
}
Event: 31.637 GC heap after
{Heap after GC invocations=52 (full 0):
 garbage-first heap   total 199680K, used 108147K [0x0000000080000000, 0x0000000100000000)
  region size 1024K, 3 young (3072K), 3 survivors (3072K)
 Metaspace       used 91200K, capacity 93336K, committed 93768K, reserved 1130496K
  class space    used 11782K, capacity 12577K, committed 12748K, reserved 1048576K
}
Event: 32.264 GC heap before
{Heap before GC invocations=53 (full 0):
 garbage-first heap   total 199680K, used 175731K [0x0000000080000000, 0x0000000100000000)
  region size 1024K, 42 young (43008K), 3 survivors (3072K)
 Metaspace       used 91436K, capacity 93568K, committed 94024K, reserved 1130496K
  class space    used 11805K, capacity 12611K, committed 12748K, reserved 1048576K
}
Event: 32.309 GC heap after
{Heap after GC invocations=54 (full 0):
 garbage-first heap   total 199680K, used 133628K [0x0000000080000000, 0x0000000100000000)
  region size 1024K, 6 young (6144K), 6 survivors (6144K)
 Metaspace       used 91436K, capacity 93568K, committed 94024K, reserved 1130496K
  class space    used 11805K, capacity 12611K, committed 12748K, reserved 1048576K
}
Event: 32.535 GC heap before
{Heap before GC invocations=54 (full 0):
 garbage-first heap   total 199680K, used 140796K [0x0000000080000000, 0x0000000100000000)
  region size 1024K, 14 young (14336K), 6 survivors (6144K)
 Metaspace       used 91441K, capacity 93572K, committed 94024K, reserved 1130496K
  class space    used 11805K, capacity 12611K, committed 12748K, reserved 1048576K
}
Event: 32.597 GC heap after
{Heap after GC invocations=55 (full 0):
 garbage-first heap   total 199680K, used 137295K [0x0000000080000000, 0x0000000100000000)
  region size 1024K, 3 young (3072K), 3 survivors (3072K)
 Metaspace       used 91441K, capacity 93572K, committed 94024K, reserved 1130496K
  class space    used 11805K, capacity 12611K, committed 12748K, reserved 1048576K
}
Event: 33.150 GC heap before
{Heap before GC invocations=55 (full 0):
 garbage-first heap   total 199680K, used 158799K [0x0000000080000000, 0x0000000100000000)
  region size 1024K, 23 young (23552K), 3 survivors (3072K)
 Metaspace       used 91876K, capacity 94006K, committed 94280K, reserved 1130496K
  class space    used 11874K, capacity 12693K, committed 12748K, reserved 1048576K
}
Event: 33.209 GC heap after
{Heap after GC invocations=56 (full 0):
 garbage-first heap   total 246784K, used 147106K [0x0000000080000000, 0x0000000100000000)
  region size 1024K, 3 young (3072K), 3 survivors (3072K)
 Metaspace       used 91876K, capacity 94006K, committed 94280K, reserved 1130496K
  class space    used 11874K, capacity 12693K, committed 12748K, reserved 1048576K
}
Event: 34.161 GC heap before
{Heap before GC invocations=57 (full 0):
 garbage-first heap   total 246784K, used 179874K [0x0000000080000000, 0x0000000100000000)
  region size 1024K, 36 young (36864K), 3 survivors (3072K)
 Metaspace       used 93753K, capacity 95982K, committed 96200K, reserved 1132544K
  class space    used 12257K, capacity 13095K, committed 13132K, reserved 1048576K
}
Event: 34.224 GC heap after
{Heap after GC invocations=58 (full 0):
 garbage-first heap   total 246784K, used 161692K [0x0000000080000000, 0x0000000100000000)
  region size 1024K, 5 young (5120K), 5 survivors (5120K)
 Metaspace       used 93753K, capacity 95982K, committed 96200K, reserved 1132544K
  class space    used 12257K, capacity 13095K, committed 13132K, reserved 1048576K
}
Event: 34.506 GC heap before
{Heap before GC invocations=58 (full 0):
 garbage-first heap   total 246784K, used 189340K [0x0000000080000000, 0x0000000100000000)
  region size 1024K, 32 young (32768K), 5 survivors (5120K)
 Metaspace       used 93771K, capacity 95986K, committed 96200K, reserved 1132544K
  class space    used 12257K, capacity 13095K, committed 13132K, reserved 1048576K
}
Event: 34.549 GC heap after
{Heap after GC invocations=59 (full 0):
 garbage-first heap   total 246784K, used 176640K [0x0000000080000000, 0x0000000100000000)
  region size 1024K, 4 young (4096K), 4 survivors (4096K)
 Metaspace       used 93771K, capacity 95986K, committed 96200K, reserved 1132544K
  class space    used 12257K, capacity 13095K, committed 13132K, reserved 1048576K
}
Event: 34.856 GC heap before
{Heap before GC invocations=59 (full 0):
 garbage-first heap   total 246784K, used 197120K [0x0000000080000000, 0x0000000100000000)
  region size 1024K, 24 young (24576K), 4 survivors (4096K)
 Metaspace       used 93779K, capacity 95986K, committed 96200K, reserved 1132544K
  class space    used 12257K, capacity 13095K, committed 13132K, reserved 1048576K
}
Event: 34.888 GC heap after
{Heap after GC invocations=60 (full 0):
 garbage-first heap   total 246784K, used 187392K [0x0000000080000000, 0x0000000100000000)
  region size 1024K, 3 young (3072K), 3 survivors (3072K)
 Metaspace       used 93779K, capacity 95986K, committed 96200K, reserved 1132544K
  class space    used 12257K, capacity 13095K, committed 13132K, reserved 1048576K
}

Deoptimization events (20 events):
Event: 34.830 Thread 0x0000016713f28800 DEOPT PACKING pc=0x0000016701e09e1d sp=0x0000003ea8efe780
Event: 34.830 Thread 0x0000016713f28800 DEOPT UNPACKING pc=0x000001670004a95e sp=0x0000003ea8efdda8 mode 0
Event: 34.834 Thread 0x0000016713f28800 DEOPT PACKING pc=0x0000016701e09e1d sp=0x0000003ea8efe760
Event: 34.834 Thread 0x0000016713f28800 DEOPT UNPACKING pc=0x000001670004a95e sp=0x0000003ea8efdd88 mode 0
Event: 34.845 Thread 0x0000016713f1d000 DEOPT PACKING pc=0x0000016701e09e1d sp=0x0000003ea4dfec30
Event: 34.845 Thread 0x0000016713f1d000 DEOPT UNPACKING pc=0x000001670004a95e sp=0x0000003ea4dfe258 mode 0
Event: 34.889 Thread 0x0000016713f29000 DEOPT PACKING pc=0x0000016701e09e1d sp=0x0000003ea8ffe700
Event: 34.889 Thread 0x0000016713f29000 DEOPT UNPACKING pc=0x000001670004a95e sp=0x0000003ea8ffdd28 mode 0
Event: 34.895 Thread 0x0000016713f29000 DEOPT PACKING pc=0x0000016701f0abfb sp=0x0000003ea8ffdef0
Event: 34.895 Thread 0x0000016713f29000 DEOPT UNPACKING pc=0x000001670004a95e sp=0x0000003ea8ffdb40 mode 0
Event: 34.902 Thread 0x0000016713f1d000 DEOPT PACKING pc=0x0000016701e09e1d sp=0x0000003ea4dfec30
Event: 34.902 Thread 0x0000016713f1d000 DEOPT UNPACKING pc=0x000001670004a95e sp=0x0000003ea4dfe258 mode 0
Event: 34.910 Thread 0x0000016713f1d000 DEOPT PACKING pc=0x0000016701e09e1d sp=0x0000003ea4dfec30
Event: 34.910 Thread 0x0000016713f1d000 DEOPT UNPACKING pc=0x000001670004a95e sp=0x0000003ea4dfe258 mode 0
Event: 34.922 Thread 0x0000016713f1d000 DEOPT PACKING pc=0x0000016701e09e1d sp=0x0000003ea4dfec50
Event: 34.922 Thread 0x0000016713f1d000 DEOPT UNPACKING pc=0x000001670004a95e sp=0x0000003ea4dfe278 mode 0
Event: 34.932 Thread 0x0000016713f1d000 DEOPT PACKING pc=0x0000016701e09e1d sp=0x0000003ea4dfec30
Event: 34.933 Thread 0x0000016713f1d000 DEOPT UNPACKING pc=0x000001670004a95e sp=0x0000003ea4dfe258 mode 0
Event: 34.939 Thread 0x0000016713f27800 DEOPT PACKING pc=0x0000016701f0abfb sp=0x0000003ea90fe230
Event: 34.939 Thread 0x0000016713f27800 DEOPT UNPACKING pc=0x000001670004a95e sp=0x0000003ea90fde80 mode 0

Classes redefined (0 events):
No events

Internal exceptions (20 events):
Event: 22.735 Thread 0x0000016713c67800 Exception <a 'java/lang/NoSuchMethodError'{0x000000008888a7d8}: <clinit>> (0x000000008888a7d8) thrown at [./src/hotspot/share/prims/jni.cpp, line 1365]
Event: 22.737 Thread 0x000001671351c800 Exception <a 'java/lang/NoSuchMethodError'{0x0000000088843210}: 'java.lang.Object java.lang.invoke.DirectMethodHandle$Holder.invokeInterface(java.lang.Object, java.lang.Object, int)'> (0x0000000088843210) thrown at [./src/hotspot/share/interpreter/linkResolver.cpp, line 773]
Event: 22.740 Thread 0x000001671351c800 Exception <a 'java/lang/NoSuchMethodError'{0x0000000088858a08}: 'void java.lang.invoke.DirectMethodHandle$Holder.invokeStatic(java.lang.Object, java.lang.Object, java.lang.Object, int)'> (0x0000000088858a08) thrown at [./src/hotspot/share/interpreter/linkResolver.cpp, line 773]
Event: 22.835 Thread 0x000001671351c800 Implicit null exception at 0x0000016707d692f7 to 0x0000016707d69490
Event: 22.852 Thread 0x000001671351c800 Exception <a 'java/lang/IncompatibleClassChangeError'{0x00000000887b2450}: Found class java.lang.Object, but interface was expected> (0x00000000887b2450) thrown at [./src/hotspot/share/interpreter/linkResolver.cpp, line 839]
Event: 23.449 Thread 0x000001671351c800 Exception <a 'java/lang/NoSuchMethodError'{0x0000000087ae2628}: 'void java.lang.invoke.DirectMethodHandle$Holder.invokeStatic(java.lang.Object, java.lang.Object, java.lang.Object, java.lang.Object, int, java.lang.Object, java.lang.Object)'> (0x0000000087ae2628) thrown at [./src/hotspot/share/interpreter/linkResolver.cpp, line 773]
Event: 23.510 Thread 0x000001671408c800 Exception <a 'java/lang/NoSuchMethodError'{0x000000008a067db0}: 'java.lang.Object java.lang.invoke.DirectMethodHandle$Holder.invokeSpecialIFC(java.lang.Object, java.lang.Object, java.lang.Object)'> (0x000000008a067db0) thrown at [./src/hotspot/share/interpreter/linkResolver.cpp, line 773]
Event: 23.510 Thread 0x0000016716d30800 Exception <a 'java/lang/NoSuchMethodError'{0x000000008a0801b8}: 'java.lang.Object java.lang.invoke.DirectMethodHandle$Holder.invokeSpecialIFC(java.lang.Object, java.lang.Object, java.lang.Object)'> (0x000000008a0801b8) thrown at [./src/hotspot/share/interpreter/linkResolver.cpp, line 773]
Event: 23.572 Thread 0x000001671408c800 Exception <a 'java/lang/NoSuchMethodError'{0x0000000089effaf0}: 'int java.lang.invoke.DirectMethodHandle$Holder.invokeStaticInit(java.lang.Object, java.lang.Object, java.lang.Object, java.lang.Object, java.lang.Object)'> (0x0000000089effaf0) thrown at [./src/hotspot/share/interpreter/linkResolver.cpp, line 773]
Event: 23.968 Thread 0x0000016716d30800 Exception <a 'java/lang/NoSuchMethodError'{0x00000000899be478}: 'void java.lang.invoke.DirectMethodHandle$Holder.invokeVirtual(java.lang.Object, java.lang.Object)'> (0x00000000899be478) thrown at [./src/hotspot/share/interpreter/linkResolver.cpp, line 773]
Event: 26.961 Thread 0x000001671351c800 Exception <a 'java/lang/NoSuchMethodError'{0x000000008976b4a8}: <clinit>> (0x000000008976b4a8) thrown at [./src/hotspot/share/prims/jni.cpp, line 1365]
Event: 27.754 Thread 0x0000016713c67800 Exception <a 'java/lang/NoSuchMethodError'{0x000000008862f228}: <clinit>> (0x000000008862f228) thrown at [./src/hotspot/share/prims/jni.cpp, line 1365]
Event: 27.759 Thread 0x0000016713c67800 Exception <a 'java/lang/NoSuchMethodError'{0x000000008864e088}: <clinit>> (0x000000008864e088) thrown at [./src/hotspot/share/prims/jni.cpp, line 1365]
Event: 27.764 Thread 0x0000016713c67800 Exception <a 'java/lang/NoSuchMethodError'{0x00000000886605e0}: <clinit>> (0x00000000886605e0) thrown at [./src/hotspot/share/prims/jni.cpp, line 1365]
Event: 31.232 Thread 0x0000016713f21000 Exception <a 'sun/nio/fs/WindowsException'{0x000000008b9488d0}> (0x000000008b9488d0) thrown at [./src/hotspot/share/prims/jni.cpp, line 615]
Event: 31.596 Thread 0x0000016713f21000 Exception <a 'java/lang/NoSuchMethodError'{0x000000008b28a2e8}: 'java.lang.Object java.lang.invoke.DirectMethodHandle$Holder.invokeStaticInit(java.lang.Object, java.lang.Object, java.lang.Object, java.lang.Object, java.lang.Object, java.lang.Object, java.lang.Object, java.lang.Object, java.lang.Object, java.lang.Object, java.lang.Object, java.lang.Object, java.lang.Object, java.lang.Object, java.lang.Object, java.lang.Object, java.lang.Object, java.lang.Object, int, java.lang.Object, java.lang.Object)'> (0
Event: 33.150 Thread 0x0000016713f28800 Exception <a 'java/lang/IncompatibleClassChangeError'{0x000000008acfec50}: Found class java.lang.Object, but interface was expected> (0x000000008acfec50) thrown at [./src/hotspot/share/interpreter/linkResolver.cpp, line 839]
Event: 33.327 Thread 0x0000016713f1d000 Exception <a 'java/lang/NoSuchMethodError'{0x000000008f0a2978}: 'java.lang.Object java.lang.invoke.DirectMethodHandle$Holder.newInvokeSpecial(java.lang.Object, int)'> (0x000000008f0a2978) thrown at [./src/hotspot/share/interpreter/linkResolver.cpp, line 773]
Event: 33.335 Thread 0x0000016713f28800 Exception <a 'java/lang/IncompatibleClassChangeError'{0x000000008f0d3a58}: Found class java.lang.Object, but interface was expected> (0x000000008f0d3a58) thrown at [./src/hotspot/share/interpreter/linkResolver.cpp, line 839]
Event: 33.336 Thread 0x0000016713f28800 Exception <a 'java/lang/IncompatibleClassChangeError'{0x000000008f0d9a98}: Found class java.lang.Object, but interface was expected> (0x000000008f0d9a98) thrown at [./src/hotspot/share/interpreter/linkResolver.cpp, line 839]

Events (20 events):
Event: 33.528 loading class com/android/tools/r8/internal/ZG
Event: 33.528 loading class com/android/tools/r8/internal/ZG done
Event: 33.533 loading class com/android/tools/r8/graph/W0
Event: 33.533 loading class com/android/tools/r8/graph/W0 done
Event: 33.534 loading class com/android/tools/r8/graph/N2
Event: 33.534 loading class com/android/tools/r8/graph/N2 done
Event: 33.534 loading class com/android/tools/r8/internal/XG
Event: 33.534 loading class com/android/tools/r8/internal/XG done
Event: 33.567 loading class com/android/tools/r8/internal/cH
Event: 33.567 loading class com/android/tools/r8/internal/cH done
Event: 33.577 loading class com/android/tools/r8/internal/Dj
Event: 33.577 loading class com/android/tools/r8/internal/Dj done
Event: 33.579 loading class com/android/tools/r8/internal/aB
Event: 33.579 loading class com/android/tools/r8/internal/aB done
Event: 34.159 Executing VM operation: G1CollectForAllocation
Event: 34.224 Executing VM operation: G1CollectForAllocation done
Event: 34.505 Executing VM operation: G1CollectForAllocation
Event: 34.549 Executing VM operation: G1CollectForAllocation done
Event: 34.856 Executing VM operation: G1CollectForAllocation
Event: 34.888 Executing VM operation: G1CollectForAllocation done


Dynamic libraries:
0x00007ff62e560000 - 0x00007ff62e56a000 	C:\Program Files\Android\Android Studio\jre\bin\java.exe
0x00007ffa39db0000 - 0x00007ffa39f9e000 	C:\Windows\SYSTEM32\ntdll.dll
0x00007ffa39270000 - 0x00007ffa39323000 	C:\Windows\System32\KERNEL32.DLL
0x00007ffa36770000 - 0x00007ffa36a0d000 	C:\Windows\System32\KERNELBASE.dll
0x00007ffa35e50000 - 0x00007ffa35f4a000 	C:\Windows\System32\ucrtbase.dll
0x00007ffa28580000 - 0x00007ffa28599000 	C:\Program Files\Android\Android Studio\jre\bin\jli.dll
0x00007ffa37140000 - 0x00007ffa372d8000 	C:\Windows\System32\USER32.dll
0x00007ffa36d30000 - 0x00007ffa36d50000 	C:\Windows\System32\win32u.dll
0x00007ffa36fe0000 - 0x00007ffa37009000 	C:\Windows\System32\GDI32.dll
0x00007ffa36a10000 - 0x00007ffa36bb0000 	C:\Windows\System32\gdi32full.dll
0x00007ffa366d0000 - 0x00007ffa36770000 	C:\Windows\System32\msvcp_win.dll
0x00007ffa0f920000 - 0x00007ffa0f937000 	C:\Program Files\Android\Android Studio\jre\bin\VCRUNTIME140.dll
0x00007ffa28300000 - 0x00007ffa28579000 	C:\Windows\WinSxS\amd64_microsoft.windows.common-controls_6595b64144ccf1df_6.0.17763.4010_none_de6ee876534d4e3f\COMCTL32.dll
0x00007ffa37af0000 - 0x00007ffa37b8e000 	C:\Windows\System32\msvcrt.dll
0x00007ffa372e0000 - 0x00007ffa3760c000 	C:\Windows\System32\combase.dll
0x00007ffa37020000 - 0x00007ffa3713d000 	C:\Windows\System32\RPCRT4.dll
0x00007ffa36f50000 - 0x00007ffa36fd2000 	C:\Windows\System32\bcryptPrimitives.dll
0x00007ffa37690000 - 0x00007ffa376be000 	C:\Windows\System32\IMM32.DLL
0x00007ffa35ba0000 - 0x00007ffa35bd6000 	C:\Windows\system32\DriverStore\FileRepository\nvam.inf_amd64_20c0bba34ffd86ca\nvinitx.dll
0x00007ffa37990000 - 0x00007ffa37a37000 	C:\Windows\System32\ADVAPI32.dll
0x00007ffa394c0000 - 0x00007ffa3955f000 	C:\Windows\System32\sechost.dll
0x00007ffa35b90000 - 0x00007ffa35b9a000 	C:\Windows\SYSTEM32\VERSION.dll
0x00007ffa37d10000 - 0x00007ffa39208000 	C:\Windows\System32\Shell32.dll
0x00007ffa36c10000 - 0x00007ffa36c5a000 	C:\Windows\System32\cfgmgr32.dll
0x00007ffa37a40000 - 0x00007ffa37ae7000 	C:\Windows\System32\shcore.dll
0x00007ffa35f80000 - 0x00007ffa366c9000 	C:\Windows\System32\windows.storage.dll
0x00007ffa35dc0000 - 0x00007ffa35de3000 	C:\Windows\System32\profapi.dll
0x00007ffa35df0000 - 0x00007ffa35e4d000 	C:\Windows\System32\powrprof.dll
0x00007ffa395e0000 - 0x00007ffa39632000 	C:\Windows\System32\shlwapi.dll
0x00007ffa35da0000 - 0x00007ffa35db1000 	C:\Windows\System32\kernel.appcore.dll
0x00007ffa36c60000 - 0x00007ffa36c7b000 	C:\Windows\System32\cryptsp.dll
0x000000005dd70000 - 0x000000005dd76000 	C:\Program Files\NVIDIA Corporation\CoProcManager\_etoured.dll
0x00007ffa2a7a0000 - 0x00007ffa2a7e3000 	C:\Program Files\NVIDIA Corporation\CoProcManager\nvd3d9wrapx.dll
0x00007ffa398a0000 - 0x00007ffa39d16000 	C:\Windows\System32\SETUPAPI.dll
0x00007ffa35f50000 - 0x00007ffa35f76000 	C:\Windows\System32\bcrypt.dll
0x00007ffa2b560000 - 0x00007ffa2b58d000 	C:\Program Files\NVIDIA Corporation\CoProcManager\nvdxgiwrapx.dll
0x00007ffa0caa0000 - 0x00007ffa0cb3d000 	C:\Program Files\Android\Android Studio\jre\bin\msvcp140.dll
0x00007ffa11520000 - 0x00007ffa12005000 	C:\Program Files\Android\Android Studio\jre\bin\server\jvm.dll
0x00007ffa39560000 - 0x00007ffa39568000 	C:\Windows\System32\PSAPI.DLL
0x00007ffa32b00000 - 0x00007ffa32b09000 	C:\Windows\SYSTEM32\WSOCK32.dll
0x00007ffa39570000 - 0x00007ffa395dd000 	C:\Windows\System32\WS2_32.dll
0x00007ffa32a60000 - 0x00007ffa32a84000 	C:\Windows\SYSTEM32\WINMM.dll
0x00007ffa32a30000 - 0x00007ffa32a5d000 	C:\Windows\SYSTEM32\WINMMBASE.dll
0x00007ffa31800000 - 0x00007ffa31811000 	C:\Program Files\Android\Android Studio\jre\bin\verify.dll
0x00007ffa240d0000 - 0x00007ffa242bd000 	C:\Windows\SYSTEM32\DBGHELP.DLL
0x00007ffa240a0000 - 0x00007ffa240ca000 	C:\Windows\SYSTEM32\dbgcore.DLL
0x00007ffa2f070000 - 0x00007ffa2f099000 	C:\Program Files\Android\Android Studio\jre\bin\java.dll
0x00007ffa32680000 - 0x00007ffa3268b000 	C:\Program Files\Android\Android Studio\jre\bin\jimage.dll
0x00007ffa312e0000 - 0x00007ffa312f8000 	C:\Program Files\Android\Android Studio\jre\bin\zip.dll
0x00007ffa30940000 - 0x00007ffa3095a000 	C:\Program Files\Android\Android Studio\jre\bin\net.dll
0x00007ffa29800000 - 0x00007ffa298ff000 	C:\Windows\SYSTEM32\WINHTTP.dll
0x00007ffa35520000 - 0x00007ffa35587000 	C:\Windows\system32\mswsock.dll
0x00007ffa2f050000 - 0x00007ffa2f064000 	C:\Program Files\Android\Android Studio\jre\bin\nio.dll
0x00007ffa04dd0000 - 0x00007ffa04df7000 	C:\Users\User\.gradle\native\e1d6ef7f7dcc3fd88c89a11ec53ec762bb8ba0a96d01ffa2cd45eb1d1d8dd5c5\windows-amd64\native-platform.dll
0x00007ffa0c750000 - 0x00007ffa0c894000 	C:\Users\User\.gradle\native\5664cfc778a61ccfe75a443a1ab52a65af34e5dc3c78e0209fed803814484fcb\windows-amd64\native-platform-file-events.dll
0x00007ffa325b0000 - 0x00007ffa325ba000 	C:\Program Files\Android\Android Studio\jre\bin\management.dll
0x00007ffa32580000 - 0x00007ffa3258d000 	C:\Program Files\Android\Android Studio\jre\bin\management_ext.dll
0x00007ffa350a0000 - 0x00007ffa350d3000 	C:\Windows\system32\rsaenh.dll
0x00007ffa35c80000 - 0x00007ffa35ca9000 	C:\Windows\SYSTEM32\USERENV.dll
0x00007ffa356f0000 - 0x00007ffa356fc000 	C:\Windows\SYSTEM32\CRYPTBASE.dll
0x00007ffa35230000 - 0x00007ffa3526d000 	C:\Windows\SYSTEM32\IPHLPAPI.DLL
0x00007ffa37830000 - 0x00007ffa37838000 	C:\Windows\System32\NSI.dll
0x00007ffa2cac0000 - 0x00007ffa2cad6000 	C:\Windows\SYSTEM32\dhcpcsvc6.DLL
0x00007ffa2ce60000 - 0x00007ffa2ce7c000 	C:\Windows\SYSTEM32\dhcpcsvc.DLL
0x00007ffa35270000 - 0x00007ffa35336000 	C:\Windows\SYSTEM32\DNSAPI.dll

dbghelp: loaded successfully - version: 4.0.5 - missing functions: none
symbol engine: initialized successfully - sym options: 0x614 - pdb path: .;C:\Program Files\Android\Android Studio\jre\bin;C:\Windows\SYSTEM32;C:\Windows\WinSxS\amd64_microsoft.windows.common-controls_6595b64144ccf1df_6.0.17763.4010_none_de6ee876534d4e3f;C:\Windows\system32\DriverStore\FileRepository\nvam.inf_amd64_20c0bba34ffd86ca;C:\Program Files\NVIDIA Corporation\CoProcManager;C:\Program Files\Android\Android Studio\jre\bin\server;C:\Users\User\.gradle\native\e1d6ef7f7dcc3fd88c89a11ec53ec762bb8ba0a96d01ffa2cd45eb1d1d8dd5c5\windows-amd64;C:\Users\User\.gradle\native\5664cfc778a61ccfe75a443a1ab52a65af34e5dc3c78e0209fed803814484fcb\windows-amd64

VM Arguments:
jvm_args: --add-opens=java.base/java.util=ALL-UNNAMED --add-opens=java.base/java.lang=ALL-UNNAMED --add-opens=java.base/java.lang.invoke=ALL-UNNAMED --add-opens=java.base/java.util=ALL-UNNAMED --add-opens=java.prefs/java.util.prefs=ALL-UNNAMED --add-opens=java.prefs/java.util.prefs=ALL-UNNAMED --add-opens=java.base/java.nio.charset=ALL-UNNAMED --add-opens=java.base/java.net=ALL-UNNAMED --add-opens=java.base/java.util.concurrent.atomic=ALL-UNNAMED -Xmx2048m -Dfile.encoding=UTF-8 -Duser.country=RU -Duser.language=ru -Duser.variant 
java_command: org.gradle.launcher.daemon.bootstrap.GradleDaemon 7.3.3
java_class_path (initial): C:\Users\User\.gradle\wrapper\dists\gradle-7.3.3-bin\6a41zxkdtcxs8rphpq6y0069z\gradle-7.3.3\lib\gradle-launcher-7.3.3.jar
Launcher Type: SUN_STANDARD

[Global flags]
     intx CICompilerCount                          = 3                                         {product} {ergonomic}
     uint ConcGCThreads                            = 1                                         {product} {ergonomic}
     uint G1ConcRefinementThreads                  = 4                                         {product} {ergonomic}
   size_t G1HeapRegionSize                         = 1048576                                   {product} {ergonomic}
    uintx GCDrainStackTargetSize                   = 64                                        {product} {ergonomic}
   size_t InitialHeapSize                          = 67108864                                  {product} {ergonomic}
   size_t MarkStackSize                            = 4194304                                   {product} {ergonomic}
   size_t MaxHeapSize                              = 2147483648                                {product} {command line}
   size_t MaxNewSize                               = 1287651328                                {product} {ergonomic}
   size_t MinHeapDeltaBytes                        = 1048576                                   {product} {ergonomic}
    uintx NonNMethodCodeHeapSize                   = 5830732                                {pd product} {ergonomic}
    uintx NonProfiledCodeHeapSize                  = 122913754                              {pd product} {ergonomic}
    uintx ProfiledCodeHeapSize                     = 122913754                              {pd product} {ergonomic}
    uintx ReservedCodeCacheSize                    = 251658240                              {pd product} {ergonomic}
     bool SegmentedCodeCache                       = true                                      {product} {ergonomic}
     bool UseCompressedClassPointers               = true                                 {lp64_product} {ergonomic}
     bool UseCompressedOops                        = true                                 {lp64_product} {ergonomic}
     bool UseG1GC                                  = true                                      {product} {ergonomic}
     bool UseLargePagesIndividualAllocation        = false                                  {pd product} {ergonomic}

Logging:
Log output configuration:
 #0: stdout all=warning uptime,level,tags
 #1: stderr all=off uptime,level,tags

Environment Variables:
PATH=C:\Program Files\Common Files\Oracle\Java\javapath;C:\Windows\system32;C:\Windows;C:\Windows\System32\Wbem;C:\Windows\System32\WindowsPowerShell\v1.0\;C:\Windows\System32\OpenSSH\;C:\Program Files\Git\cmd;C:\Users\User\AppData\Local\Microsoft\WindowsApps;C:\Users\User\AppData\Local\GitHubDesktop\bin
USERNAME=User
OS=Windows_NT
PROCESSOR_IDENTIFIER=Intel64 Family 6 Model 42 Stepping 7, GenuineIntel



---------------  S Y S T E M  ---------------

OS: Windows 10 , 64 bit Build 17763 (10.0.17763.3887)
OS uptime: 15 days 21:23 hours

CPU:total 4 (initial active 4) (2 cores per cpu, 2 threads per core) family 6 model 42 stepping 7 microcode 0x2f, cmov, cx8, fxsr, mmx, sse, sse2, sse3, ssse3, sse4.1, sse4.2, popcnt, avx, aes, clmul, ht, tsc, tscinvbit

Memory: 4k page, system-wide physical 4006M (567M free)
TotalPageFile size 7718M (AvailPageFile size 1933M)
current process WorkingSet (physical memory assigned to process): 525M, peak: 528M
current process commit charge ("private bytes"): 563M, peak: 566M

vm_info: OpenJDK 64-Bit Server VM (11.0.12+7-b1504.28-7817840) for windows-amd64 JRE (11.0.12+7-b1504.28-7817840), built on Oct 13 2021 22:12:33 by "builder" with MS VC++ 14.0 (VS2015)

END.
