#
# A fatal error has been detected by the Java Runtime Environment:
#
#  EXCEPTION_ACCESS_VIOLATION (0xc0000005) at pc=0x00007ffa117fbfdd, pid=2824, tid=7532
#
# JRE version: OpenJDK Runtime Environment (11.0.12+7) (build 11.0.12+7-b1504.28-7817840)
# Java VM: OpenJDK 64-Bit Server VM (11.0.12+7-b1504.28-7817840, mixed mode, tiered, compressed oops, g1 gc, windows-amd64)
# Problematic frame:
# V  [jvm.dll+0x2dbfdd]
#
# No core dump will be written. Minidumps are not enabled by default on client versions of Windows
#
# If you would like to submit a bug report, please visit:
#   https://bugreport.java.com/bugreport/crash.jsp
#

---------------  S U M M A R Y ------------

Command Line: --add-opens=java.base/java.util=ALL-UNNAMED --add-opens=java.base/java.lang=ALL-UNNAMED --add-opens=java.base/java.lang.invoke=ALL-UNNAMED --add-opens=java.base/java.util=ALL-UNNAMED --add-opens=java.prefs/java.util.prefs=ALL-UNNAMED --add-opens=java.prefs/java.util.prefs=ALL-UNNAMED --add-opens=java.base/java.nio.charset=ALL-UNNAMED --add-opens=java.base/java.net=ALL-UNNAMED --add-opens=java.base/java.util.concurrent.atomic=ALL-UNNAMED -Xmx2048m -Dfile.encoding=UTF-8 -Duser.country=RU -Duser.language=ru -Duser.variant org.gradle.launcher.daemon.bootstrap.GradleDaemon 7.3.3

Host: Intel(R) Core(TM) i5-2410M CPU @ 2.30GHz, 4 cores, 3G,  Windows 10 , 64 bit Build 17763 (10.0.17763.3887)
Time: Fri Mar 24 12:31:13 2023 Oaio?aeuiay Acey (ceia) elapsed time: 18.018970 seconds (0d 0h 0m 18s)

---------------  T H R E A D  ---------------

Current thread (0x000001b42023e000):  GCTaskThread "GC Thread#1" [stack: 0x0000006e36d00000,0x0000006e36e00000] [id=7532]

Stack: [0x0000006e36d00000,0x0000006e36e00000],  sp=0x0000006e36dff1d0,  free space=1020k
Native frames: (J=compiled Java code, j=interpreted, Vv=VM code, C=native code)
V  [jvm.dll+0x2dbfdd]
V  [jvm.dll+0x30633f]
V  [jvm.dll+0x3075d8]
V  [jvm.dll+0x2d9052]
V  [jvm.dll+0x3057ab]
V  [jvm.dll+0x3054de]
V  [jvm.dll+0x313e87]
V  [jvm.dll+0x2b4b2e]
V  [jvm.dll+0x2b4a51]
V  [jvm.dll+0x2e20e5]
V  [jvm.dll+0x315855]
V  [jvm.dll+0x31469d]
V  [jvm.dll+0x2e5248]
V  [jvm.dll+0x757cd0]
V  [jvm.dll+0x6f26a5]
V  [jvm.dll+0x5fabf6]
C  [ucrtbase.dll+0x2268a]
C  [KERNEL32.DLL+0x17ad4]
C  [ntdll.dll+0x5a371]


siginfo: EXCEPTION_ACCESS_VIOLATION (0xc0000005), reading address 0x00000000000000f8


Register to memory mapping:

RIP=0x00007ffa117fbfdd jvm.dll
RAX=0x000001b4039c2a00 points into unknown readable memory: 0x0000000000000000 | 00 00 00 00 00 00 00 00
RBX=0x000001b425b4d090 points into unknown readable memory: 0x00007ffa11d544e8 | e8 44 d5 11 fa 7f 00 00
RCX=0x0 is NULL
RDX=0x000001b41f26bb00 points into unknown readable memory: 0x00007ffa11d5be90 | 90 be d5 11 fa 7f 00 00
RSP=0x0000006e36dff1d0 points into unknown readable memory: 0x0000000083be08b0 | b0 08 be 83 00 00 00 00
RBP=0x000001b425b4d200 points into unknown readable memory: 0x00007ffa11d544a0 | a0 44 d5 11 fa 7f 00 00
RSI=0x0000000100009638 is pointing into metadata
RDI=0x0000000083be0be0 is pointing into object: java.lang.reflect.Method 
{0x0000000083be0bd0} - klass: 'java/lang/reflect/Method'
R8 =0x0000000083be0be0 is pointing into object: java.lang.reflect.Method 
{0x0000000083be0bd0} - klass: 'java/lang/reflect/Method'
R9 =0x0 is NULL
R10=0x0000000083be0be0 is pointing into object: java.lang.reflect.Method 
{0x0000000083be0bd0} - klass: 'java/lang/reflect/Method'
R11=0x000001b425b4d200 points into unknown readable memory: 0x00007ffa11d544a0 | a0 44 d5 11 fa 7f 00 00
R12=0x000000000000000b is an unknown value
R13=0x0 is NULL
R14=0x0000000100009638 is pointing into metadata
R15=0x0000000083be0bd0 is an oop: java.lang.reflect.Method 
{0x0000000083be0bd0} - klass: 'java/lang/reflect/Method'


Registers:
RAX=0x000001b4039c2a00, RBX=0x000001b425b4d090, RCX=0x0000000000000000, RDX=0x000001b41f26bb00
RSP=0x0000006e36dff1d0, RBP=0x000001b425b4d200, RSI=0x0000000100009638, RDI=0x0000000083be0be0
R8 =0x0000000083be0be0, R9 =0x0000000000000000, R10=0x0000000083be0be0, R11=0x000001b425b4d200
R12=0x000000000000000b, R13=0x0000000000000000, R14=0x0000000100009638, R15=0x0000000083be0bd0
RIP=0x00007ffa117fbfdd, EFLAGS=0x0000000000010246

Top of Stack: (sp=0x0000006e36dff1d0)
0x0000006e36dff1d0:   0000000083be08b0 0000000083be0c05
0x0000006e36dff1e0:   000001b4039b2aa0 0000000083bdff65
0x0000006e36dff1f0:   0000000083be0be0 00007ffa1182633f
0x0000006e36dff200:   0000000083be0c04 00007ffa11827862
0x0000006e36dff210:   000001b425b4d090 00007ffa11871ca8
0x0000006e36dff220:   000000008579ca30 0000000000000001
0x0000006e36dff230:   0000000083be0bd0 00007ffa118275d8
0x0000006e36dff240:   0000000000000002 000000000000000d
0x0000006e36dff250:   000001b425b4d090 00007ffa11871d62
0x0000006e36dff260:   0000000081b35df0 0000000081b35df0
0x0000006e36dff270:   0000000481b00000 000000000000000d
0x0000006e36dff280:   0000000000000001 000001b425b4d090
0x0000006e36dff290:   0000000000000040 000001b4039b2b20
0x0000006e36dff2a0:   0000000000000000 000001b425b4d090
0x0000006e36dff2b0:   0000006e36dff501 00007ffa117f9052
0x0000006e36dff2c0:   0000000081653000 00007ffa11831a01 

Instructions: (pc=0x00007ffa117fbfdd)
0x00007ffa117fbedd:   74 24 38 48 83 c4 20 5f c3 cc cc cc cc cc cc cc
0x00007ffa117fbeed:   cc cc cc 48 89 5c 24 08 57 48 83 ec 20 48 8b 41
0x00007ffa117fbefd:   18 48 8b da 48 83 cb 01 48 8b d3 48 8b 78 10 48
0x00007ffa117fbf0d:   8b cf e8 cc 7b 00 00 84 c0 75 29 48 81 c7 90 00
0x00007ffa117fbf1d:   00 00 48 8b 47 08 48 39 47 20 75 08 48 8b cf e8
0x00007ffa117fbf2d:   0f 21 07 00 48 8b 4f 20 48 8b 47 38 48 89 1c c8
0x00007ffa117fbf3d:   48 ff 47 20 48 8b 5c 24 30 48 83 c4 20 5f c3 cc
0x00007ffa117fbf4d:   cc cc cc 48 89 5c 24 08 57 48 83 ec 20 48 8b 79
0x00007ffa117fbf5d:   10 48 8b da 48 83 cb 01 48 8b cf 48 8b d3 e8 70
0x00007ffa117fbf6d:   7b 00 00 84 c0 75 29 48 81 c7 90 00 00 00 48 8b
0x00007ffa117fbf7d:   47 08 48 39 47 20 75 08 48 8b cf e8 b3 20 07 00
0x00007ffa117fbf8d:   48 8b 4f 20 48 8b 47 38 48 89 1c c8 48 ff 47 20
0x00007ffa117fbf9d:   48 8b 5c 24 30 48 83 c4 20 5f c3 cc cc cc cc cc
0x00007ffa117fbfad:   cc cc cc 40 53 48 83 ec 20 8b 82 04 01 00 00 48
0x00007ffa117fbfbd:   8b d9 d1 e8 a8 01 75 6b 48 8b 41 08 8b 88 c0 02
0x00007ffa117fbfcd:   00 00 48 8b 80 b0 02 00 00 49 d3 e9 4a 8b 0c c8
0x00007ffa117fbfdd:   48 8b 81 f8 00 00 00 83 b8 18 01 00 00 00 74 43
0x00007ffa117fbfed:   48 8b 4b 50 48 89 7c 24 30 49 c1 e8 09 48 8b 79
0x00007ffa117fbffd:   48 48 2b 79 40 49 03 f8 48 8b d7 e8 83 c1 ff ff
0x00007ffa117fc00d:   84 c0 74 1a 80 7b 28 00 48 8d 4b 18 74 10 48 8b
0x00007ffa117fc01d:   43 50 48 8b 50 40 48 03 d7 e8 35 9b 36 00 48 8b
0x00007ffa117fc02d:   7c 24 30 48 83 c4 20 5b c3 cc cc cc cc cc cc cc
0x00007ffa117fc03d:   cc cc cc 48 89 5c 24 08 48 89 74 24 10 57 48 83
0x00007ffa117fc04d:   ec 20 48 63 fa 48 8d 05 e7 26 55 00 45 33 c0 48
0x00007ffa117fc05d:   89 01 48 8b f1 89 79 08 48 8b df 48 8d 0c fd 00
0x00007ffa117fc06d:   00 00 00 41 8d 50 05 e8 47 b5 dd ff 45 33 db 48
0x00007ffa117fc07d:   89 46 10 4c 8d 4e 10 4c 8b d0 45 8b c3 85 ff 7e
0x00007ffa117fc08d:   56 83 ff 02 72 51 8d 4f ff 48 63 d1 48 8d 04 d0
0x00007ffa117fc09d:   4d 3b d1 77 05 49 3b c1 73 3d 8b c7 25 01 00 00
0x00007ffa117fc0ad:   80 7d 07 ff c8 83 c8 fe ff c0 2b f8 0f 1f 80 00
0x00007ffa117fc0bd:   00 00 00 41 83 c0 02 44 3b c7 7c f7 8d 47 01 49
0x00007ffa117fc0cd:   8b fa 99 2b c2 d1 f8 48 63 c8 48 c1 e1 04 48 c1 


Stack slot to memory mapping:
stack at sp + 0 slots: 0x0000000083be08b0 is pointing into object: [Ljava.lang.reflect.Method; 
{0x0000000083be0750} - klass: 'java/lang/reflect/Method'[]
 - length: 85
stack at sp + 1 slots: 0x0000000083be0c05 is pointing into object: java.lang.reflect.Method 
{0x0000000083be0bd0} - klass: 'java/lang/reflect/Method'
stack at sp + 2 slots: 0x000001b4039b2aa0 points into unknown readable memory: 0x0000000000000824 | 24 08 00 00 00 00 00 00
stack at sp + 3 slots: 0x0000000083bdff65 is pointing into object: [Ljava.lang.ClassValue$Entry; 
{0x0000000083bdff00} - klass: 'java/lang/ClassValue$Entry'[]
 - length: 32
stack at sp + 4 slots: 0x0000000083be0be0 is pointing into object: java.lang.reflect.Method 
{0x0000000083be0bd0} - klass: 'java/lang/reflect/Method'
stack at sp + 5 slots: 0x00007ffa1182633f jvm.dll
stack at sp + 6 slots: 0x0000000083be0c04 is pointing into object: java.lang.reflect.Method 
{0x0000000083be0bd0} - klass: 'java/lang/reflect/Method'
stack at sp + 7 slots: 0x00007ffa11827862 jvm.dll


---------------  P R O C E S S  ---------------

Threads class SMR info:
_java_thread_list=0x000001b4276a1200, length=80, elements={
0x000001b403999800, 0x000001b41fc41800, 0x000001b41fc44000, 0x000001b41fc60000,
0x000001b41fc61000, 0x000001b41fc62800, 0x000001b41fc64000, 0x000001b41fcab800,
0x000001b41fcbd000, 0x000001b41fe18800, 0x000001b42170d000, 0x000001b421517800,
0x000001b420c09800, 0x000001b421837000, 0x000001b421f1f800, 0x000001b421e20800,
0x000001b421475000, 0x000001b421eb4000, 0x000001b4218e9800, 0x000001b421676000,
0x000001b421673800, 0x000001b421675000, 0x000001b421674000, 0x000001b422c66800,
0x000001b422c6a000, 0x000001b422c6b000, 0x000001b422c65000, 0x000001b422c69000,
0x000001b422c6b800, 0x000001b422c67800, 0x000001b422715800, 0x000001b422c6d800,
0x000001b422c6e000, 0x000001b422c72000, 0x000001b422c74000, 0x000001b422c6f000,
0x000001b422c6f800, 0x000001b422c70800, 0x000001b422c71800, 0x000001b422749800,
0x000001b42274c000, 0x000001b42274a000, 0x000001b422747000, 0x000001b422746000,
0x000001b42274c800, 0x000001b422748000, 0x000001b422748800, 0x000001b42274b000,
0x000001b424be1800, 0x000001b424be0800, 0x000001b424bdc000, 0x000001b424bde800,
0x000001b424bdd800, 0x000001b424be0000, 0x000001b424be2800, 0x000001b424bdc800,
0x000001b424bdf000, 0x000001b424be5800, 0x000001b424be9000, 0x000001b424be8000,
0x000001b424be6800, 0x000001b424be3000, 0x000001b424be4000, 0x000001b424be7800,
0x000001b424be9800, 0x000001b424bea800, 0x000001b424be5000, 0x000001b422730000,
0x000001b422733000, 0x000001b422730800, 0x000001b422731800, 0x000001b422732000,
0x000001b422734000, 0x000001b42272e000, 0x000001b422734800, 0x000001b42272f000,
0x000001b422735800, 0x000001b42273c000, 0x000001b422736800, 0x000001b42273b000
}

Java Threads: ( => current thread )
  0x000001b403999800 JavaThread "main" [_thread_blocked, id=4580, stack(0x0000006e35b00000,0x0000006e35c00000)]
  0x000001b41fc41800 JavaThread "Reference Handler" daemon [_thread_blocked, id=4288, stack(0x0000006e36200000,0x0000006e36300000)]
  0x000001b41fc44000 JavaThread "Finalizer" daemon [_thread_blocked, id=1124, stack(0x0000006e36300000,0x0000006e36400000)]
  0x000001b41fc60000 JavaThread "Signal Dispatcher" daemon [_thread_blocked, id=212, stack(0x0000006e36400000,0x0000006e36500000)]
  0x000001b41fc61000 JavaThread "Attach Listener" daemon [_thread_blocked, id=7448, stack(0x0000006e36500000,0x0000006e36600000)]
  0x000001b41fc62800 JavaThread "Service Thread" daemon [_thread_blocked, id=1284, stack(0x0000006e36600000,0x0000006e36700000)]
  0x000001b41fc64000 JavaThread "C2 CompilerThread0" daemon [_thread_blocked, id=5608, stack(0x0000006e36700000,0x0000006e36800000)]
  0x000001b41fcab800 JavaThread "C1 CompilerThread0" daemon [_thread_blocked, id=8460, stack(0x0000006e36800000,0x0000006e36900000)]
  0x000001b41fcbd000 JavaThread "Sweeper thread" daemon [_thread_blocked, id=4588, stack(0x0000006e36900000,0x0000006e36a00000)]
  0x000001b41fe18800 JavaThread "Common-Cleaner" daemon [_thread_blocked, id=9500, stack(0x0000006e36a00000,0x0000006e36b00000)]
  0x000001b42170d000 JavaThread "Daemon health stats" [_thread_blocked, id=6576, stack(0x0000006e36e00000,0x0000006e36f00000)]
  0x000001b421517800 JavaThread "Incoming local TCP Connector on port 57850" [_thread_in_native, id=5596, stack(0x0000006e36c00000,0x0000006e36d00000)]
  0x000001b420c09800 JavaThread "Daemon periodic checks" [_thread_blocked, id=900, stack(0x0000006e36f00000,0x0000006e37000000)]
  0x000001b421837000 JavaThread "Daemon" [_thread_blocked, id=7704, stack(0x0000006e37000000,0x0000006e37100000)]
  0x000001b421f1f800 JavaThread "Handler for socket connection from /127.0.0.1:57850 to /127.0.0.1:57851" [_thread_in_native, id=1624, stack(0x0000006e37100000,0x0000006e37200000)]
  0x000001b421e20800 JavaThread "Cancel handler" [_thread_blocked, id=6976, stack(0x0000006e37200000,0x0000006e37300000)]
  0x000001b421475000 JavaThread "Daemon worker" [_thread_blocked, id=204, stack(0x0000006e37300000,0x0000006e37400000)]
  0x000001b421eb4000 JavaThread "Asynchronous log dispatcher for DefaultDaemonConnection: socket connection from /127.0.0.1:57850 to /127.0.0.1:57851" [_thread_blocked, id=2912, stack(0x0000006e37400000,0x0000006e37500000)]
  0x000001b4218e9800 JavaThread "Stdin handler" [_thread_blocked, id=5644, stack(0x0000006e37500000,0x0000006e37600000)]
  0x000001b421676000 JavaThread "Daemon client event forwarder" [_thread_blocked, id=3336, stack(0x0000006e37600000,0x0000006e37700000)]
  0x000001b421673800 JavaThread "Cache worker for journal cache (C:\Users\User\.gradle\caches\journal-1)" [_thread_blocked, id=1824, stack(0x0000006e37900000,0x0000006e37a00000)]
  0x000001b421675000 JavaThread "File lock request listener" [_thread_in_native, id=9160, stack(0x0000006e37a00000,0x0000006e37b00000)]
  0x000001b421674000 JavaThread "Cache worker for file hash cache (C:\Users\User\.gradle\caches\7.3.3\fileHashes)" [_thread_blocked, id=2508, stack(0x0000006e37b00000,0x0000006e37c00000)]
  0x000001b422c66800 JavaThread "Cache worker for file hash cache (C:\Users\User\AndroidStudioProjects\7hw1\.gradle\7.3.3\fileHashes)" [_thread_blocked, id=6840, stack(0x0000006e37d00000,0x0000006e37e00000)]
  0x000001b422c6a000 JavaThread "File watcher server" daemon [_thread_in_native, id=7484, stack(0x0000006e37e00000,0x0000006e37f00000)]
  0x000001b422c6b000 JavaThread "File watcher consumer" daemon [_thread_blocked, id=5772, stack(0x0000006e37f00000,0x0000006e38000000)]
  0x000001b422c65000 JavaThread "Cache worker for checksums cache (C:\Users\User\AndroidStudioProjects\7hw1\.gradle\7.3.3\checksums)" [_thread_blocked, id=9172, stack(0x0000006e38000000,0x0000006e38100000)]
  0x000001b422c69000 JavaThread "Cache worker for cache directory md-supplier (C:\Users\User\.gradle\caches\7.3.3\md-supplier)" [_thread_blocked, id=9328, stack(0x0000006e38100000,0x0000006e38200000)]
  0x000001b422c6b800 JavaThread "Cache worker for cache directory md-rule (C:\Users\User\.gradle\caches\7.3.3\md-rule)" [_thread_blocked, id=9820, stack(0x0000006e38200000,0x0000006e38300000)]
  0x000001b422c67800 JavaThread "Cache worker for execution history cache (C:\Users\User\.gradle\caches\7.3.3\executionHistory)" [_thread_blocked, id=4372, stack(0x0000006e38300000,0x0000006e38400000)]
  0x000001b422715800 JavaThread "C2 CompilerThread1" daemon [_thread_blocked, id=9120, stack(0x0000006e37c00000,0x0000006e37d00000)]
  0x000001b422c6d800 JavaThread "jar transforms" [_thread_blocked, id=4408, stack(0x0000006e38400000,0x0000006e38500000)]
  0x000001b422c6e000 JavaThread "Cache worker for file content cache (C:\Users\User\.gradle\caches\7.3.3\fileContent)" [_thread_blocked, id=7772, stack(0x0000006e38500000,0x0000006e38600000)]
  0x000001b422c72000 JavaThread "jar transforms Thread 2" [_thread_blocked, id=6580, stack(0x0000006e38600000,0x0000006e38700000)]
  0x000001b422c74000 JavaThread "Cache worker for dependencies-accessors (C:\Users\User\AndroidStudioProjects\7hw1\.gradle\7.3.3\dependencies-accessors)" [_thread_blocked, id=7912, stack(0x0000006e38700000,0x0000006e38800000)]
  0x000001b422c6f000 JavaThread "jar transforms Thread 3" [_thread_blocked, id=9556, stack(0x0000006e38800000,0x0000006e38900000)]
  0x000001b422c6f800 JavaThread "Cache worker for Build Output Cleanup Cache (C:\Users\User\AndroidStudioProjects\7hw1\.gradle\buildOutputCleanup)" [_thread_blocked, id=1932, stack(0x0000006e38900000,0x0000006e38a00000)]
  0x000001b422c70800 JavaThread "Unconstrained build operations" [_thread_blocked, id=4708, stack(0x0000006e38a00000,0x0000006e38b00000)]
  0x000001b422c71800 JavaThread "Unconstrained build operations Thread 2" [_thread_blocked, id=5676, stack(0x0000006e38b00000,0x0000006e38c00000)]
  0x000001b422749800 JavaThread "Unconstrained build operations Thread 3" [_thread_blocked, id=5260, stack(0x0000006e38c00000,0x0000006e38d00000)]
  0x000001b42274c000 JavaThread "Unconstrained build operations Thread 4" [_thread_blocked, id=6628, stack(0x0000006e38d00000,0x0000006e38e00000)]
  0x000001b42274a000 JavaThread "Unconstrained build operations Thread 5" [_thread_blocked, id=3892, stack(0x0000006e38e00000,0x0000006e38f00000)]
  0x000001b422747000 JavaThread "Unconstrained build operations Thread 6" [_thread_blocked, id=4320, stack(0x0000006e38f00000,0x0000006e39000000)]
  0x000001b422746000 JavaThread "Unconstrained build operations Thread 7" [_thread_blocked, id=6816, stack(0x0000006e39000000,0x0000006e39100000)]
  0x000001b42274c800 JavaThread "Unconstrained build operations Thread 8" [_thread_blocked, id=7016, stack(0x0000006e39100000,0x0000006e39200000)]
  0x000001b422748000 JavaThread "Unconstrained build operations Thread 9" [_thread_blocked, id=5204, stack(0x0000006e39200000,0x0000006e39300000)]
  0x000001b422748800 JavaThread "Unconstrained build operations Thread 10" [_thread_blocked, id=6820, stack(0x0000006e39300000,0x0000006e39400000)]
  0x000001b42274b000 JavaThread "Unconstrained build operations Thread 11" [_thread_blocked, id=6032, stack(0x0000006e39400000,0x0000006e39500000)]
  0x000001b424be1800 JavaThread "Unconstrained build operations Thread 12" [_thread_blocked, id=8756, stack(0x0000006e39500000,0x0000006e39600000)]
  0x000001b424be0800 JavaThread "Unconstrained build operations Thread 13" [_thread_blocked, id=9108, stack(0x0000006e39600000,0x0000006e39700000)]
  0x000001b424bdc000 JavaThread "Unconstrained build operations Thread 14" [_thread_blocked, id=7368, stack(0x0000006e39700000,0x0000006e39800000)]
  0x000001b424bde800 JavaThread "Unconstrained build operations Thread 15" [_thread_blocked, id=5508, stack(0x0000006e39800000,0x0000006e39900000)]
  0x000001b424bdd800 JavaThread "Unconstrained build operations Thread 16" [_thread_blocked, id=10004, stack(0x0000006e39900000,0x0000006e39a00000)]
  0x000001b424be0000 JavaThread "Unconstrained build operations Thread 17" [_thread_blocked, id=10160, stack(0x0000006e39a00000,0x0000006e39b00000)]
  0x000001b424be2800 JavaThread "Unconstrained build operations Thread 18" [_thread_blocked, id=7688, stack(0x0000006e39b00000,0x0000006e39c00000)]
  0x000001b424bdc800 JavaThread "Unconstrained build operations Thread 19" [_thread_blocked, id=4680, stack(0x0000006e39c00000,0x0000006e39d00000)]
  0x000001b424bdf000 JavaThread "Unconstrained build operations Thread 20" [_thread_blocked, id=6284, stack(0x0000006e39d00000,0x0000006e39e00000)]
  0x000001b424be5800 JavaThread "Unconstrained build operations Thread 21" [_thread_blocked, id=7464, stack(0x0000006e39e00000,0x0000006e39f00000)]
  0x000001b424be9000 JavaThread "Unconstrained build operations Thread 22" [_thread_blocked, id=8348, stack(0x0000006e39f00000,0x0000006e3a000000)]
  0x000001b424be8000 JavaThread "Unconstrained build operations Thread 23" [_thread_blocked, id=6308, stack(0x0000006e3a000000,0x0000006e3a100000)]
  0x000001b424be6800 JavaThread "Unconstrained build operations Thread 24" [_thread_blocked, id=2860, stack(0x0000006e3a100000,0x0000006e3a200000)]
  0x000001b424be3000 JavaThread "Unconstrained build operations Thread 25" [_thread_blocked, id=7196, stack(0x0000006e3a200000,0x0000006e3a300000)]
  0x000001b424be4000 JavaThread "Unconstrained build operations Thread 26" [_thread_blocked, id=8028, stack(0x0000006e3a300000,0x0000006e3a400000)]
  0x000001b424be7800 JavaThread "Unconstrained build operations Thread 27" [_thread_blocked, id=4972, stack(0x0000006e3a400000,0x0000006e3a500000)]
  0x000001b424be9800 JavaThread "Unconstrained build operations Thread 28" [_thread_blocked, id=7508, stack(0x0000006e3a500000,0x0000006e3a600000)]
  0x000001b424bea800 JavaThread "Unconstrained build operations Thread 29" [_thread_blocked, id=4404, stack(0x0000006e3a600000,0x0000006e3a700000)]
  0x000001b424be5000 JavaThread "Unconstrained build operations Thread 30" [_thread_blocked, id=7420, stack(0x0000006e3a700000,0x0000006e3a800000)]
  0x000001b422730000 JavaThread "Unconstrained build operations Thread 31" [_thread_blocked, id=10172, stack(0x0000006e3a800000,0x0000006e3a900000)]
  0x000001b422733000 JavaThread "Unconstrained build operations Thread 32" [_thread_blocked, id=3684, stack(0x0000006e3a900000,0x0000006e3aa00000)]
  0x000001b422730800 JavaThread "Unconstrained build operations Thread 33" [_thread_blocked, id=6244, stack(0x0000006e3aa00000,0x0000006e3ab00000)]
  0x000001b422731800 JavaThread "Unconstrained build operations Thread 34" [_thread_blocked, id=7524, stack(0x0000006e3ab00000,0x0000006e3ac00000)]
  0x000001b422732000 JavaThread "Unconstrained build operations Thread 35" [_thread_blocked, id=8944, stack(0x0000006e3ac00000,0x0000006e3ad00000)]
  0x000001b422734000 JavaThread "Unconstrained build operations Thread 36" [_thread_blocked, id=648, stack(0x0000006e3ad00000,0x0000006e3ae00000)]
  0x000001b42272e000 JavaThread "Unconstrained build operations Thread 37" [_thread_blocked, id=2260, stack(0x0000006e3ae00000,0x0000006e3af00000)]
  0x000001b422734800 JavaThread "Unconstrained build operations Thread 38" [_thread_blocked, id=3780, stack(0x0000006e3af00000,0x0000006e3b000000)]
  0x000001b42272f000 JavaThread "Unconstrained build operations Thread 39" [_thread_blocked, id=4568, stack(0x0000006e3b000000,0x0000006e3b100000)]
  0x000001b422735800 JavaThread "Unconstrained build operations Thread 40" [_thread_blocked, id=2944, stack(0x0000006e3b100000,0x0000006e3b200000)]
  0x000001b42273c000 JavaThread "jar transforms Thread 4" [_thread_blocked, id=5100, stack(0x0000006e3b200000,0x0000006e3b300000)]
  0x000001b422736800 JavaThread "Memory manager" [_thread_blocked, id=5480, stack(0x0000006e3b400000,0x0000006e3b500000)]
  0x000001b42273b000 JavaThread "build event listener" [_thread_blocked, id=9116, stack(0x0000006e3b500000,0x0000006e3b600000)]

Other Threads:
  0x000001b41f43b800 VMThread "VM Thread" [stack: 0x0000006e36100000,0x0000006e36200000] [id=7292]
  0x000001b41fe2f800 WatcherThread [stack: 0x0000006e36b00000,0x0000006e36c00000] [id=10056]
  0x000001b4039b0000 GCTaskThread "GC Thread#0" [stack: 0x0000006e35c00000,0x0000006e35d00000] [id=1596]
=>0x000001b42023e000 GCTaskThread "GC Thread#1" [stack: 0x0000006e36d00000,0x0000006e36e00000] [id=7532]
  0x000001b420d4b800 GCTaskThread "GC Thread#2" [stack: 0x0000006e37700000,0x0000006e37800000] [id=8524]
  0x000001b42118b000 GCTaskThread "GC Thread#3" [stack: 0x0000006e37800000,0x0000006e37900000] [id=2376]
  0x000001b4039e3000 ConcurrentGCThread "G1 Main Marker" [stack: 0x0000006e35d00000,0x0000006e35e00000] [id=6808]
  0x000001b4039e4000 ConcurrentGCThread "G1 Conc#0" [stack: 0x0000006e35e00000,0x0000006e35f00000] [id=4432]
  0x000001b41f282800 ConcurrentGCThread "G1 Refine#0" [stack: 0x0000006e35f00000,0x0000006e36000000] [id=1092]
  0x000001b41f285800 ConcurrentGCThread "G1 Young RemSet Sampling" [stack: 0x0000006e36000000,0x0000006e36100000] [id=2544]

Threads with active compile tasks:
C2 CompilerThread0  18077 7225       4       org.objectweb.asm.ClassWriter::visitMethod (57 bytes)
C2 CompilerThread1  18077 7179       4       java.lang.Class::privateGetPublicMethods (224 bytes)

VM state:at safepoint (normal execution)

VM Mutex/Monitor currently owned by a thread:  ([mutex/lock_event])
[0x000001b403996720] Threads_lock - owner thread: 0x000001b41f43b800
[0x000001b4039959a0] Heap_lock - owner thread: 0x000001b421475000

Heap address: 0x0000000080000000, size: 2048 MB, Compressed Oops mode: 32-bit
Narrow klass base: 0x0000000000000000, Narrow klass shift: 3
Compressed class space size: 1073741824 Address: 0x0000000100000000

Heap:
 garbage-first heap   total 138240K, used 104392K [0x0000000080000000, 0x0000000100000000)
  region size 1024K, 43 young (44032K), 3 survivors (3072K)
 Metaspace       used 73191K, capacity 74746K, committed 74796K, reserved 1114112K
  class space    used 9481K, capacity 10069K, committed 10112K, reserved 1048576K
Heap Regions: E=young(eden), S=young(survivor), O=old, HS=humongous(starts), HC=humongous(continues), CS=collection set, F=free, A=archive, TAMS=top-at-mark-start (previous, next)
|   0|0x0000000080000000, 0x0000000080100000, 0x0000000080100000|100%| O|  |TAMS 0x0000000080100000, 0x0000000080000000| Untracked 
|   1|0x0000000080100000, 0x0000000080200000, 0x0000000080200000|100%| O|  |TAMS 0x0000000080200000, 0x0000000080100000| Untracked 
|   2|0x0000000080200000, 0x0000000080300000, 0x0000000080300000|100%| O|  |TAMS 0x0000000080300000, 0x0000000080200000| Untracked 
|   3|0x0000000080300000, 0x0000000080400000, 0x0000000080400000|100%|HS|  |TAMS 0x0000000080400000, 0x0000000080300000| Complete 
|   4|0x0000000080400000, 0x0000000080500000, 0x0000000080500000|100%|HC|  |TAMS 0x0000000080500000, 0x0000000080400000| Complete 
|   5|0x0000000080500000, 0x0000000080600000, 0x0000000080600000|100%|HC|  |TAMS 0x0000000080600000, 0x0000000080500000| Complete 
|   6|0x0000000080600000, 0x0000000080700000, 0x0000000080700000|100%| O|  |TAMS 0x0000000080700000, 0x0000000080600000| Untracked 
|   7|0x0000000080700000, 0x0000000080800000, 0x0000000080800000|100%| O|  |TAMS 0x0000000080800000, 0x0000000080700000| Untracked 
|   8|0x0000000080800000, 0x0000000080900000, 0x0000000080900000|100%| O|  |TAMS 0x0000000080900000, 0x0000000080800000| Untracked 
|   9|0x0000000080900000, 0x0000000080a00000, 0x0000000080a00000|100%| O|  |TAMS 0x0000000080a00000, 0x0000000080900000| Untracked 
|  10|0x0000000080a00000, 0x0000000080b00000, 0x0000000080b00000|100%| O|  |TAMS 0x0000000080b00000, 0x0000000080a00000| Untracked 
|  11|0x0000000080b00000, 0x0000000080c00000, 0x0000000080c00000|100%| O|  |TAMS 0x0000000080c00000, 0x0000000080b00000| Untracked 
|  12|0x0000000080c00000, 0x0000000080d00000, 0x0000000080d00000|100%| O|  |TAMS 0x0000000080d00000, 0x0000000080c00000| Untracked 
|  13|0x0000000080d00000, 0x0000000080e00000, 0x0000000080e00000|100%| O|  |TAMS 0x0000000080e00000, 0x0000000080d00000| Untracked 
|  14|0x0000000080e00000, 0x0000000080f00000, 0x0000000080f00000|100%| O|  |TAMS 0x0000000080f00000, 0x0000000080e00000| Untracked 
|  15|0x0000000080f00000, 0x0000000081000000, 0x0000000081000000|100%| O|  |TAMS 0x0000000081000000, 0x0000000080f00000| Untracked 
|  16|0x0000000081000000, 0x0000000081100000, 0x0000000081100000|100%| O|  |TAMS 0x0000000081100000, 0x0000000081000000| Untracked 
|  17|0x0000000081100000, 0x0000000081200000, 0x0000000081200000|100%| O|  |TAMS 0x0000000081200000, 0x0000000081100000| Untracked 
|  18|0x0000000081200000, 0x0000000081300000, 0x0000000081300000|100%| O|  |TAMS 0x0000000081300000, 0x0000000081200000| Untracked 
|  19|0x0000000081300000, 0x0000000081400000, 0x0000000081400000|100%| O|  |TAMS 0x0000000081400000, 0x0000000081300000| Untracked 
|  20|0x0000000081400000, 0x0000000081500000, 0x0000000081500000|100%| O|  |TAMS 0x0000000081500000, 0x0000000081400000| Untracked 
|  21|0x0000000081500000, 0x0000000081600000, 0x0000000081600000|100%| O|  |TAMS 0x0000000081600000, 0x0000000081500000| Untracked 
|  22|0x0000000081600000, 0x0000000081700000, 0x0000000081700000|100%| O|  |TAMS 0x0000000081700000, 0x0000000081600000| Untracked 
|  23|0x0000000081700000, 0x0000000081800000, 0x0000000081800000|100%| O|  |TAMS 0x0000000081800000, 0x0000000081700000| Untracked 
|  24|0x0000000081800000, 0x0000000081900000, 0x0000000081900000|100%| O|  |TAMS 0x0000000081900000, 0x0000000081800000| Untracked 
|  25|0x0000000081900000, 0x0000000081a00000, 0x0000000081a00000|100%| O|  |TAMS 0x0000000081a00000, 0x0000000081900000| Untracked 
|  26|0x0000000081a00000, 0x0000000081b00000, 0x0000000081b00000|100%| O|  |TAMS 0x0000000081b00000, 0x0000000081a00000| Untracked 
|  27|0x0000000081b00000, 0x0000000081c00000, 0x0000000081c00000|100%| O|  |TAMS 0x0000000081c00000, 0x0000000081b00000| Untracked 
|  28|0x0000000081c00000, 0x0000000081d00000, 0x0000000081d00000|100%|HS|  |TAMS 0x0000000081d00000, 0x0000000081c00000| Complete 
|  29|0x0000000081d00000, 0x0000000081e00000, 0x0000000081e00000|100%|HS|  |TAMS 0x0000000081e00000, 0x0000000081d00000| Complete 
|  30|0x0000000081e00000, 0x0000000081f00000, 0x0000000081f00000|100%|HS|  |TAMS 0x0000000081f00000, 0x0000000081e00000| Complete 
|  31|0x0000000081f00000, 0x0000000082000000, 0x0000000082000000|100%|HS|  |TAMS 0x0000000082000000, 0x0000000081f00000| Complete 
|  32|0x0000000082000000, 0x0000000082100000, 0x0000000082100000|100%|HC|  |TAMS 0x0000000082100000, 0x0000000082000000| Complete 
|  33|0x0000000082100000, 0x0000000082200000, 0x0000000082200000|100%|HC|  |TAMS 0x0000000082200000, 0x0000000082100000| Complete 
|  34|0x0000000082200000, 0x0000000082300000, 0x0000000082300000|100%|HS|  |TAMS 0x0000000082300000, 0x0000000082200000| Complete 
|  35|0x0000000082300000, 0x0000000082400000, 0x0000000082400000|100%|HC|  |TAMS 0x0000000082400000, 0x0000000082300000| Complete 
|  36|0x0000000082400000, 0x0000000082500000, 0x0000000082500000|100%| O|  |TAMS 0x0000000082500000, 0x0000000082400000| Untracked 
|  37|0x0000000082500000, 0x0000000082600000, 0x0000000082600000|100%| O|  |TAMS 0x0000000082600000, 0x0000000082500000| Untracked 
|  38|0x0000000082600000, 0x0000000082700000, 0x0000000082700000|100%| O|  |TAMS 0x0000000082700000, 0x0000000082600000| Untracked 
|  39|0x0000000082700000, 0x0000000082800000, 0x0000000082800000|100%| O|  |TAMS 0x0000000082800000, 0x0000000082700000| Untracked 
|  40|0x0000000082800000, 0x0000000082900000, 0x0000000082900000|100%| O|  |TAMS 0x0000000082900000, 0x0000000082800000| Untracked 
|  41|0x0000000082900000, 0x0000000082a00000, 0x0000000082a00000|100%| O|  |TAMS 0x0000000082a00000, 0x0000000082900000| Untracked 
|  42|0x0000000082a00000, 0x0000000082b00000, 0x0000000082b00000|100%| O|  |TAMS 0x0000000082b00000, 0x0000000082a00000| Untracked 
|  43|0x0000000082b00000, 0x0000000082c00000, 0x0000000082c00000|100%| O|  |TAMS 0x0000000082c00000, 0x0000000082b00000| Untracked 
|  44|0x0000000082c00000, 0x0000000082d00000, 0x0000000082d00000|100%| O|  |TAMS 0x0000000082d00000, 0x0000000082c00000| Untracked 
|  45|0x0000000082d00000, 0x0000000082e00000, 0x0000000082e00000|100%| O|  |TAMS 0x0000000082e00000, 0x0000000082d00000| Untracked 
|  46|0x0000000082e00000, 0x0000000082f00000, 0x0000000082f00000|100%| O|  |TAMS 0x0000000082f00000, 0x0000000082e00000| Untracked 
|  47|0x0000000082f00000, 0x0000000083000000, 0x0000000083000000|100%| O|  |TAMS 0x0000000083000000, 0x0000000082f00000| Untracked 
|  48|0x0000000083000000, 0x0000000083100000, 0x0000000083100000|100%| O|  |TAMS 0x0000000083100000, 0x0000000083000000| Untracked 
|  49|0x0000000083100000, 0x0000000083200000, 0x0000000083200000|100%| O|  |TAMS 0x0000000083200000, 0x0000000083100000| Untracked 
|  50|0x0000000083200000, 0x0000000083300000, 0x0000000083300000|100%| O|  |TAMS 0x0000000083300000, 0x0000000083200000| Untracked 
|  51|0x0000000083300000, 0x0000000083400000, 0x0000000083400000|100%| O|  |TAMS 0x0000000083400000, 0x0000000083300000| Untracked 
|  52|0x0000000083400000, 0x0000000083500000, 0x0000000083500000|100%| O|  |TAMS 0x0000000083500000, 0x0000000083400000| Untracked 
|  53|0x0000000083500000, 0x0000000083600000, 0x0000000083600000|100%| O|  |TAMS 0x0000000083600000, 0x0000000083500000| Untracked 
|  54|0x0000000083600000, 0x0000000083700000, 0x0000000083700000|100%| O|  |TAMS 0x0000000083700000, 0x0000000083600000| Untracked 
|  55|0x0000000083700000, 0x0000000083800000, 0x0000000083800000|100%| O|  |TAMS 0x0000000083721c00, 0x0000000083700000| Untracked 
|  56|0x0000000083800000, 0x0000000083900000, 0x0000000083900000|100%| O|  |TAMS 0x0000000083800000, 0x0000000083800000| Untracked 
|  57|0x0000000083900000, 0x0000000083a00000, 0x0000000083a00000|100%| O|  |TAMS 0x0000000083900000, 0x0000000083900000| Untracked 
|  58|0x0000000083a00000, 0x0000000083b00000, 0x0000000083b00000|100%| O|  |TAMS 0x0000000083a00000, 0x0000000083a00000| Untracked 
|  59|0x0000000083b00000, 0x0000000083c00000, 0x0000000083c00000|100%| O|  |TAMS 0x0000000083b00000, 0x0000000083b00000| Untracked 
|  60|0x0000000083c00000, 0x0000000083d00000, 0x0000000083d00000|100%| O|  |TAMS 0x0000000083c00000, 0x0000000083c00000| Untracked 
|  61|0x0000000083d00000, 0x0000000083de9bc0, 0x0000000083e00000| 91%| O|  |TAMS 0x0000000083d00000, 0x0000000083d00000| Untracked 
|  62|0x0000000083e00000, 0x0000000083e00000, 0x0000000083f00000|  0%| F|  |TAMS 0x0000000083e00000, 0x0000000083e00000| Untracked 
|  63|0x0000000083f00000, 0x0000000083f00000, 0x0000000084000000|  0%| F|  |TAMS 0x0000000083f00000, 0x0000000083f00000| Untracked 
|  64|0x0000000084000000, 0x0000000084000000, 0x0000000084100000|  0%| F|  |TAMS 0x0000000084000000, 0x0000000084000000| Untracked 
|  65|0x0000000084100000, 0x0000000084100000, 0x0000000084200000|  0%| F|  |TAMS 0x0000000084100000, 0x0000000084100000| Untracked 
|  66|0x0000000084200000, 0x0000000084200000, 0x0000000084300000|  0%| F|  |TAMS 0x0000000084200000, 0x0000000084200000| Untracked 
|  67|0x0000000084300000, 0x0000000084300000, 0x0000000084400000|  0%| F|  |TAMS 0x0000000084300000, 0x0000000084300000| Untracked 
|  68|0x0000000084400000, 0x0000000084400000, 0x0000000084500000|  0%| F|  |TAMS 0x0000000084400000, 0x0000000084400000| Untracked 
|  69|0x0000000084500000, 0x0000000084500000, 0x0000000084600000|  0%| F|  |TAMS 0x0000000084500000, 0x0000000084500000| Untracked 
|  70|0x0000000084600000, 0x0000000084600000, 0x0000000084700000|  0%| F|  |TAMS 0x0000000084600000, 0x0000000084600000| Untracked 
|  71|0x0000000084700000, 0x0000000084700000, 0x0000000084800000|  0%| F|  |TAMS 0x0000000084700000, 0x0000000084700000| Untracked 
|  72|0x0000000084800000, 0x0000000084800000, 0x0000000084900000|  0%| F|  |TAMS 0x0000000084800000, 0x0000000084800000| Untracked 
|  73|0x0000000084900000, 0x0000000084900000, 0x0000000084a00000|  0%| F|  |TAMS 0x0000000084900000, 0x0000000084900000| Untracked 
|  74|0x0000000084a00000, 0x0000000084a00000, 0x0000000084b00000|  0%| F|  |TAMS 0x0000000084a00000, 0x0000000084a00000| Untracked 
|  75|0x0000000084b00000, 0x0000000084b00000, 0x0000000084c00000|  0%| F|  |TAMS 0x0000000084b00000, 0x0000000084b00000| Untracked 
|  76|0x0000000084c00000, 0x0000000084c00000, 0x0000000084d00000|  0%| F|  |TAMS 0x0000000084c00000, 0x0000000084c00000| Untracked 
|  77|0x0000000084d00000, 0x0000000084d00000, 0x0000000084e00000|  0%| F|  |TAMS 0x0000000084d00000, 0x0000000084d00000| Untracked 
|  78|0x0000000084e00000, 0x0000000084e00000, 0x0000000084f00000|  0%| F|  |TAMS 0x0000000084e00000, 0x0000000084e00000| Untracked 
|  79|0x0000000084f00000, 0x0000000084f00000, 0x0000000085000000|  0%| F|  |TAMS 0x0000000084f00000, 0x0000000084f00000| Untracked 
|  80|0x0000000085000000, 0x0000000085000000, 0x0000000085100000|  0%| F|  |TAMS 0x0000000085000000, 0x0000000085000000| Untracked 
|  81|0x0000000085100000, 0x0000000085100000, 0x0000000085200000|  0%| F|  |TAMS 0x0000000085100000, 0x0000000085100000| Untracked 
|  82|0x0000000085200000, 0x0000000085200000, 0x0000000085300000|  0%| F|  |TAMS 0x0000000085200000, 0x0000000085200000| Untracked 
|  83|0x0000000085300000, 0x0000000085300000, 0x0000000085400000|  0%| F|  |TAMS 0x0000000085300000, 0x0000000085300000| Untracked 
|  84|0x0000000085400000, 0x0000000085400000, 0x0000000085500000|  0%| F|  |TAMS 0x0000000085400000, 0x0000000085400000| Untracked 
|  85|0x0000000085500000, 0x0000000085550500, 0x0000000085600000| 31%| E|CS|TAMS 0x0000000085500000, 0x0000000085500000| Complete 
|  86|0x0000000085600000, 0x0000000085700000, 0x0000000085700000|100%| E|CS|TAMS 0x0000000085600000, 0x0000000085600000| Complete 
|  87|0x0000000085700000, 0x0000000085800000, 0x0000000085800000|100%| E|CS|TAMS 0x0000000085700000, 0x0000000085700000| Complete 
|  88|0x0000000085800000, 0x0000000085900000, 0x0000000085900000|100%| E|CS|TAMS 0x0000000085800000, 0x0000000085800000| Complete 
|  89|0x0000000085900000, 0x0000000085a00000, 0x0000000085a00000|100%| E|CS|TAMS 0x0000000085900000, 0x0000000085900000| Complete 
|  90|0x0000000085a00000, 0x0000000085b00000, 0x0000000085b00000|100%| E|CS|TAMS 0x0000000085a00000, 0x0000000085a00000| Complete 
|  91|0x0000000085b00000, 0x0000000085b00000, 0x0000000085c00000|  0%| F|  |TAMS 0x0000000085b00000, 0x0000000085b00000| Untracked 
|  92|0x0000000085c00000, 0x0000000085cb1450, 0x0000000085d00000| 69%| S|  |TAMS 0x0000000085c00000, 0x0000000085c00000| Complete 
|  93|0x0000000085d00000, 0x0000000085e00000, 0x0000000085e00000|100%| S|  |TAMS 0x0000000085d00000, 0x0000000085d00000| Complete 
|  94|0x0000000085e00000, 0x0000000085f00000, 0x0000000085f00000|100%| S|  |TAMS 0x0000000085e00000, 0x0000000085e00000| Complete 
|  95|0x0000000085f00000, 0x0000000086000000, 0x0000000086000000|100%| E|CS|TAMS 0x0000000085f00000, 0x0000000085f00000| Complete 
|  96|0x0000000086000000, 0x0000000086100000, 0x0000000086100000|100%| E|CS|TAMS 0x0000000086000000, 0x0000000086000000| Complete 
|  97|0x0000000086100000, 0x0000000086200000, 0x0000000086200000|100%| E|CS|TAMS 0x0000000086100000, 0x0000000086100000| Complete 
|  98|0x0000000086200000, 0x0000000086300000, 0x0000000086300000|100%| E|CS|TAMS 0x0000000086200000, 0x0000000086200000| Complete 
|  99|0x0000000086300000, 0x0000000086400000, 0x0000000086400000|100%| E|CS|TAMS 0x0000000086300000, 0x0000000086300000| Complete 
| 100|0x0000000086400000, 0x0000000086500000, 0x0000000086500000|100%| E|CS|TAMS 0x0000000086400000, 0x0000000086400000| Complete 
| 101|0x0000000086500000, 0x0000000086600000, 0x0000000086600000|100%| E|CS|TAMS 0x0000000086500000, 0x0000000086500000| Complete 
| 102|0x0000000086600000, 0x0000000086700000, 0x0000000086700000|100%| E|CS|TAMS 0x0000000086600000, 0x0000000086600000| Complete 
| 103|0x0000000086700000, 0x0000000086800000, 0x0000000086800000|100%| E|CS|TAMS 0x0000000086700000, 0x0000000086700000| Complete 
| 104|0x0000000086800000, 0x0000000086900000, 0x0000000086900000|100%| E|CS|TAMS 0x0000000086800000, 0x0000000086800000| Complete 
| 105|0x0000000086900000, 0x0000000086a00000, 0x0000000086a00000|100%| E|CS|TAMS 0x0000000086900000, 0x0000000086900000| Complete 
| 106|0x0000000086a00000, 0x0000000086b00000, 0x0000000086b00000|100%| E|CS|TAMS 0x0000000086a00000, 0x0000000086a00000| Complete 
| 107|0x0000000086b00000, 0x0000000086c00000, 0x0000000086c00000|100%| E|CS|TAMS 0x0000000086b00000, 0x0000000086b00000| Complete 
| 108|0x0000000086c00000, 0x0000000086d00000, 0x0000000086d00000|100%| E|CS|TAMS 0x0000000086c00000, 0x0000000086c00000| Complete 
| 109|0x0000000086d00000, 0x0000000086e00000, 0x0000000086e00000|100%| E|CS|TAMS 0x0000000086d00000, 0x0000000086d00000| Complete 
| 110|0x0000000086e00000, 0x0000000086f00000, 0x0000000086f00000|100%| E|CS|TAMS 0x0000000086e00000, 0x0000000086e00000| Complete 
| 111|0x0000000086f00000, 0x0000000087000000, 0x0000000087000000|100%| E|CS|TAMS 0x0000000086f00000, 0x0000000086f00000| Complete 
| 112|0x0000000087000000, 0x0000000087100000, 0x0000000087100000|100%| E|CS|TAMS 0x0000000087000000, 0x0000000087000000| Complete 
| 113|0x0000000087100000, 0x0000000087200000, 0x0000000087200000|100%| E|CS|TAMS 0x0000000087100000, 0x0000000087100000| Complete 
| 114|0x0000000087200000, 0x0000000087300000, 0x0000000087300000|100%| E|CS|TAMS 0x0000000087200000, 0x0000000087200000| Complete 
| 115|0x0000000087300000, 0x0000000087400000, 0x0000000087400000|100%| E|CS|TAMS 0x0000000087300000, 0x0000000087300000| Complete 
| 116|0x0000000087400000, 0x0000000087500000, 0x0000000087500000|100%| E|CS|TAMS 0x0000000087400000, 0x0000000087400000| Complete 
| 117|0x0000000087500000, 0x0000000087600000, 0x0000000087600000|100%| E|CS|TAMS 0x0000000087500000, 0x0000000087500000| Complete 
| 118|0x0000000087600000, 0x0000000087700000, 0x0000000087700000|100%| E|CS|TAMS 0x0000000087600000, 0x0000000087600000| Complete 
| 119|0x0000000087700000, 0x0000000087800000, 0x0000000087800000|100%| E|CS|TAMS 0x0000000087700000, 0x0000000087700000| Complete 
| 120|0x0000000087800000, 0x0000000087900000, 0x0000000087900000|100%| E|CS|TAMS 0x0000000087800000, 0x0000000087800000| Complete 
| 121|0x0000000087900000, 0x0000000087a00000, 0x0000000087a00000|100%| E|CS|TAMS 0x0000000087900000, 0x0000000087900000| Complete 
| 122|0x0000000087a00000, 0x0000000087b00000, 0x0000000087b00000|100%| E|CS|TAMS 0x0000000087a00000, 0x0000000087a00000| Complete 
| 123|0x0000000087b00000, 0x0000000087c00000, 0x0000000087c00000|100%| E|CS|TAMS 0x0000000087b00000, 0x0000000087b00000| Complete 
| 124|0x0000000087c00000, 0x0000000087d00000, 0x0000000087d00000|100%| E|CS|TAMS 0x0000000087c00000, 0x0000000087c00000| Complete 
| 125|0x0000000087d00000, 0x0000000087e00000, 0x0000000087e00000|100%| E|CS|TAMS 0x0000000087d00000, 0x0000000087d00000| Complete 
| 126|0x0000000087e00000, 0x0000000087f00000, 0x0000000087f00000|100%| E|CS|TAMS 0x0000000087e00000, 0x0000000087e00000| Complete 
| 127|0x0000000087f00000, 0x0000000088000000, 0x0000000088000000|100%| E|CS|TAMS 0x0000000087f00000, 0x0000000087f00000| Complete 
| 128|0x0000000088000000, 0x0000000088100000, 0x0000000088100000|100%| E|CS|TAMS 0x0000000088000000, 0x0000000088000000| Complete 
| 129|0x0000000088100000, 0x0000000088200000, 0x0000000088200000|100%| E|CS|TAMS 0x0000000088100000, 0x0000000088100000| Complete 
| 130|0x0000000088200000, 0x0000000088300000, 0x0000000088300000|100%| E|CS|TAMS 0x0000000088200000, 0x0000000088200000| Complete 
| 131|0x0000000088300000, 0x0000000088400000, 0x0000000088400000|100%| E|CS|TAMS 0x0000000088300000, 0x0000000088300000| Complete 
| 132|0x0000000088400000, 0x0000000088500000, 0x0000000088500000|100%| E|CS|TAMS 0x0000000088400000, 0x0000000088400000| Complete 
| 133|0x0000000088500000, 0x0000000088600000, 0x0000000088600000|100%| E|CS|TAMS 0x0000000088500000, 0x0000000088500000| Complete 
| 134|0x0000000088600000, 0x0000000088700000, 0x0000000088700000|100%| E|CS|TAMS 0x0000000088600000, 0x0000000088600000| Complete 

Card table byte_map: [0x000001b418600000,0x000001b418a00000] _byte_map_base: 0x000001b418200000

Marking Bits (Prev, Next): (CMBitMap*) 0x000001b4039da3f0, (CMBitMap*) 0x000001b4039da3b8
 Prev Bits: [0x000001b41ae00000, 0x000001b41ce00000)
 Next Bits: [0x000001b418e00000, 0x000001b41ae00000)

Polling page: 0x000001b403760000

Metaspace:

Usage:
  Non-class:     63.16 MB capacity,    62.22 MB ( 99%) used,   788.30 KB (  1%) free+waste,   179.44 KB ( <1%) overhead. 
      Class:      9.83 MB capacity,     9.26 MB ( 94%) used,   504.19 KB (  5%) free+waste,    83.06 KB ( <1%) overhead. 
       Both:     72.99 MB capacity,    71.48 MB ( 98%) used,     1.26 MB (  2%) free+waste,   262.50 KB ( <1%) overhead. 

Virtual space:
  Non-class space:       64.00 MB reserved,      63.17 MB ( 99%) committed 
      Class space:        1.00 GB reserved,       9.88 MB ( <1%) committed 
             Both:        1.06 GB reserved,      73.04 MB (  7%) committed 

Chunk freelists:
   Non-Class:  7.00 KB
       Class:  11.00 KB
        Both:  18.00 KB

MaxMetaspaceSize: 17179869184.00 GB
CompressedClassSpaceSize: 1.00 GB
Initial GC threshold: 20.80 MB
Current GC threshold: 108.41 MB
CDS: off

CodeHeap 'non-profiled nmethods': size=120064Kb used=4257Kb max_used=4257Kb free=115806Kb
 bounds [0x000001b4106a0000, 0x000001b410ad0000, 0x000001b417be0000]
CodeHeap 'profiled nmethods': size=120000Kb used=15291Kb max_used=15291Kb free=104708Kb
 bounds [0x000001b409170000, 0x000001b40a060000, 0x000001b4106a0000]
CodeHeap 'non-nmethods': size=5696Kb used=2353Kb max_used=2413Kb free=3342Kb
 bounds [0x000001b408be0000, 0x000001b408e50000, 0x000001b409170000]
 total_blobs=8067 nmethods=7204 adapters=775
 compilation: enabled
              stopped_count=0, restarted_count=0
 full_count=0

Compilation events (20 events):
Event: 17.951 Thread 0x000001b41fcab800 7220       3       com.google.common.reflect.TypeToken$4::<init> (10 bytes)
Event: 17.952 Thread 0x000001b41fcab800 nmethod 7220 0x000001b40a05c390 code [0x000001b40a05c5a0, 0x000001b40a05cc38]
Event: 17.954 Thread 0x000001b41fcab800 7221       3       org.gradle.internal.reflect.annotations.impl.DefaultTypeAnnotationMetadataStore$PropertyAnnotationMetadataBuilder$$Lambda$582/0x000000010070e040::apply (13 bytes)
Event: 17.955 Thread 0x000001b41fcab800 nmethod 7221 0x000001b40a05ce90 code [0x000001b40a05d060, 0x000001b40a05d428]
Event: 17.957 Thread 0x000001b41fc64000 nmethod 7210 0x000001b410ac6f90 code [0x000001b410ac7160, 0x000001b410ac75a8]
Event: 17.957 Thread 0x000001b41fc64000 7213       4       org.gradle.util.internal.GUtil::isTrue (56 bytes)
Event: 17.959 Thread 0x000001b41fc64000 nmethod 7213 0x000001b410ac7790 code [0x000001b410ac7940, 0x000001b410ac7a58]
Event: 17.959 Thread 0x000001b41fc64000 7222       4       org.gradle.internal.instantiation.generator.AbstractClassGenerator$PropertyMetadata::isReadOnly (25 bytes)
Event: 17.960 Thread 0x000001b41fc64000 nmethod 7222 0x000001b410ac7b90 code [0x000001b410ac7d20, 0x000001b410ac7db8]
Event: 17.961 Thread 0x000001b41fc64000 7214       4       org.gradle.internal.operations.DefaultBuildOperationExecutor$ListenerAdapter::close (1 bytes)
Event: 17.961 Thread 0x000001b41fc64000 nmethod 7214 0x000001b410ac7e90 code [0x000001b410ac8020, 0x000001b410ac8078]
Event: 17.977 Thread 0x000001b41fcab800 7223       1       org.gradle.api.internal.tasks.properties.ModifierAnnotationCategory::getDisplayName (5 bytes)
Event: 17.977 Thread 0x000001b41fcab800 nmethod 7223 0x000001b410ac8190 code [0x000001b410ac8340, 0x000001b410ac83f8]
Event: 17.977 Thread 0x000001b41fc64000 7224       4       java.lang.Enum::equals (11 bytes)
Event: 17.978 Thread 0x000001b41fc64000 nmethod 7224 0x000001b410ac8490 code [0x000001b410ac8620, 0x000001b410ac8698]
Event: 17.978 Thread 0x000001b41fc64000 7225       4       org.objectweb.asm.ClassWriter::visitMethod (57 bytes)
Event: 17.992 Thread 0x000001b41fcab800 7229       3       java.lang.invoke.MethodHandles$Lookup::checkUnprivilegedlookupClass (38 bytes)
Event: 17.994 Thread 0x000001b41fcab800 nmethod 7229 0x000001b40a05d510 code [0x000001b40a05d7e0, 0x000001b40a05e368]
Event: 17.997 Thread 0x000001b41fcab800 7230       3       java.lang.Class::searchFields (43 bytes)
Event: 17.998 Thread 0x000001b41fcab800 nmethod 7230 0x000001b40a05e790 code [0x000001b40a05e960, 0x000001b40a05ebe8]

GC Heap History (20 events):
Event: 8.339 GC heap after
{Heap after GC invocations=14 (full 0):
 garbage-first heap   total 95232K, used 28148K [0x0000000080000000, 0x0000000100000000)
  region size 1024K, 6 young (6144K), 6 survivors (6144K)
 Metaspace       used 40849K, capacity 41785K, committed 41984K, reserved 1085440K
  class space    used 5218K, capacity 5578K, committed 5632K, reserved 1048576K
}
Event: 9.544 GC heap before
{Heap before GC invocations=14 (full 0):
 garbage-first heap   total 95232K, used 68084K [0x0000000080000000, 0x0000000100000000)
  region size 1024K, 45 young (46080K), 6 survivors (6144K)
 Metaspace       used 44704K, capacity 45678K, committed 45824K, reserved 1089536K
  class space    used 5741K, capacity 6099K, committed 6144K, reserved 1048576K
}
Event: 9.556 GC heap after
{Heap after GC invocations=15 (full 0):
 garbage-first heap   total 95232K, used 30030K [0x0000000080000000, 0x0000000100000000)
  region size 1024K, 5 young (5120K), 5 survivors (5120K)
 Metaspace       used 44704K, capacity 45678K, committed 45824K, reserved 1089536K
  class space    used 5741K, capacity 6099K, committed 6144K, reserved 1048576K
}
Event: 10.548 GC heap before
{Heap before GC invocations=15 (full 0):
 garbage-first heap   total 95232K, used 70990K [0x0000000080000000, 0x0000000100000000)
  region size 1024K, 45 young (46080K), 5 survivors (5120K)
 Metaspace       used 47705K, capacity 48755K, committed 48896K, reserved 1091584K
  class space    used 6131K, capacity 6529K, committed 6656K, reserved 1048576K
}
Event: 10.561 GC heap after
{Heap after GC invocations=16 (full 0):
 garbage-first heap   total 95232K, used 32173K [0x0000000080000000, 0x0000000100000000)
  region size 1024K, 4 young (4096K), 4 survivors (4096K)
 Metaspace       used 47705K, capacity 48755K, committed 48896K, reserved 1091584K
  class space    used 6131K, capacity 6529K, committed 6656K, reserved 1048576K
}
Event: 11.860 GC heap before
{Heap before GC invocations=16 (full 0):
 garbage-first heap   total 95232K, used 80301K [0x0000000080000000, 0x0000000100000000)
  region size 1024K, 44 young (45056K), 4 survivors (4096K)
 Metaspace       used 48810K, capacity 49983K, committed 50304K, reserved 1093632K
  class space    used 6243K, capacity 6717K, committed 6784K, reserved 1048576K
}
Event: 11.878 GC heap after
{Heap after GC invocations=17 (full 0):
 garbage-first heap   total 114688K, used 50088K [0x0000000080000000, 0x0000000100000000)
  region size 1024K, 6 young (6144K), 6 survivors (6144K)
 Metaspace       used 48810K, capacity 49983K, committed 50304K, reserved 1093632K
  class space    used 6243K, capacity 6717K, committed 6784K, reserved 1048576K
}
Event: 12.790 GC heap before
{Heap before GC invocations=17 (full 0):
 garbage-first heap   total 114688K, used 86952K [0x0000000080000000, 0x0000000100000000)
  region size 1024K, 42 young (43008K), 6 survivors (6144K)
 Metaspace       used 53416K, capacity 54694K, committed 55040K, reserved 1097728K
  class space    used 6808K, capacity 7315K, committed 7424K, reserved 1048576K
}
Event: 12.800 GC heap after
{Heap after GC invocations=18 (full 0):
 garbage-first heap   total 114688K, used 52155K [0x0000000080000000, 0x0000000100000000)
  region size 1024K, 2 young (2048K), 2 survivors (2048K)
 Metaspace       used 53416K, capacity 54694K, committed 55040K, reserved 1097728K
  class space    used 6808K, capacity 7315K, committed 7424K, reserved 1048576K
}
Event: 13.741 GC heap before
{Heap before GC invocations=18 (full 0):
 garbage-first heap   total 114688K, used 84923K [0x0000000080000000, 0x0000000100000000)
  region size 1024K, 35 young (35840K), 2 survivors (2048K)
 Metaspace       used 58365K, capacity 59785K, committed 59948K, reserved 1101824K
  class space    used 7433K, capacity 7984K, committed 8064K, reserved 1048576K
}
Event: 13.752 GC heap after
{Heap after GC invocations=19 (full 0):
 garbage-first heap   total 114688K, used 52986K [0x0000000080000000, 0x0000000100000000)
  region size 1024K, 3 young (3072K), 3 survivors (3072K)
 Metaspace       used 58365K, capacity 59785K, committed 59948K, reserved 1101824K
  class space    used 7433K, capacity 7984K, committed 8064K, reserved 1048576K
}
Event: 14.770 GC heap before
{Heap before GC invocations=20 (full 0):
 garbage-first heap   total 114688K, used 87802K [0x0000000080000000, 0x0000000100000000)
  region size 1024K, 38 young (38912K), 3 survivors (3072K)
 Metaspace       used 62564K, capacity 63982K, committed 64300K, reserved 1105920K
  class space    used 7943K, capacity 8483K, committed 8576K, reserved 1048576K
}
Event: 14.787 GC heap after
{Heap after GC invocations=21 (full 0):
 garbage-first heap   total 114688K, used 56775K [0x0000000080000000, 0x0000000100000000)
  region size 1024K, 5 young (5120K), 5 survivors (5120K)
 Metaspace       used 62564K, capacity 63982K, committed 64300K, reserved 1105920K
  class space    used 7943K, capacity 8483K, committed 8576K, reserved 1048576K
}
Event: 15.422 GC heap before
{Heap before GC invocations=22 (full 0):
 garbage-first heap   total 114688K, used 83399K [0x0000000080000000, 0x0000000100000000)
  region size 1024K, 32 young (32768K), 5 survivors (5120K)
 Metaspace       used 64642K, capacity 66123K, committed 66348K, reserved 1107968K
  class space    used 8215K, capacity 8788K, committed 8832K, reserved 1048576K
}
Event: 15.437 GC heap after
{Heap after GC invocations=23 (full 0):
 garbage-first heap   total 138240K, used 58710K [0x0000000080000000, 0x0000000100000000)
  region size 1024K, 3 young (3072K), 3 survivors (3072K)
 Metaspace       used 64642K, capacity 66123K, committed 66348K, reserved 1107968K
  class space    used 8215K, capacity 8788K, committed 8832K, reserved 1048576K
}
Event: 16.466 GC heap before
{Heap before GC invocations=24 (full 0):
 garbage-first heap   total 138240K, used 99670K [0x0000000080000000, 0x0000000100000000)
  region size 1024K, 42 young (43008K), 3 survivors (3072K)
 Metaspace       used 67904K, capacity 69339K, committed 69548K, reserved 1110016K
  class space    used 8634K, capacity 9210K, committed 9216K, reserved 1048576K
}
Event: 16.475 GC heap after
{Heap after GC invocations=25 (full 0):
 garbage-first heap   total 138240K, used 60178K [0x0000000080000000, 0x0000000100000000)
  region size 1024K, 4 young (4096K), 4 survivors (4096K)
 Metaspace       used 67904K, capacity 69339K, committed 69548K, reserved 1110016K
  class space    used 8634K, capacity 9210K, committed 9216K, reserved 1048576K
}
Event: 16.858 GC heap before
{Heap before GC invocations=25 (full 0):
 garbage-first heap   total 138240K, used 101138K [0x0000000080000000, 0x0000000100000000)
  region size 1024K, 44 young (45056K), 4 survivors (4096K)
 Metaspace       used 68198K, capacity 69709K, committed 69932K, reserved 1110016K
  class space    used 8654K, capacity 9248K, committed 9344K, reserved 1048576K
}
Event: 16.870 GC heap after
{Heap after GC invocations=26 (full 0):
 garbage-first heap   total 138240K, used 63432K [0x0000000080000000, 0x0000000100000000)
  region size 1024K, 6 young (6144K), 6 survivors (6144K)
 Metaspace       used 68198K, capacity 69709K, committed 69932K, reserved 1110016K
  class space    used 8654K, capacity 9248K, committed 9344K, reserved 1048576K
}
Event: 17.999 GC heap before
{Heap before GC invocations=26 (full 0):
 garbage-first heap   total 138240K, used 104392K [0x0000000080000000, 0x0000000100000000)
  region size 1024K, 46 young (47104K), 6 survivors (6144K)
 Metaspace       used 73191K, capacity 74746K, committed 74796K, reserved 1114112K
  class space    used 9481K, capacity 10069K, committed 10112K, reserved 1048576K
}

Deoptimization events (20 events):
Event: 16.510 Thread 0x000001b421475000 Uncommon trap: trap_request=0xffffff4d fr.pc=0x000001b410a79414 relative=0x0000000000000614
Event: 16.510 Thread 0x000001b421475000 Uncommon trap: reason=unstable_if action=reinterpret pc=0x000001b410a79414 method=groovy.lang.MetaClassImpl.filterPropertyMethod(Ljava/lang/Object;ZZ)Ljava/lang/Object; @ 60 c2
Event: 16.510 Thread 0x000001b421475000 DEOPT PACKING pc=0x000001b410a79414 sp=0x0000006e373f8030
Event: 16.510 Thread 0x000001b421475000 DEOPT UNPACKING pc=0x000001b408c2a1af sp=0x0000006e373f7fa8 mode 2
Event: 16.671 Thread 0x000001b421475000 Uncommon trap: trap_request=0xffffff4d fr.pc=0x000001b41088a240 relative=0x0000000000005d40
Event: 16.671 Thread 0x000001b421475000 Uncommon trap: reason=unstable_if action=reinterpret pc=0x000001b41088a240 method=org.codehaus.groovy.runtime.metaclass.MetaMethodIndex.isOverridden(Lgroovy/lang/MetaMethod;Lgroovy/lang/MetaMethod;)Z @ 33 c2
Event: 16.671 Thread 0x000001b421475000 DEOPT PACKING pc=0x000001b41088a240 sp=0x0000006e373f48e0
Event: 16.671 Thread 0x000001b421475000 DEOPT UNPACKING pc=0x000001b408c2a1af sp=0x0000006e373f48f8 mode 2
Event: 16.774 Thread 0x000001b421475000 Uncommon trap: trap_request=0xffffffdc fr.pc=0x000001b410a873d0 relative=0x0000000000000290
Event: 16.774 Thread 0x000001b421475000 Uncommon trap: reason=class_check action=make_not_entrant pc=0x000001b410a873d0 method=java.util.ArrayList.toArray([Ljava/lang/Object;)[Ljava/lang/Object; @ 21 c2
Event: 16.774 Thread 0x000001b421475000 DEOPT PACKING pc=0x000001b410a873d0 sp=0x0000006e373f7fe0
Event: 16.774 Thread 0x000001b421475000 DEOPT UNPACKING pc=0x000001b408c2a1af sp=0x0000006e373f7fa0 mode 2
Event: 16.808 Thread 0x000001b421475000 Uncommon trap: trap_request=0xfffffff4 fr.pc=0x000001b410a50f84 relative=0x0000000000000324
Event: 16.808 Thread 0x000001b421475000 Uncommon trap: reason=null_check action=make_not_entrant pc=0x000001b410a50f84 method=java.lang.ThreadLocal$ThreadLocalMap.getEntryAfterMiss(Ljava/lang/ThreadLocal;ILjava/lang/ThreadLocal$ThreadLocalMap$Entry;)Ljava/lang/ThreadLocal$ThreadLocalMap$Entry; 
Event: 16.808 Thread 0x000001b421475000 DEOPT PACKING pc=0x000001b410a50f84 sp=0x0000006e373f7690
Event: 16.808 Thread 0x000001b421475000 DEOPT UNPACKING pc=0x000001b408c2a1af sp=0x0000006e373f7540 mode 2
Event: 17.977 Thread 0x000001b421475000 Uncommon trap: trap_request=0xffffffde fr.pc=0x000001b4109ccb3c relative=0x0000000000000e9c
Event: 17.977 Thread 0x000001b421475000 Uncommon trap: reason=class_check action=maybe_recompile pc=0x000001b4109ccb3c method=org.gradle.internal.instantiation.generator.AbstractClassGenerator$InjectionAnnotationValidator.validateMethod(Ljava/lang/reflect/Method;Lorg/gradle/internal/reflect/Pro
Event: 17.977 Thread 0x000001b421475000 DEOPT PACKING pc=0x000001b4109ccb3c sp=0x0000006e373f8b00
Event: 17.977 Thread 0x000001b421475000 DEOPT UNPACKING pc=0x000001b408c2a1af sp=0x0000006e373f8ab8 mode 2

Classes redefined (0 events):
No events

Internal exceptions (20 events):
Event: 16.766 Thread 0x000001b421475000 Exception <a 'java/lang/ClassNotFoundException'{0x0000000086a777a0}: org/jetbrains/kotlin/gradle/dsl/KotlinJvmOptionsBaseBeanInfo> (0x0000000086a777a0) thrown at [./src/hotspot/share/classfile/systemDictionary.cpp, line 231]
Event: 16.767 Thread 0x000001b421475000 Exception <a 'java/lang/ClassNotFoundException'{0x0000000086a923f0}: org/jetbrains/kotlin/gradle/dsl/KotlinJvmOptionsBaseCustomizer> (0x0000000086a923f0) thrown at [./src/hotspot/share/classfile/systemDictionary.cpp, line 231]
Event: 16.769 Thread 0x000001b421475000 Exception <a 'java/lang/ClassNotFoundException'{0x0000000086ac4e10}: org/jetbrains/kotlin/gradle/dsl/KotlinJvmOptionsImplCustomizer> (0x0000000086ac4e10) thrown at [./src/hotspot/share/classfile/systemDictionary.cpp, line 231]
Event: 16.781 Thread 0x000001b421475000 Exception <a 'java/lang/ClassNotFoundException'{0x000000008694c400}: com/android/build/gradle/internal/dsl/ApplicationBuildFeaturesImpl_DecoratedBeanInfo> (0x000000008694c400) thrown at [./src/hotspot/share/classfile/systemDictionary.cpp, line 231]
Event: 16.781 Thread 0x000001b421475000 Exception <a 'java/lang/ClassNotFoundException'{0x00000000869698b8}: com/android/build/gradle/internal/dsl/ApplicationBuildFeaturesImplBeanInfo> (0x00000000869698b8) thrown at [./src/hotspot/share/classfile/systemDictionary.cpp, line 231]
Event: 16.783 Thread 0x000001b421475000 Exception <a 'java/lang/ClassNotFoundException'{0x00000000869860e0}: com/android/build/gradle/internal/dsl/BuildFeaturesImplBeanInfo> (0x00000000869860e0) thrown at [./src/hotspot/share/classfile/systemDictionary.cpp, line 231]
Event: 16.783 Thread 0x000001b421475000 Exception <a 'java/lang/ClassNotFoundException'{0x00000000869a19d8}: com/android/build/gradle/internal/dsl/BuildFeaturesImplCustomizer> (0x00000000869a19d8) thrown at [./src/hotspot/share/classfile/systemDictionary.cpp, line 231]
Event: 16.785 Thread 0x000001b421475000 Exception <a 'java/lang/ClassNotFoundException'{0x00000000869ca3f8}: com/android/build/gradle/internal/dsl/ApplicationBuildFeaturesImplCustomizer> (0x00000000869ca3f8) thrown at [./src/hotspot/share/classfile/systemDictionary.cpp, line 231]
Event: 16.787 Thread 0x000001b421475000 Exception <a 'java/lang/ClassNotFoundException'{0x00000000869eeff0}: com/android/build/gradle/internal/dsl/ApplicationBuildFeaturesImpl_DecoratedCustomizer> (0x00000000869eeff0) thrown at [./src/hotspot/share/classfile/systemDictionary.cpp, line 231]
Event: 16.798 Thread 0x000001b421475000 Exception <a 'java/lang/ClassNotFoundException'{0x00000000868bf220}: org/gradle/api/internal/artifacts/dsl/dependencies/DefaultDependencyHandler_DecoratedBeanInfo> (0x00000000868bf220) thrown at [./src/hotspot/share/classfile/systemDictionary.cpp, line 231]
Event: 16.800 Thread 0x000001b421475000 Exception <a 'java/lang/ClassNotFoundException'{0x0000000086706888}: org/gradle/api/internal/artifacts/dsl/dependencies/DefaultDependencyHandlerBeanInfo> (0x0000000086706888) thrown at [./src/hotspot/share/classfile/systemDictionary.cpp, line 231]
Event: 16.802 Thread 0x000001b421475000 Exception <a 'java/lang/ClassNotFoundException'{0x000000008674d428}: org/gradle/api/internal/artifacts/dsl/dependencies/DefaultDependencyHandlerCustomizer> (0x000000008674d428) thrown at [./src/hotspot/share/classfile/systemDictionary.cpp, line 231]
Event: 16.806 Thread 0x000001b421475000 Exception <a 'java/lang/ClassNotFoundException'{0x00000000867bb6f8}: org/gradle/api/internal/artifacts/dsl/dependencies/DefaultDependencyHandler_DecoratedCustomizer> (0x00000000867bb6f8) thrown at [./src/hotspot/share/classfile/systemDictionary.cpp, line 231]
Event: 16.808 Thread 0x000001b421475000 Implicit null exception at 0x000001b410a50d44 to 0x000001b410a50f6c
Event: 16.821 Thread 0x000001b421475000 Exception <a 'java/lang/ClassNotFoundException'{0x00000000866a9880}: groovy/lang/GString$1BeanInfo> (0x00000000866a9880) thrown at [./src/hotspot/share/classfile/systemDictionary.cpp, line 231]
Event: 16.823 Thread 0x000001b421475000 Exception <a 'java/lang/ClassNotFoundException'{0x00000000866e2908}: groovy/lang/GStringBeanInfo> (0x00000000866e2908) thrown at [./src/hotspot/share/classfile/systemDictionary.cpp, line 231]
Event: 16.825 Thread 0x000001b421475000 Exception <a 'java/lang/ClassNotFoundException'{0x000000008651bfc8}: groovy/lang/GStringCustomizer> (0x000000008651bfc8) thrown at [./src/hotspot/share/classfile/systemDictionary.cpp, line 231]
Event: 16.828 Thread 0x000001b421475000 Exception <a 'java/lang/ClassNotFoundException'{0x000000008655f140}: groovy/lang/GString$1Customizer> (0x000000008655f140) thrown at [./src/hotspot/share/classfile/systemDictionary.cpp, line 231]
Event: 16.844 Thread 0x000001b421475000 Exception <a 'java/lang/ClassNotFoundException'{0x0000000086113620}: org/codehaus/groovy/runtime/GStringImplBeanInfo> (0x0000000086113620) thrown at [./src/hotspot/share/classfile/systemDictionary.cpp, line 231]
Event: 16.853 Thread 0x000001b421475000 Exception <a 'java/lang/ClassNotFoundException'{0x0000000085bcb840}: org/codehaus/groovy/runtime/GStringImplCustomizer> (0x0000000085bcb840) thrown at [./src/hotspot/share/classfile/systemDictionary.cpp, line 231]

Events (20 events):
Event: 17.988 loading class com/android/build/gradle/internal/utils/DesugarLibConfigExtractor done
Event: 17.989 loading class com/android/build/gradle/internal/utils/DesugarLibUtils$registerDesugarLibConfigTransform$1
Event: 17.989 loading class com/android/build/gradle/internal/utils/DesugarLibUtils$registerDesugarLibConfigTransform$1 done
Event: 17.990 loading class org/gradle/api/artifacts/transform/TransformParameters$None
Event: 17.990 loading class org/gradle/api/artifacts/transform/TransformParameters$None done
Event: 17.993 loading class com/android/build/gradle/internal/utils/DesugarConfigJson
Event: 17.993 loading class com/android/build/gradle/internal/utils/DesugarConfigJson done
Event: 17.994 loading class org/gradle/api/provider/ValueSource
Event: 17.994 loading class org/gradle/api/provider/ValueSource done
Event: 17.994 loading class com/android/build/gradle/internal/utils/DesugarLibUtils$getDesugarLibConfig$1
Event: 17.994 loading class com/android/build/gradle/internal/utils/DesugarLibUtils$getDesugarLibConfig$1 done
Event: 17.995 loading class com/android/build/gradle/internal/utils/DesugarConfigJson$Parameters
Event: 17.995 loading class com/android/build/gradle/internal/utils/DesugarConfigJson$Parameters done
Event: 17.995 loading class org/gradle/api/provider/ValueSourceParameters
Event: 17.995 loading class org/gradle/api/provider/ValueSourceParameters done
Event: 17.998 loading class org/gradle/api/provider/ValueSourceSpec
Event: 17.998 loading class org/gradle/api/provider/ValueSourceSpec done
Event: 17.998 loading class com/android/build/gradle/internal/utils/DesugarLibUtils$getDesugarLibConfigFromTransform$1
Event: 17.998 loading class com/android/build/gradle/internal/utils/DesugarLibUtils$getDesugarLibConfigFromTransform$1 done
Event: 17.998 Executing VM operation: G1CollectForAllocation


Dynamic libraries:
0x00007ff62e560000 - 0x00007ff62e56a000 	C:\Program Files\Android\Android Studio\jre\bin\java.exe
0x00007ffa39db0000 - 0x00007ffa39f9e000 	C:\Windows\SYSTEM32\ntdll.dll
0x00007ffa39270000 - 0x00007ffa39323000 	C:\Windows\System32\KERNEL32.DLL
0x00007ffa36770000 - 0x00007ffa36a0d000 	C:\Windows\System32\KERNELBASE.dll
0x00007ffa35e50000 - 0x00007ffa35f4a000 	C:\Windows\System32\ucrtbase.dll
0x00007ffa28580000 - 0x00007ffa28597000 	C:\Program Files\Android\Android Studio\jre\bin\VCRUNTIME140.dll
0x00007ffa1dc30000 - 0x00007ffa1dc49000 	C:\Program Files\Android\Android Studio\jre\bin\jli.dll
0x00007ffa37140000 - 0x00007ffa372d8000 	C:\Windows\System32\USER32.dll
0x00007ffa28300000 - 0x00007ffa28579000 	C:\Windows\WinSxS\amd64_microsoft.windows.common-controls_6595b64144ccf1df_6.0.17763.4010_none_de6ee876534d4e3f\COMCTL32.dll
0x00007ffa36d30000 - 0x00007ffa36d50000 	C:\Windows\System32\win32u.dll
0x00007ffa37af0000 - 0x00007ffa37b8e000 	C:\Windows\System32\msvcrt.dll
0x00007ffa36fe0000 - 0x00007ffa37009000 	C:\Windows\System32\GDI32.dll
0x00007ffa36a10000 - 0x00007ffa36bb0000 	C:\Windows\System32\gdi32full.dll
0x00007ffa366d0000 - 0x00007ffa36770000 	C:\Windows\System32\msvcp_win.dll
0x00007ffa372e0000 - 0x00007ffa3760c000 	C:\Windows\System32\combase.dll
0x00007ffa37020000 - 0x00007ffa3713d000 	C:\Windows\System32\RPCRT4.dll
0x00007ffa36f50000 - 0x00007ffa36fd2000 	C:\Windows\System32\bcryptPrimitives.dll
0x00007ffa37690000 - 0x00007ffa376be000 	C:\Windows\System32\IMM32.DLL
0x00007ffa35ba0000 - 0x00007ffa35bd6000 	C:\Windows\system32\DriverStore\FileRepository\nvam.inf_amd64_20c0bba34ffd86ca\nvinitx.dll
0x00007ffa37990000 - 0x00007ffa37a37000 	C:\Windows\System32\ADVAPI32.dll
0x00007ffa35b90000 - 0x00007ffa35b9a000 	C:\Windows\SYSTEM32\VERSION.dll
0x00007ffa394c0000 - 0x00007ffa3955f000 	C:\Windows\System32\sechost.dll
0x00007ffa37d10000 - 0x00007ffa39208000 	C:\Windows\System32\Shell32.dll
0x00007ffa36c10000 - 0x00007ffa36c5a000 	C:\Windows\System32\cfgmgr32.dll
0x00007ffa37a40000 - 0x00007ffa37ae7000 	C:\Windows\System32\shcore.dll
0x00007ffa35f80000 - 0x00007ffa366c9000 	C:\Windows\System32\windows.storage.dll
0x00007ffa35dc0000 - 0x00007ffa35de3000 	C:\Windows\System32\profapi.dll
0x00007ffa35df0000 - 0x00007ffa35e4d000 	C:\Windows\System32\powrprof.dll
0x00007ffa395e0000 - 0x00007ffa39632000 	C:\Windows\System32\shlwapi.dll
0x00007ffa35da0000 - 0x00007ffa35db1000 	C:\Windows\System32\kernel.appcore.dll
0x00007ffa36c60000 - 0x00007ffa36c7b000 	C:\Windows\System32\cryptsp.dll
0x000000005dd70000 - 0x000000005dd76000 	C:\Program Files\NVIDIA Corporation\CoProcManager\_etoured.dll
0x00007ffa2a7a0000 - 0x00007ffa2a7e3000 	C:\Program Files\NVIDIA Corporation\CoProcManager\nvd3d9wrapx.dll
0x00007ffa398a0000 - 0x00007ffa39d16000 	C:\Windows\System32\SETUPAPI.dll
0x00007ffa35f50000 - 0x00007ffa35f76000 	C:\Windows\System32\bcrypt.dll
0x00007ffa2b560000 - 0x00007ffa2b58d000 	C:\Program Files\NVIDIA Corporation\CoProcManager\nvdxgiwrapx.dll
0x00007ffa0caa0000 - 0x00007ffa0cb3d000 	C:\Program Files\Android\Android Studio\jre\bin\msvcp140.dll
0x00007ffa11520000 - 0x00007ffa12005000 	C:\Program Files\Android\Android Studio\jre\bin\server\jvm.dll
0x00007ffa39560000 - 0x00007ffa39568000 	C:\Windows\System32\PSAPI.DLL
0x00007ffa32b00000 - 0x00007ffa32b09000 	C:\Windows\SYSTEM32\WSOCK32.dll
0x00007ffa32a60000 - 0x00007ffa32a84000 	C:\Windows\SYSTEM32\WINMM.dll
0x00007ffa39570000 - 0x00007ffa395dd000 	C:\Windows\System32\ws2_32.DLL
0x00007ffa32a30000 - 0x00007ffa32a5d000 	C:\Windows\SYSTEM32\winmmbase.dll
0x00007ffa31800000 - 0x00007ffa31811000 	C:\Program Files\Android\Android Studio\jre\bin\verify.dll
0x00007ffa240d0000 - 0x00007ffa242bd000 	C:\Windows\SYSTEM32\DBGHELP.DLL
0x00007ffa240a0000 - 0x00007ffa240ca000 	C:\Windows\SYSTEM32\dbgcore.DLL
0x00007ffa2f070000 - 0x00007ffa2f099000 	C:\Program Files\Android\Android Studio\jre\bin\java.dll
0x00007ffa32680000 - 0x00007ffa3268b000 	C:\Program Files\Android\Android Studio\jre\bin\jimage.dll
0x00007ffa312e0000 - 0x00007ffa312f8000 	C:\Program Files\Android\Android Studio\jre\bin\zip.dll
0x00007ffa30940000 - 0x00007ffa3095a000 	C:\Program Files\Android\Android Studio\jre\bin\net.dll
0x00007ffa29800000 - 0x00007ffa298ff000 	C:\Windows\SYSTEM32\WINHTTP.dll
0x00007ffa35520000 - 0x00007ffa35587000 	C:\Windows\system32\mswsock.dll
0x00007ffa2f050000 - 0x00007ffa2f064000 	C:\Program Files\Android\Android Studio\jre\bin\nio.dll
0x00007ffa04dd0000 - 0x00007ffa04df7000 	C:\Users\User\.gradle\native\e1d6ef7f7dcc3fd88c89a11ec53ec762bb8ba0a96d01ffa2cd45eb1d1d8dd5c5\windows-amd64\native-platform.dll
0x00007ffa0c750000 - 0x00007ffa0c894000 	C:\Users\User\.gradle\native\5664cfc778a61ccfe75a443a1ab52a65af34e5dc3c78e0209fed803814484fcb\windows-amd64\native-platform-file-events.dll
0x00007ffa325b0000 - 0x00007ffa325ba000 	C:\Program Files\Android\Android Studio\jre\bin\management.dll
0x00007ffa32580000 - 0x00007ffa3258d000 	C:\Program Files\Android\Android Studio\jre\bin\management_ext.dll
0x00007ffa350a0000 - 0x00007ffa350d3000 	C:\Windows\system32\rsaenh.dll
0x00007ffa35c80000 - 0x00007ffa35ca9000 	C:\Windows\SYSTEM32\USERENV.dll
0x00007ffa356f0000 - 0x00007ffa356fc000 	C:\Windows\SYSTEM32\CRYPTBASE.dll
0x00007ffa35230000 - 0x00007ffa3526d000 	C:\Windows\SYSTEM32\IPHLPAPI.DLL
0x00007ffa37830000 - 0x00007ffa37838000 	C:\Windows\System32\NSI.dll
0x00007ffa2cac0000 - 0x00007ffa2cad6000 	C:\Windows\SYSTEM32\dhcpcsvc6.DLL
0x00007ffa2ce60000 - 0x00007ffa2ce7c000 	C:\Windows\SYSTEM32\dhcpcsvc.DLL
0x00007ffa35270000 - 0x00007ffa35336000 	C:\Windows\SYSTEM32\DNSAPI.dll

dbghelp: loaded successfully - version: 4.0.5 - missing functions: none
symbol engine: initialized successfully - sym options: 0x614 - pdb path: .;C:\Program Files\Android\Android Studio\jre\bin;C:\Windows\SYSTEM32;C:\Windows\WinSxS\amd64_microsoft.windows.common-controls_6595b64144ccf1df_6.0.17763.4010_none_de6ee876534d4e3f;C:\Windows\system32\DriverStore\FileRepository\nvam.inf_amd64_20c0bba34ffd86ca;C:\Program Files\NVIDIA Corporation\CoProcManager;C:\Program Files\Android\Android Studio\jre\bin\server;C:\Users\User\.gradle\native\e1d6ef7f7dcc3fd88c89a11ec53ec762bb8ba0a96d01ffa2cd45eb1d1d8dd5c5\windows-amd64;C:\Users\User\.gradle\native\5664cfc778a61ccfe75a443a1ab52a65af34e5dc3c78e0209fed803814484fcb\windows-amd64

VM Arguments:
jvm_args: --add-opens=java.base/java.util=ALL-UNNAMED --add-opens=java.base/java.lang=ALL-UNNAMED --add-opens=java.base/java.lang.invoke=ALL-UNNAMED --add-opens=java.base/java.util=ALL-UNNAMED --add-opens=java.prefs/java.util.prefs=ALL-UNNAMED --add-opens=java.prefs/java.util.prefs=ALL-UNNAMED --add-opens=java.base/java.nio.charset=ALL-UNNAMED --add-opens=java.base/java.net=ALL-UNNAMED --add-opens=java.base/java.util.concurrent.atomic=ALL-UNNAMED -Xmx2048m -Dfile.encoding=UTF-8 -Duser.country=RU -Duser.language=ru -Duser.variant 
java_command: org.gradle.launcher.daemon.bootstrap.GradleDaemon 7.3.3
java_class_path (initial): C:\Users\User\.gradle\wrapper\dists\gradle-7.3.3-bin\6a41zxkdtcxs8rphpq6y0069z\gradle-7.3.3\lib\gradle-launcher-7.3.3.jar
Launcher Type: SUN_STANDARD

[Global flags]
     intx CICompilerCount                          = 3                                         {product} {ergonomic}
     uint ConcGCThreads                            = 1                                         {product} {ergonomic}
     uint G1ConcRefinementThreads                  = 4                                         {product} {ergonomic}
   size_t G1HeapRegionSize                         = 1048576                                   {product} {ergonomic}
    uintx GCDrainStackTargetSize                   = 64                                        {product} {ergonomic}
   size_t InitialHeapSize                          = 67108864                                  {product} {ergonomic}
   size_t MarkStackSize                            = 4194304                                   {product} {ergonomic}
   size_t MaxHeapSize                              = 2147483648                                {product} {command line}
   size_t MaxNewSize                               = 1287651328                                {product} {ergonomic}
   size_t MinHeapDeltaBytes                        = 1048576                                   {product} {ergonomic}
    uintx NonNMethodCodeHeapSize                   = 5830732                                {pd product} {ergonomic}
    uintx NonProfiledCodeHeapSize                  = 122913754                              {pd product} {ergonomic}
    uintx ProfiledCodeHeapSize                     = 122913754                              {pd product} {ergonomic}
    uintx ReservedCodeCacheSize                    = 251658240                              {pd product} {ergonomic}
     bool SegmentedCodeCache                       = true                                      {product} {ergonomic}
     bool UseCompressedClassPointers               = true                                 {lp64_product} {ergonomic}
     bool UseCompressedOops                        = true                                 {lp64_product} {ergonomic}
     bool UseG1GC                                  = true                                      {product} {ergonomic}
     bool UseLargePagesIndividualAllocation        = false                                  {pd product} {ergonomic}

Logging:
Log output configuration:
 #0: stdout all=warning uptime,level,tags
 #1: stderr all=off uptime,level,tags

Environment Variables:
PATH=C:\Program Files\Common Files\Oracle\Java\javapath;C:\Windows\system32;C:\Windows;C:\Windows\System32\Wbem;C:\Windows\System32\WindowsPowerShell\v1.0\;C:\Windows\System32\OpenSSH\;C:\Program Files\Git\cmd;C:\Users\User\AppData\Local\Microsoft\WindowsApps;C:\Users\User\AppData\Local\GitHubDesktop\bin
USERNAME=User
OS=Windows_NT
PROCESSOR_IDENTIFIER=Intel64 Family 6 Model 42 Stepping 7, GenuineIntel



---------------  S Y S T E M  ---------------

OS: Windows 10 , 64 bit Build 17763 (10.0.17763.3887)
OS uptime: 15 days 21:22 hours

CPU:total 4 (initial active 4) (2 cores per cpu, 2 threads per core) family 6 model 42 stepping 7 microcode 0x2f, cmov, cx8, fxsr, mmx, sse, sse2, sse3, ssse3, sse4.1, sse4.2, popcnt, avx, aes, clmul, ht, tsc, tscinvbit

Memory: 4k page, system-wide physical 4006M (728M free)
TotalPageFile size 7718M (AvailPageFile size 2107M)
current process WorkingSet (physical memory assigned to process): 364M, peak: 367M
current process commit charge ("private bytes"): 392M, peak: 396M

vm_info: OpenJDK 64-Bit Server VM (11.0.12+7-b1504.28-7817840) for windows-amd64 JRE (11.0.12+7-b1504.28-7817840), built on Oct 13 2021 22:12:33 by "builder" with MS VC++ 14.0 (VS2015)

END.
